[18:24:16] [main/INFO] (Launcher) ModLauncher running: args [--launchTarget, forgeclientuserdev, --version, 21.1.93, --assetIndex, 1.21.1-17, --assetsDir, C:\Users\Wobblecraft\.gradle\caches\fabric-loom\assets, --gameDir, ., --fml.neoForgeVersion, 21.1.93, --fml.fmlVersion, 4.0.34, --fml.mcVersion, 1.21.1, --fml.neoFormVersion, 20240808.144430]
[18:24:16] [main/INFO] (Launcher) JVM identified as GraalVM Community OpenJDK 64-Bit Server VM 21.0.2+13-jvmci-23.1-b30
[18:24:16] [main/INFO] (Launcher) ModLauncher 11.0.4+main.d2e20e43 starting: java version 21.0.2 by GraalVM Community; OS Windows 10 arch amd64 version 10.0
[18:24:16] [main/INFO] (ImmediateWindowHandler) Loading ImmediateWindowProvider fmlearlywindow
[18:24:16] [main/INFO] (EARLYDISPLAY) Trying GL version 4.6
[18:24:17] [main/INFO] (EARLYDISPLAY) Requested GL version 4.6 got version 4.6
[18:24:17] [main/INFO] (mixin) SpongePowered MIXIN Subsystem Version=0.8.7 Source=union:/C:/Users/Wobblecraft/.gradle/caches/modules-2/files-2.1/net.fabricmc/sponge-mixin/0.15.2+mixin.0.8.7/2af2f021d8e02a0220dc27a7a72b4666d66d44ca/sponge-mixin-0.15.2+mixin.0.8.7.jar%23124!/ Service=ModLauncher Env=CLIENT
[18:24:17] [main/INFO] (ModDiscoverer) Found mod file "neoforge-21.1.93-minecraft-merged-1.21.1-loom.mappings.1_21_1.layered+hash.40545-v2-neoforge-21.1.93.jar" [locator: neoforge devenv provider ([C:\Users\Wobblecraft\.gradle\caches\fabric-loom\minecraftMaven\net\minecraft\neoforge-21.1.93-minecraft-merged\1.21.1-loom.mappings.1_21_1.layered+hash.40545-v2-neoforge-21.1.93\neoforge-21.1.93-minecraft-merged-1.21.1-loom.mappings.1_21_1.layered+hash.40545-v2-neoforge-21.1.93.jar])]
[18:24:17] [main/INFO] (ModDiscoverer) Found mod file "neoforge-21.1.93-minecraft-merged-1.21.1-loom.mappings.1_21_1.layered+hash.40545-v2-neoforge-21.1.93.jar" [locator: neoforge devenv provider ([C:\Users\Wobblecraft\.gradle\caches\fabric-loom\minecraftMaven\net\minecraft\neoforge-21.1.93-minecraft-merged\1.21.1-loom.mappings.1_21_1.layered+hash.40545-v2-neoforge-21.1.93\neoforge-21.1.93-minecraft-merged-1.21.1-loom.mappings.1_21_1.layered+hash.40545-v2-neoforge-21.1.93.jar])]
[18:24:17] [main/INFO] (ModDiscoverer) Found mod file "main" [locator: userdev mods and services, reader: mod manifest]
[18:24:17] [main/INFO] (ModDiscoverer) Found mod file "neoforge-21.1.93-minecraft-merged-1.21.1-loom.mappings.1_21_1.layered+hash.40545-v2-neoforge-21.1.93.jar" [locator: userdev mods and services, reader: mod manifest]
[18:24:17] [main/INFO] (ModDiscoverer) Found mod file "architectury-neoforge-13.0.8.jar" [locator: userdev mods and services, reader: mod manifest]
[18:24:17] [main/INFO] (ModDiscoverer) Found mod file "sdm-engine-core-964997-5968080.jar" [locator: userdev mods and services, reader: mod manifest]
[18:24:17] [main/INFO] (ModDiscoverer) Found mod file "ftb-library-forge-404465-5893689.jar" [locator: userdev mods and services, reader: mod manifest]
[18:24:17] [main/INFO] (ModDiscoverer) Found mod file "sdm-economy-1102542-6363595.jar" [locator: userdev mods and services, reader: mod manifest]
[18:24:17] [main/INFO] (ModDiscoverer) Found mod file "sdmuilibrary-neoforge-1.21-1.9.0.jar" [locator: userdev mods and services, reader: mod manifest]
[18:24:17] [main/INFO] (ModDiscoverer) Found mod file "12792784366034584607.jar" [locator: userdev mods and services, reader: mod manifest]
[18:24:17] [pool-5-thread-1/INFO] (EARLYDISPLAY) GL info: AMD Radeon RX 7800 XT GL version 4.6.0 Core Profile Context 24.12.1.241127, ATI Technologies Inc.
[18:24:17] [main/INFO] (ModDiscoverer) Found gamelibrary file "mixinextras-neoforge-0.4.1.jar" [locator: userdev mods and services, reader: mod manifest]
[18:24:17] [main/WARN] (JarSelector) Attempted to select a dependency jar for JarJar which was passed in as source: library:mixinextras.neoforge. Using Mod File: C:\Users\Wobblecraft\.gradle\caches\modules-2\files-2.1\io.github.llamalad7\mixinextras-neoforge\0.4.1\eff97772ecd0dcf8e52cdbafd3b3ccec425f8314\mixinextras-neoforge-0.4.1.jar
[18:24:17] [main/INFO] (JarInJarDependencyLocator) Found 1 dependencies adding them to mods collection
[18:24:17] [main/INFO] (ModDiscoverer) Found library file "neoforge-coremods-21.1.93.jar" [parent: neoforge-21.1.93-minecraft-merged-1.21.1-loom.mappings.1_21_1.layered+hash.40545-v2-neoforge-21.1.93.jar, locator: jarinjar, reader: mod manifest]
[18:24:17] [main/INFO] (ModDiscoverer) 
     Mod List:
		Name Version (Mod Id)

		Architectury 13.0.8 (architectury)
		FTB Library 2101.1.6 (ftblibrary)
		generated_cf54b32 1 (generated_cf54b32)
		Minecraft 1.21.1 (minecraft)
		NeoForge 21.1.93 (neoforge)
		SDM Core 1.21.1-2.1.2 (sdmcore)
		SDMEconomy 1.21.1-2.0.0 (sdmeconomy)
		SDMShop 3.0.0 (sdmshop)
		SDMUILibrary 1.21-1.9.0 (sdm_ui_library)
[18:24:18] [main/INFO] (mixin) Compatibility level set to JAVA_21
[18:24:18] [main/INFO] (LaunchServiceHandler) Launching target 'forgeclientuserdev' with arguments [--version, 21.1.93, --gameDir, ., --assetsDir, C:\Users\Wobblecraft\.gradle\caches\fabric-loom\assets, --assetIndex, 1.21.1-17]
[18:24:18] [main/INFO] (unprotect) Found 8254 Minecraft classes
[18:24:18] [main/INFO] (MixinExtras|Service) Initializing MixinExtras via com.llamalad7.mixinextras.service.MixinExtrasServiceImpl(version=0.4.1).
[07апр.2025 18:24:20.051] [Datafixer Bootstrap/INFO] [com.mojang.datafixers.DataFixerBuilder/]: 229 Datafixer optimizations took 455 milliseconds
[07апр.2025 18:24:20.078] [main/WARN] [oshi.driver.windows.perfmon.PerfmonDisabled/]: Invalid registry value type detected for PerfOS counters. Should be REG_DWORD. Ignoring: HKEY_LOCAL_MACHINE\SYSTEM\CurrentControlSet\Services\PerfOS\Performance\Disable Performance Counters.
[07апр.2025 18:24:25.180] [main/WARN] [net.minecraft.commands.Commands/]: Ambiguity between arguments [teleport, location] and [teleport, destination] with inputs: [0.1 -0.5 .9, 0 0 0]
[07апр.2025 18:24:25.181] [main/WARN] [net.minecraft.commands.Commands/]: Ambiguity between arguments [teleport, location] and [teleport, targets] with inputs: [0.1 -0.5 .9, 0 0 0]
[07апр.2025 18:24:25.185] [main/WARN] [net.minecraft.commands.Commands/]: Ambiguity between arguments [teleport, destination] and [teleport, targets] with inputs: [Player, 0123, @e, dd12be42-52a9-4a91-a8a1-11c01849e498]
[07апр.2025 18:24:25.186] [main/WARN] [net.minecraft.commands.Commands/]: Ambiguity between arguments [teleport, targets] and [teleport, destination] with inputs: [Player, 0123, dd12be42-52a9-4a91-a8a1-11c01849e498]
[07апр.2025 18:24:25.187] [main/WARN] [net.minecraft.commands.Commands/]: Ambiguity between arguments [teleport, targets, location] and [teleport, targets, destination] with inputs: [0.1 -0.5 .9, 0 0 0]
[07апр.2025 18:24:25.318] [Render thread/WARN] [net.minecraft.server.packs.VanillaPackResourcesBuilder/]: Assets URL 'union:/C:/Users/Wobblecraft/.gradle/caches/fabric-loom/minecraftMaven/net/minecraft/neoforge-21.1.93-minecraft-merged/1.21.1-loom.mappings.1_21_1.layered+hash.40545-v2-neoforge-21.1.93/neoforge-21.1.93-minecraft-merged-1.21.1-loom.mappings.1_21_1.layered+hash.40545-v2-neoforge-21.1.93.jar%23201!/assets/.mcassetsroot' uses unexpected schema
[07апр.2025 18:24:25.318] [Render thread/WARN] [net.minecraft.server.packs.VanillaPackResourcesBuilder/]: Assets URL 'union:/C:/Users/Wobblecraft/.gradle/caches/fabric-loom/minecraftMaven/net/minecraft/neoforge-21.1.93-minecraft-merged/1.21.1-loom.mappings.1_21_1.layered+hash.40545-v2-neoforge-21.1.93/neoforge-21.1.93-minecraft-merged-1.21.1-loom.mappings.1_21_1.layered+hash.40545-v2-neoforge-21.1.93.jar%23201!/data/.mcassetsroot' uses unexpected schema
[07апр.2025 18:24:25.340] [Render thread/INFO] [com.mojang.authlib.yggdrasil.YggdrasilAuthenticationService/]: Environment: Environment[sessionHost=https://sessionserver.mojang.com, servicesHost=https://api.minecraftservices.com, name=PROD]
[07апр.2025 18:24:25.349] [Render thread/INFO] [net.minecraft.client.Minecraft/]: Setting user: Dev
[07апр.2025 18:24:25.430] [Render thread/INFO] [net.minecraft.client.Minecraft/]: Backend library: LWJGL version 3.3.4+7
[07апр.2025 18:24:25.635] [modloading-worker-0/INFO] [net.neoforged.neoforge.common.NeoForgeMod/NEOFORGE-MOD]: NeoForge mod loading, version 21.1.93, for MC 1.21.1
[07апр.2025 18:24:26.612] [Render thread/INFO] [net.neoforged.neoforge.gametest.GameTestHooks/]: Enabled Gametest Namespaces: []
[07апр.2025 18:24:26.810] [Render thread/INFO] [net.minecraft.server.packs.resources.ReloadableResourceManager/]: Reloading ResourceManager: vanilla, mod_resources, mod/generated_cf54b32, mod/architectury, mod/sdmcore, mod/sdmshop, mod/ftblibrary, mod/sdm_ui_library, mod/sdmeconomy, mod/neoforge
[07апр.2025 18:24:26.881] [Render thread/INFO] [net.sixik.sdmuilibrary.SDMUILibrary/]: Start Initialization ImGuiHandler...
[07апр.2025 18:24:26.933] [Worker-Main-4/INFO] [net.minecraft.client.gui.font.providers.UnihexProvider/]: Found unifont_all_no_pua-15.1.05.hex, loading
[07апр.2025 18:24:27.127] [Worker-Main-5/INFO] [net.minecraft.client.gui.font.providers.UnihexProvider/]: Found unifont_jp_patch-15.1.05.hex, loading
[07апр.2025 18:24:27.156] [Worker-Main-6/WARN] [net.minecraft.client.renderer.texture.SpriteLoader/]: Texture ftblibrary:icons/dropdown_out with size 15x15 limits mip level from 4 to 0
[07апр.2025 18:24:27.207] [Render thread/INFO] [net.sixik.sdmuilibrary.SDMUILibrary/]: ImGui context created!
[07апр.2025 18:24:27.230] [Render thread/INFO] [net.sixik.sdmuilibrary.SDMUILibrary/]: ImGui Fonts initialized!
[07апр.2025 18:24:27.230] [Render thread/INFO] [net.sixik.sdmuilibrary.SDMUILibrary/]: Main initialization complete!
[07апр.2025 18:24:27.230] [Render thread/INFO] [net.sixik.sdmuilibrary.SDMUILibrary/]: Initialization ImGui Glfw!
[07апр.2025 18:24:27.234] [Render thread/INFO] [net.sixik.sdmuilibrary.SDMUILibrary/]: Create ImNodes Context!
[07апр.2025 18:24:27.236] [Render thread/INFO] [net.sixik.sdmuilibrary.SDMUILibrary/]: Initializing ImGui Complete! WindowHandler: 2163295320864
[07апр.2025 18:24:27.305] [Render thread/INFO] [net.sixik.sdmuilibrary.SDMUILibrary/]: ImGui successfully loaded!
[07апр.2025 18:24:28.518] [Render thread/WARN] [net.minecraft.client.sounds.SoundEngine/]: Missing sound for event: minecraft:item.goat_horn.play
[07апр.2025 18:24:28.519] [Render thread/WARN] [net.minecraft.client.sounds.SoundEngine/]: Missing sound for event: minecraft:entity.goat.screaming.horn_break
[07апр.2025 18:24:28.554] [Render thread/INFO] [com.mojang.blaze3d.audio.Library/]: OpenAL initialized on device OpenAL Soft on Динамики (2- fifine Headset)
[07апр.2025 18:24:28.555] [Render thread/INFO] [net.minecraft.client.sounds.SoundEngine/SOUNDS]: Sound engine started
[07апр.2025 18:24:28.657] [Render thread/INFO] [net.minecraft.client.renderer.texture.TextureAtlas/]: Created: 1024x512x4 minecraft:textures/atlas/blocks.png-atlas
[07апр.2025 18:24:28.665] [Render thread/INFO] [net.minecraft.client.renderer.texture.TextureAtlas/]: Created: 256x256x4 minecraft:textures/atlas/signs.png-atlas
[07апр.2025 18:24:28.666] [Render thread/INFO] [net.minecraft.client.renderer.texture.TextureAtlas/]: Created: 512x512x4 minecraft:textures/atlas/shield_patterns.png-atlas
[07апр.2025 18:24:28.666] [Render thread/INFO] [net.minecraft.client.renderer.texture.TextureAtlas/]: Created: 512x512x4 minecraft:textures/atlas/banner_patterns.png-atlas
[07апр.2025 18:24:28.667] [Render thread/INFO] [net.minecraft.client.renderer.texture.TextureAtlas/]: Created: 1024x1024x4 minecraft:textures/atlas/armor_trims.png-atlas
[07апр.2025 18:24:28.672] [Render thread/INFO] [net.minecraft.client.renderer.texture.TextureAtlas/]: Created: 128x64x4 minecraft:textures/atlas/decorated_pot.png-atlas
[07апр.2025 18:24:28.672] [Render thread/INFO] [net.minecraft.client.renderer.texture.TextureAtlas/]: Created: 256x256x4 minecraft:textures/atlas/chest.png-atlas
[07апр.2025 18:24:28.673] [Render thread/INFO] [net.minecraft.client.renderer.texture.TextureAtlas/]: Created: 512x256x4 minecraft:textures/atlas/beds.png-atlas
[07апр.2025 18:24:28.673] [Render thread/INFO] [net.minecraft.client.renderer.texture.TextureAtlas/]: Created: 512x256x4 minecraft:textures/atlas/shulker_boxes.png-atlas
[07апр.2025 18:24:28.860] [Render thread/INFO] [net.minecraft.client.renderer.texture.TextureAtlas/]: Created: 512x256x0 minecraft:textures/atlas/particles.png-atlas
[07апр.2025 18:24:28.861] [Render thread/INFO] [net.minecraft.client.renderer.texture.TextureAtlas/]: Created: 512x256x0 minecraft:textures/atlas/paintings.png-atlas
[07апр.2025 18:24:28.861] [Render thread/INFO] [net.minecraft.client.renderer.texture.TextureAtlas/]: Created: 256x128x0 minecraft:textures/atlas/mob_effects.png-atlas
[07апр.2025 18:24:28.862] [Render thread/INFO] [net.minecraft.client.renderer.texture.TextureAtlas/]: Created: 64x64x0 minecraft:textures/atlas/map_decorations.png-atlas
[07апр.2025 18:24:28.862] [Render thread/INFO] [net.minecraft.client.renderer.texture.TextureAtlas/]: Created: 1024x512x0 minecraft:textures/atlas/gui.png-atlas
[07апр.2025 18:24:28.896] [Render thread/WARN] [net.minecraft.client.renderer.ShaderInstance/]: Shader rendertype_entity_translucent_emissive could not find sampler named Sampler2 in the specified shader program.
[07апр.2025 18:24:28.977] [Render thread/INFO] [net.neoforged.neoforge.client.entity.animation.json.AnimationLoader/]: Loaded 0 entity animations
[07апр.2025 18:24:33.639] [Render thread/INFO] [net.minecraft.world.item.crafting.RecipeManager/]: Loaded 1290 recipes
[07апр.2025 18:24:33.819] [Render thread/INFO] [net.minecraft.advancements.AdvancementTree/]: Loaded 1399 advancements
[07апр.2025 18:24:34.183] [Server thread/INFO] [net.minecraft.client.server.IntegratedServer/]: Starting integrated minecraft server version 1.21.1
[07апр.2025 18:24:34.183] [Server thread/INFO] [net.minecraft.server.MinecraftServer/]: Generating keypair
[07апр.2025 18:24:34.405] [Server thread/INFO] [net.minecraft.server.MinecraftServer/]: Preparing start region for dimension minecraft:overworld
[07апр.2025 18:24:34.588] [progressListener/INFO] [net.minecraft.server.level.progress.LoggerChunkProgressListener/]: Preparing spawn area: 0%
[07апр.2025 18:24:34.655] [Server thread/INFO] [net.neoforged.neoforge.server.permission.PermissionAPI/]: Successfully initialized permission handler neoforge:default_handler
[07апр.2025 18:24:34.663] [progressListener/INFO] [net.minecraft.server.level.progress.LoggerChunkProgressListener/]: Time elapsed: 256 ms
[07апр.2025 18:24:34.809] [Server thread/INFO] [net.minecraft.client.server.IntegratedServer/]: Changing view distance to 12, from 10
[07апр.2025 18:24:34.810] [Server thread/INFO] [net.minecraft.client.server.IntegratedServer/]: Changing simulation distance to 12, from 0
[07апр.2025 18:24:35.504] [Server thread/INFO] [net.minecraft.server.players.PlayerList/]: Dev[local:E:5f2a4b69] logged in with entity id 5 at (-78.43246435402268, -56.447057067392905, 10.432587720053892)
[07апр.2025 18:24:35.547] [Server thread/INFO] [net.minecraft.server.MinecraftServer/]: Dev joined the game
[07апр.2025 18:24:35.747] [Render thread/INFO] [net.minecraft.advancements.AdvancementTree/]: Loaded 10 advancements
[07апр.2025 18:24:49.845] [Server thread/INFO] [net.minecraft.client.server.IntegratedServer/]: Saving and pausing game...
[07апр.2025 18:24:49.874] [Server thread/INFO] [net.minecraft.server.MinecraftServer/]: Saving chunks for level 'ServerLevel[New World]'/minecraft:overworld
[07апр.2025 18:24:49.932] [Server thread/INFO] [net.minecraft.server.MinecraftServer/]: Saving chunks for level 'ServerLevel[New World]'/minecraft:the_end
[07апр.2025 18:24:50.025] [Server thread/INFO] [net.minecraft.server.MinecraftServer/]: Saving chunks for level 'ServerLevel[New World]'/minecraft:the_nether
[07апр.2025 18:24:50.997] [Server thread/INFO] [net.minecraft.server.network.ServerGamePacketListenerImpl/]: Dev lost connection: Disconnected
[07апр.2025 18:24:50.997] [Server thread/INFO] [net.minecraft.server.MinecraftServer/]: Dev left the game
[07апр.2025 18:24:51.372] [Server thread/INFO] [net.minecraft.server.network.ServerCommonPacketListenerImpl/]: Stopping singleplayer server as player logged out
[07апр.2025 18:24:51.406] [Server thread/INFO] [net.minecraft.server.MinecraftServer/]: Stopping server
[07апр.2025 18:24:51.406] [Server thread/INFO] [net.minecraft.server.MinecraftServer/]: Saving players
[07апр.2025 18:24:51.406] [Server thread/INFO] [net.minecraft.server.MinecraftServer/]: Saving worlds
[07апр.2025 18:24:51.499] [Server thread/INFO] [net.minecraft.server.MinecraftServer/]: Saving chunks for level 'ServerLevel[New World]'/minecraft:overworld
[07апр.2025 18:24:51.657] [Server thread/INFO] [net.minecraft.server.MinecraftServer/]: Saving chunks for level 'ServerLevel[New World]'/minecraft:the_end
[07апр.2025 18:24:51.675] [Server thread/INFO] [net.minecraft.server.MinecraftServer/]: Saving chunks for level 'ServerLevel[New World]'/minecraft:the_nether
[07апр.2025 18:24:51.710] [Server thread/INFO] [net.minecraft.server.MinecraftServer/]: ThreadedAnvilChunkStorage (New World): All chunks are saved
[07апр.2025 18:24:51.710] [Server thread/INFO] [net.minecraft.server.MinecraftServer/]: ThreadedAnvilChunkStorage (DIM1): All chunks are saved
[07апр.2025 18:24:51.710] [Server thread/INFO] [net.minecraft.server.MinecraftServer/]: ThreadedAnvilChunkStorage (DIM-1): All chunks are saved
[07апр.2025 18:24:51.710] [Server thread/INFO] [net.minecraft.server.MinecraftServer/]: ThreadedAnvilChunkStorage: All dimensions are saved
[07апр.2025 18:24:52.831] [Render thread/INFO] [net.minecraft.client.Minecraft/]: Stopping!
