[Architectury Transformer] Architectury Runtime 5.2.87
[Architectury Transformer DEBUG] Closed File Systems for D:\SDMShopA\common\build\devlibs\sdmshopa-common-3.0.0-dev.jar
[Architectury Transformer DEBUG] Preparing tiny remapper prepared transformer: dev.architectury.transformer.handler.TinyRemapperPreparedTransformerHandler
[Architectury Transformer DEBUG] Provided 102 classpath jar(s):
[Architectury Transformer DEBUG]  - C:\Users\Wobblecraft\.gradle\caches\fabric-loom\1.21.1\neoforge\21.1.93\client-extra.jar
[Architectury Transformer DEBUG]  - C:\Users\Wobblecraft\.gradle\caches\modules-2\files-2.1\dev.architectury\architectury-injectables\1.0.10\62db2a366d662606d1b23ad02ccc3212ed37ec3\architectury-injectables-1.0.10.jar
[Architectury Transformer DEBUG]  - C:\Users\Wobblecraft\.gradle\caches\modules-2\files-2.1\net.fabricmc\fabric-loader\0.16.12\69514e24838c0cdd0a69ed6e81ab6d05b7690c57\fabric-loader-0.16.12.jar
[Architectury Transformer DEBUG]  - C:\Users\Wobblecraft\.gradle\caches\modules-2\files-2.1\org.jetbrains\annotations\24.1.0\7af6a669488450c4a07c2c3254e2151df42d7d04\annotations-24.1.0.jar
[Architectury Transformer DEBUG]  - C:\Users\Wobblecraft\.gradle\caches\modules-2\files-2.1\com.google.code.findbugs\jsr305\3.0.2\25ea2e8b0c338a877313bd4672d3fe056ea78f0d\jsr305-3.0.2.jar
[Architectury Transformer DEBUG]  - C:\Users\Wobblecraft\.gradle\caches\modules-2\files-2.1\net.neoforged.fancymodloader\earlydisplay\4.0.34\82cbf8b7ca6a85aa66dfb205cb9bdd9fc03b3fc4\earlydisplay-4.0.34.jar
[Architectury Transformer DEBUG]  - C:\Users\Wobblecraft\.gradle\caches\fabric-loom\forge\transformed-dependencies-v1\net\neoforged\fancymodloader\d3670a3bcf1bb5087ac3cd9e02f9d8d849c4ecfee420f78c67dc627d185da592\loader\4.0.34\loader-4.0.34.jar
[Architectury Transformer DEBUG]  - C:\Users\Wobblecraft\.gradle\caches\modules-2\files-2.1\net.neoforged\coremods\7.0.3\9147e6f638b4272b3bd5fc8f92ad37802512c6c\coremods-7.0.3.jar
[Architectury Transformer DEBUG]  - C:\Users\Wobblecraft\.gradle\caches\modules-2\files-2.1\cpw.mods\modlauncher\11.0.4\6619d4812a3c092310d521ebc4c9503727563df7\modlauncher-11.0.4.jar
[Architectury Transformer DEBUG]  - C:\Users\Wobblecraft\.gradle\caches\modules-2\files-2.1\cpw.mods\bootstraplauncher\2.0.2\1a2d076cbc33b0520cbacd591224427b2a20047d\bootstraplauncher-2.0.2.jar
[Architectury Transformer DEBUG]  - C:\Users\Wobblecraft\.gradle\caches\modules-2\files-2.1\cpw.mods\securejarhandler\3.0.8\c0ef95cecd8699a0449053ac7d9c160748d902cd\securejarhandler-3.0.8.jar
[Architectury Transformer DEBUG]  - C:\Users\Wobblecraft\.gradle\caches\modules-2\files-2.1\net.neoforged.accesstransformers\at-modlauncher\10.0.1\5aba50202aceead086bc09fbc2751c9f05cb4890\at-modlauncher-10.0.1.jar
[Architectury Transformer DEBUG]  - C:\Users\Wobblecraft\.gradle\caches\modules-2\files-2.1\net.neoforged\accesstransformers\10.0.1\fd83b5725f76eae9115e9355fa1c456a6a441400\accesstransformers-10.0.1.jar
[Architectury Transformer DEBUG]  - C:\Users\Wobblecraft\.gradle\caches\modules-2\files-2.1\org.openjdk.nashorn\nashorn-core\15.4\f67f5ffaa5f5130cf6fb9b133da00c7df3b532a5\nashorn-core-15.4.jar
[Architectury Transformer DEBUG]  - C:\Users\Wobblecraft\.gradle\caches\modules-2\files-2.1\org.ow2.asm\asm-commons\9.7\e86dda4696d3c185fcc95d8d311904e7ce38a53f\asm-commons-9.7.jar
[Architectury Transformer DEBUG]  - C:\Users\Wobblecraft\.gradle\caches\modules-2\files-2.1\net.neoforged\mergetool\2.0.3\1275202cbbb248f49345cf6787ce299afd9a02fb\mergetool-2.0.3-api.jar
[Architectury Transformer DEBUG]  - C:\Users\Wobblecraft\.gradle\caches\modules-2\files-2.1\org.ow2.asm\asm-util\9.7\c0655519f24d92af2202cb681cd7c1569df6ead6\asm-util-9.7.jar
[Architectury Transformer DEBUG]  - C:\Users\Wobblecraft\.gradle\caches\modules-2\files-2.1\org.ow2.asm\asm-analysis\9.7\e4a258b7eb96107106c0599f0061cfc1832fe07a\asm-analysis-9.7.jar
[Architectury Transformer DEBUG]  - C:\Users\Wobblecraft\.gradle\caches\modules-2\files-2.1\org.ow2.asm\asm-tree\9.7\e446a17b175bfb733b87c5c2560ccb4e57d69f1a\asm-tree-9.7.jar
[Architectury Transformer DEBUG]  - C:\Users\Wobblecraft\.gradle\caches\modules-2\files-2.1\net.neoforged\bus\8.0.2\163c9ef7c4bcca6d850c34e95261b606af91fe06\bus-8.0.2.jar
[Architectury Transformer DEBUG]  - C:\Users\Wobblecraft\.gradle\caches\modules-2\files-2.1\org.ow2.asm\asm\9.7\73d7b3086e14beb604ced229c302feff6449723\asm-9.7.jar
[Architectury Transformer DEBUG]  - C:\Users\Wobblecraft\.gradle\caches\modules-2\files-2.1\com.electronwill.night-config\toml\3.8.0\861dbcf2757dd6701c98b3949198549ccb5f62ff\toml-3.8.0.jar
[Architectury Transformer DEBUG]  - C:\Users\Wobblecraft\.gradle\caches\modules-2\files-2.1\com.electronwill.night-config\core\3.8.0\2498dd2b3120dd49e963e2feab8fa5d0c5f80e0a\core-3.8.0.jar
[Architectury Transformer DEBUG]  - C:\Users\Wobblecraft\.gradle\caches\modules-2\files-2.1\net.neoforged\JarJarSelector\0.4.1\fb3cc7a58af22ad2880adb98af6d518128c47dae\JarJarSelector-0.4.1.jar
[Architectury Transformer DEBUG]  - C:\Users\Wobblecraft\.gradle\caches\modules-2\files-2.1\net.neoforged\JarJarMetadata\0.4.1\f8da03683dc81694556dc3e177c5e3bb77ae6fcb\JarJarMetadata-0.4.1.jar
[Architectury Transformer DEBUG]  - C:\Users\Wobblecraft\.gradle\caches\modules-2\files-2.1\org.apache.maven\maven-artifact\3.8.5\4433f50c07debefaed0553bd0068f4f48d449313\maven-artifact-3.8.5.jar
[Architectury Transformer DEBUG]  - C:\Users\Wobblecraft\.gradle\caches\modules-2\files-2.1\net.jodah\typetools\0.6.3\a01aaa6ddaea9ec07ec4f209487b7a46a526283a\typetools-0.6.3.jar
[Architectury Transformer DEBUG]  - C:\Users\Wobblecraft\.gradle\caches\modules-2\files-2.1\net.minecrell\terminalconsoleappender\1.3.0\b562e9bb61235c9520e26282cdee71f8f802d1fc\terminalconsoleappender-1.3.0.jar
[Architectury Transformer DEBUG]  - C:\Users\Wobblecraft\.gradle\caches\modules-2\files-2.1\net.fabricmc\sponge-mixin\0.15.2+mixin.0.8.7\2af2f021d8e02a0220dc27a7a72b4666d66d44ca\sponge-mixin-0.15.2+mixin.0.8.7.jar
[Architectury Transformer DEBUG]  - C:\Users\Wobblecraft\.gradle\caches\modules-2\files-2.1\org.apache.commons\commons-lang3\3.14.0\1ed471194b02f2c6cb734a0cd6f6f107c673afae\commons-lang3-3.14.0.jar
[Architectury Transformer DEBUG]  - C:\Users\Wobblecraft\.gradle\caches\modules-2\files-2.1\com.mojang\logging\1.2.7\24cb95ffb0e3433fd6e844c04e68009e504ca1c0\logging-1.2.7.jar
[Architectury Transformer DEBUG]  - C:\Users\Wobblecraft\.gradle\caches\modules-2\files-2.1\org.apache.logging.log4j\log4j-slf4j2-impl\2.22.1\d7e6693c2606cb7e7335047d7bb96dec52db5665\log4j-slf4j2-impl-2.22.1.jar
[Architectury Transformer DEBUG]  - C:\Users\Wobblecraft\.gradle\caches\modules-2\files-2.1\org.apache.logging.log4j\log4j-core\2.22.1\7183a25510a02ad00cc6a95d3b3d2a7d3c5a8dc4\log4j-core-2.22.1.jar
[Architectury Transformer DEBUG]  - C:\Users\Wobblecraft\.gradle\caches\modules-2\files-2.1\io.github.juuxel\unprotect\1.2.0\49cc229a0469f28fae41593a9537743ac6a951dc\unprotect-1.2.0.jar
[Architectury Transformer DEBUG]  - C:\Users\Wobblecraft\.gradle\caches\modules-2\files-2.1\org.apache.logging.log4j\log4j-api\2.22.1\bea6fede6328fabafd7e68363161a7ea6605abd1\log4j-api-2.22.1.jar
[Architectury Transformer DEBUG]  - C:\Users\Wobblecraft\.gradle\caches\modules-2\files-2.1\net.neoforged\neoform\1.21.1-20240808.144430\811e2bd86fa2cda2812e5e8e51d718ea8bd6d3f4\neoform-1.21.1-20240808.144430.zip
[Architectury Transformer DEBUG]  - C:\Users\Wobblecraft\.gradle\caches\modules-2\files-2.1\net.neoforged\JarJarFileSystems\0.4.1\78f59f89defcd032ed788b151ca6a0d40ace796a\JarJarFileSystems-0.4.1.jar
[Architectury Transformer DEBUG]  - C:\Users\Wobblecraft\.gradle\caches\modules-2\files-2.1\io.github.llamalad7\mixinextras-neoforge\0.4.1\eff97772ecd0dcf8e52cdbafd3b3ccec425f8314\mixinextras-neoforge-0.4.1.jar
[Architectury Transformer DEBUG]  - C:\Users\Wobblecraft\.gradle\caches\modules-2\files-2.1\org.slf4j\slf4j-api\2.0.9\7cf2726fdcfbc8610f9a71fb3ed639871f315340\slf4j-api-2.0.9.jar
[Architectury Transformer DEBUG]  - C:\Users\Wobblecraft\.gradle\caches\modules-2\files-2.1\com.google.code.gson\gson\2.10.1\b3add478d4382b78ea20b1671390a858002feb6c\gson-2.10.1.jar
[Architectury Transformer DEBUG]  - C:\Users\Wobblecraft\.gradle\caches\modules-2\files-2.1\com.google.guava\guava\32.1.2-jre\5e64ec7e056456bef3a4bc4c6fdaef71e8ab6318\guava-32.1.2-jre.jar
[Architectury Transformer DEBUG]  - C:\Users\Wobblecraft\.gradle\caches\modules-2\files-2.1\com.google.guava\failureaccess\1.0.1\1dcf1de382a0bf95a3d8b0849546c88bac1292c9\failureaccess-1.0.1.jar
[Architectury Transformer DEBUG]  - C:\Users\Wobblecraft\.gradle\caches\modules-2\files-2.1\com.google.guava\listenablefuture\9999.0-empty-to-avoid-conflict-with-guava\b421526c5f297295adef1c886e5246c39d4ac629\listenablefuture-9999.0-empty-to-avoid-conflict-with-guava.jar
[Architectury Transformer DEBUG]  - C:\Users\Wobblecraft\.gradle\caches\modules-2\files-2.1\org.checkerframework\checker-qual\3.33.0\de2b60b62da487644fc11f734e73c8b0b431238f\checker-qual-3.33.0.jar
[Architectury Transformer DEBUG]  - C:\Users\Wobblecraft\.gradle\caches\modules-2\files-2.1\com.google.errorprone\error_prone_annotations\2.18.0\89b684257096f548fa39a7df9fdaa409d4d4df91\error_prone_annotations-2.18.0.jar
[Architectury Transformer DEBUG]  - C:\Users\Wobblecraft\.gradle\caches\modules-2\files-2.1\com.google.j2objc\j2objc-annotations\2.8\c85270e307e7b822f1086b93689124b89768e273\j2objc-annotations-2.8.jar
[Architectury Transformer DEBUG]  - C:\Users\Wobblecraft\.gradle\caches\modules-2\files-2.1\commons-io\commons-io\2.15.1\f11560da189ab563a5c8e351941415430e9304ea\commons-io-2.15.1.jar
[Architectury Transformer DEBUG]  - C:\Users\Wobblecraft\.gradle\caches\modules-2\files-2.1\net.sf.jopt-simple\jopt-simple\5.0.4\4fdac2fbe92dfad86aa6e9301736f6b4342a3f5c\jopt-simple-5.0.4.jar
[Architectury Transformer DEBUG]  - C:\Users\Wobblecraft\.gradle\caches\modules-2\files-2.1\net.minecraftforge\srgutils\0.4.15\ca408b131759478f164e010fae0d73997e125fb5\srgutils-0.4.15.jar
[Architectury Transformer DEBUG]  - C:\Users\Wobblecraft\.gradle\caches\modules-2\files-2.1\org.antlr\antlr4-runtime\4.13.1\17125bae1d965624e265ef49552f6465a2bfa307\antlr4-runtime-4.13.1.jar
[Architectury Transformer DEBUG]  - C:\Users\Wobblecraft\.gradle\caches\modules-2\files-2.1\org.jline\jline-reader\3.20.0\8f15415b022a25b473e8e16c28ae913186ffb9c4\jline-reader-3.20.0.jar
[Architectury Transformer DEBUG]  - C:\Users\Wobblecraft\.gradle\caches\modules-2\files-2.1\org.jline\jline-terminal\3.20.0\d0ddcc708ddf527a3454c941b7b9225cc83a15ff\jline-terminal-3.20.0.jar
[Architectury Transformer DEBUG]  - C:\Users\Wobblecraft\.gradle\caches\modules-2\files-2.1\org.codehaus.plexus\plexus-utils\3.3.0\cf43b5391de623b36fe066a21127baef82c64022\plexus-utils-3.3.0.jar
[Architectury Transformer DEBUG]  - C:\Users\Wobblecraft\.gradle\caches\modules-2\files-2.1\com.machinezoo.noexception\noexception\1.7.1\b65330c98e38a1f915fa54a6e5eca496505e3f0a\noexception-1.7.1.jar
[Architectury Transformer DEBUG]  - C:\Users\Wobblecraft\.gradle\caches\modules-2\files-2.1\com.github.oshi\oshi-core\6.4.10\b1d8ab82d11d92fd639b56d639f8f46f739dd5fa\oshi-core-6.4.10.jar
[Architectury Transformer DEBUG]  - C:\Users\Wobblecraft\.gradle\caches\modules-2\files-2.1\com.ibm.icu\icu4j\73.2\61ad4ef7f9131fcf6d25c34b817f90d6da06c9e9\icu4j-73.2.jar
[Architectury Transformer DEBUG]  - C:\Users\Wobblecraft\.gradle\caches\modules-2\files-2.1\com.mojang\authlib\6.0.54\de8bc95660e1b2fe8793fd427a7a10dcec5b3ea7\authlib-6.0.54.jar
[Architectury Transformer DEBUG]  - C:\Users\Wobblecraft\.gradle\caches\modules-2\files-2.1\com.mojang\blocklist\1.0.10\5c685c5ffa94c4cd39496c7184c1d122e515ecef\blocklist-1.0.10.jar
[Architectury Transformer DEBUG]  - C:\Users\Wobblecraft\.gradle\caches\modules-2\files-2.1\com.mojang\brigadier\1.3.10\d15b53a14cf20fdcaa98f731af5dda654452c010\brigadier-1.3.10.jar
[Architectury Transformer DEBUG]  - C:\Users\Wobblecraft\.gradle\caches\modules-2\files-2.1\com.mojang\datafixerupper\8.0.16\67d4de6d7f95d89bcf5862995fb854ebaec02a34\datafixerupper-8.0.16.jar
[Architectury Transformer DEBUG]  - C:\Users\Wobblecraft\.gradle\caches\modules-2\files-2.1\com.mojang\patchy\2.2.10\da05971b07cbb379d002cf7eaec6a2048211fefc\patchy-2.2.10.jar
[Architectury Transformer DEBUG]  - C:\Users\Wobblecraft\.gradle\caches\modules-2\files-2.1\com.mojang\text2speech\1.17.9\3cad216e3a7f0c19b4b394388bc9ffc446f13b14\text2speech-1.17.9.jar
[Architectury Transformer DEBUG]  - C:\Users\Wobblecraft\.gradle\caches\modules-2\files-2.1\commons-codec\commons-codec\1.16.0\4e3eb3d79888d76b54e28b350915b5dc3919c9de\commons-codec-1.16.0.jar
[Architectury Transformer DEBUG]  - C:\Users\Wobblecraft\.gradle\caches\modules-2\files-2.1\commons-logging\commons-logging\1.2\4bfc12adfe4842bf07b657f0369c4cb522955686\commons-logging-1.2.jar
[Architectury Transformer DEBUG]  - C:\Users\Wobblecraft\.gradle\caches\modules-2\files-2.1\io.netty\netty-buffer\4.1.97.Final\f8f3d8644afa5e6e1a40a3a6aeb9d9aa970ecb4f\netty-buffer-4.1.97.Final.jar
[Architectury Transformer DEBUG]  - C:\Users\Wobblecraft\.gradle\caches\modules-2\files-2.1\io.netty\netty-codec\4.1.97.Final\384ba4d75670befbedb45c4d3b497a93639c206d\netty-codec-4.1.97.Final.jar
[Architectury Transformer DEBUG]  - C:\Users\Wobblecraft\.gradle\caches\modules-2\files-2.1\io.netty\netty-common\4.1.97.Final\7cceacaf11df8dc63f23d0fb58e9d4640fc88404\netty-common-4.1.97.Final.jar
[Architectury Transformer DEBUG]  - C:\Users\Wobblecraft\.gradle\caches\modules-2\files-2.1\io.netty\netty-handler\4.1.97.Final\abb86c6906bf512bf2b797a41cd7d2e8d3cd7c36\netty-handler-4.1.97.Final.jar
[Architectury Transformer DEBUG]  - C:\Users\Wobblecraft\.gradle\caches\modules-2\files-2.1\io.netty\netty-resolver\4.1.97.Final\cec8348108dc76c47cf87c669d514be52c922144\netty-resolver-4.1.97.Final.jar
[Architectury Transformer DEBUG]  - C:\Users\Wobblecraft\.gradle\caches\modules-2\files-2.1\io.netty\netty-transport-classes-epoll\4.1.97.Final\795da37ded759e862457a82d9d92c4d39ce8ecee\netty-transport-classes-epoll-4.1.97.Final.jar
[Architectury Transformer DEBUG]  - C:\Users\Wobblecraft\.gradle\caches\modules-2\files-2.1\io.netty\netty-transport-native-unix-common\4.1.97.Final\d469d84265ab70095b01b40886cabdd433b6e664\netty-transport-native-unix-common-4.1.97.Final.jar
[Architectury Transformer DEBUG]  - C:\Users\Wobblecraft\.gradle\caches\modules-2\files-2.1\io.netty\netty-transport\4.1.97.Final\f37380d23c9bb079bc702910833b2fd532c9abd0\netty-transport-4.1.97.Final.jar
[Architectury Transformer DEBUG]  - C:\Users\Wobblecraft\.gradle\caches\modules-2\files-2.1\it.unimi.dsi\fastutil\8.5.12\c24946d46824bd528054bface3231d2ecb7e95e8\fastutil-8.5.12.jar
[Architectury Transformer DEBUG]  - C:\Users\Wobblecraft\.gradle\caches\modules-2\files-2.1\net.java.dev.jna\jna-platform\5.14.0\28934d48aed814f11e4c584da55c49fa7032b31b\jna-platform-5.14.0.jar
[Architectury Transformer DEBUG]  - C:\Users\Wobblecraft\.gradle\caches\modules-2\files-2.1\net.java.dev.jna\jna\5.14.0\67bf3eaea4f0718cb376a181a629e5f88fa1c9dd\jna-5.14.0.jar
[Architectury Transformer DEBUG]  - C:\Users\Wobblecraft\.gradle\caches\modules-2\files-2.1\org.apache.commons\commons-compress\1.26.0\659feffdd12280201c8aacb8f7be94f9a883c824\commons-compress-1.26.0.jar
[Architectury Transformer DEBUG]  - C:\Users\Wobblecraft\.gradle\caches\modules-2\files-2.1\org.apache.httpcomponents\httpclient\4.5.13\e5f6cae5ca7ecaac1ec2827a9e2d65ae2869cada\httpclient-4.5.13.jar
[Architectury Transformer DEBUG]  - C:\Users\Wobblecraft\.gradle\caches\modules-2\files-2.1\org.apache.httpcomponents\httpcore\4.4.16\51cf043c87253c9f58b539c9f7e44c8894223850\httpcore-4.4.16.jar
[Architectury Transformer DEBUG]  - C:\Users\Wobblecraft\.gradle\caches\modules-2\files-2.1\org.jcraft\jorbis\0.0.17\8872d22b293e8f5d7d56ff92be966e6dc28ebdc6\jorbis-0.0.17.jar
[Architectury Transformer DEBUG]  - C:\Users\Wobblecraft\.gradle\caches\modules-2\files-2.1\org.joml\joml\1.10.5\22566d58af70ad3d72308bab63b8339906deb649\joml-1.10.5.jar
[Architectury Transformer DEBUG]  - C:\Users\Wobblecraft\.gradle\caches\modules-2\files-2.1\org.lwjgl\lwjgl-freetype\3.3.3\a0db6c84a8becc8ca05f9dbfa985edc348a824c7\lwjgl-freetype-3.3.3.jar
[Architectury Transformer DEBUG]  - C:\Users\Wobblecraft\.gradle\caches\modules-2\files-2.1\org.lwjgl\lwjgl-glfw\3.3.3\efa1eb78c5ccd840e9f329717109b5e892d72f8e\lwjgl-glfw-3.3.3.jar
[Architectury Transformer DEBUG]  - C:\Users\Wobblecraft\.gradle\caches\modules-2\files-2.1\org.lwjgl\lwjgl-jemalloc\3.3.3\b543467b7ff3c6920539a88ee602d34098628be5\lwjgl-jemalloc-3.3.3.jar
[Architectury Transformer DEBUG]  - C:\Users\Wobblecraft\.gradle\caches\modules-2\files-2.1\org.lwjgl\lwjgl-openal\3.3.3\daada81ceb5fc0c291fbfdd4433cb8d9423577f2\lwjgl-openal-3.3.3.jar
[Architectury Transformer DEBUG]  - C:\Users\Wobblecraft\.gradle\caches\modules-2\files-2.1\org.lwjgl\lwjgl-opengl\3.3.3\2f6b0147078396a58979125a4c947664e98293a\lwjgl-opengl-3.3.3.jar
[Architectury Transformer DEBUG]  - C:\Users\Wobblecraft\.gradle\caches\modules-2\files-2.1\org.lwjgl\lwjgl-stb\3.3.3\25dd6161988d7e65f71d5065c99902402ee32746\lwjgl-stb-3.3.3.jar
[Architectury Transformer DEBUG]  - C:\Users\Wobblecraft\.gradle\caches\modules-2\files-2.1\org.lwjgl\lwjgl-tinyfd\3.3.3\82d755ca94b102e9ca77283b9e2dc46d1b15fbe5\lwjgl-tinyfd-3.3.3.jar
[Architectury Transformer DEBUG]  - C:\Users\Wobblecraft\.gradle\caches\modules-2\files-2.1\org.lwjgl\lwjgl\3.3.3\29589b5f87ed335a6c7e7ee6a5775f81f97ecb84\lwjgl-3.3.3.jar
[Architectury Transformer DEBUG]  - C:\Users\Wobblecraft\.gradle\caches\modules-2\files-2.1\org.lz4\lz4-java\1.8.0\4b986a99445e49ea5fbf5d149c4b63f6ed6c6780\lz4-java-1.8.0.jar
[Architectury Transformer DEBUG]  - C:\Users\Wobblecraft\.gradle\caches\fabric-loom\minecraftMaven\net\minecraft\neoforge-21.1.93-minecraft-merged\1.21.1-loom.mappings.1_21_1.layered+hash.40545-v2-neoforge-21.1.93\neoforge-21.1.93-minecraft-merged-1.21.1-loom.mappings.1_21_1.layered+hash.40545-v2-neoforge-21.1.93.jar
[Architectury Transformer DEBUG]  - C:\Users\Wobblecraft\.gradle\caches\modules-2\files-2.1\io.netty\netty-transport-native-epoll\4.1.97.Final\54188f271e388e7f313aea995e82f58ce2cdb809\netty-transport-native-epoll-4.1.97.Final-linux-x86_64.jar
[Architectury Transformer DEBUG]  - C:\Users\Wobblecraft\.gradle\caches\modules-2\files-2.1\io.netty\netty-transport-native-epoll\4.1.97.Final\5514744c588190ffda076b35a9b8c9f24946a960\netty-transport-native-epoll-4.1.97.Final-linux-aarch_64.jar
[Architectury Transformer DEBUG]  - D:\SDMShopA\.gradle\loom-cache\remapped_mods\loom_mappings_1_21_1_layered_hash_40545_v2_neoforge_21_1_93_forge\dev\architectury\architectury-neoforge\13.0.8\architectury-neoforge-13.0.8.jar
[Architectury Transformer DEBUG]  - D:\SDMShopA\.gradle\loom-cache\remapped_mods\loom_mappings_1_21_1_layered_hash_40545_v2_neoforge_21_1_93_forge\curse\maven\sdm-engine-core-964997\5968080\sdm-engine-core-964997-5968080.jar
[Architectury Transformer DEBUG]  - D:\SDMShopA\.gradle\loom-cache\remapped_mods\loom_mappings_1_21_1_layered_hash_40545_v2_neoforge_21_1_93_forge\curse\maven\ftb-library-forge-404465\5893689\ftb-library-forge-404465-5893689.jar
[Architectury Transformer DEBUG]  - D:\SDMShopA\.gradle\loom-cache\remapped_mods\loom_mappings_1_21_1_layered_hash_40545_v2_neoforge_21_1_93_forge\curse\maven\sdm-economy-1102542\6363595\sdm-economy-1102542-6363595.jar
[Architectury Transformer DEBUG]  - D:\SDMShopA\.gradle\loom-cache\remapped_mods\loom_mappings_1_21_1_layered_hash_40545_v2_neoforge_21_1_93_forge\net\sdm\sdmuilibrary-neoforge\1.21-1.9.0\sdmuilibrary-neoforge-1.21-1.9.0.jar
[Architectury Transformer DEBUG]  - D:\SDMShopA\.gradle\loom-cache\remapped_mods\loom_mappings_1_21_1_layered_hash_40545_v2_neoforge_21_1_93_forge\io\github\spair\imgui-java-lwjgl3\1.89.0\imgui-java-lwjgl3-1.89.0.jar
[Architectury Transformer DEBUG]  - D:\SDMShopA\.gradle\loom-cache\remapped_mods\loom_mappings_1_21_1_layered_hash_40545_v2_neoforge_21_1_93_forge\io\github\spair\imgui-java-binding\1.89.0\imgui-java-binding-1.89.0.jar
[Architectury Transformer DEBUG]  - D:\SDMShopA\.gradle\loom-cache\remapped_mods\loom_mappings_1_21_1_layered_hash_40545_v2_neoforge_21_1_93_forge\io\github\spair\imgui-java-natives-windows\1.89.0\imgui-java-natives-windows-1.89.0.jar
[Architectury Transformer DEBUG]  - D:\SDMShopA\.gradle\loom-cache\remapped_mods\loom_mappings_1_21_1_layered_hash_40545_v2_neoforge_21_1_93_forge\io\github\spair\imgui-java-natives-linux\1.89.0\imgui-java-natives-linux-1.89.0.jar
[Architectury Transformer DEBUG]  - D:\SDMShopA\.gradle\loom-cache\remapped_mods\loom_mappings_1_21_1_layered_hash_40545_v2_neoforge_21_1_93_forge\io\github\spair\imgui-java-natives-macos\1.89.0\imgui-java-natives-macos-1.89.0.jar
[Architectury Transformer] Read classpath in 1.808 s
[Architectury Transformer DEBUG] Closed File Systems for D:\SDMShopA\common\build\devlibs\sdmshopa-common-3.0.0-dev.jar
[Architectury Transformer DEBUG] Transforming 6 transformer(s) from D:\SDMShopA\common\build\devlibs\sdmshopa-common-3.0.0-dev.jar to C:\Users\WOBBLE~1\AppData\Local\Temp\12792784366034584607.jar: 
[Architectury Transformer DEBUG]  - dev.architectury.transformer.transformers.TransformExpectPlatform@282003e1
[Architectury Transformer DEBUG]  - dev.architectury.transformer.transformers.RemapInjectables@7fad8c79
[Architectury Transformer DEBUG]  - dev.architectury.transformer.transformers.TransformPlatformOnly@71a794e5
[Architectury Transformer DEBUG]  - dev.architectury.transformer.transformers.TransformNeoForgeAnnotations@76329302
[Architectury Transformer DEBUG]  - dev.architectury.transformer.transformers.TransformNeoForgeEnvironment@5e25a92e
[Architectury Transformer DEBUG]  - dev.architectury.transformer.transformers.GenerateFakeNeoForgeMod@4df828d7
[Architectury Transformer DEBUG] Transforming from D:\SDMShopA\common\build\devlibs\sdmshopa-common-3.0.0-dev.jar to C:\Users\WOBBLE~1\AppData\Local\Temp\12792784366034584607.jar with 6 transformer(s) on dev.architectury.transformer.handler.SimpleTransformerHandler
[Architectury Transformer DEBUG] Remapping with 1 mapping provider(s):
[Architectury Transformer DEBUG]  - dev.architectury.transformer.transformers.TransformNeoForgeEnvironment$$Lambda/0x000001f764084910@6a79c292
[Architectury Transformer DEBUG] Remapping Classes:
[Architectury Transformer DEBUG] net/fabricmc/api/EnvType -> net/neoforged/api/distmarker/Dist
[Architectury Transformer DEBUG] net/fabricmc/api/Environment -> net/neoforged/api/distmarker/OnlyIn
[Architectury Transformer DEBUG] Found class transformer
[Architectury Transformer DEBUG] Writing net/sixk/sdmshop/SDMShop with maxs=true frames=true
[Architectury Transformer DEBUG] Writing net/sixk/sdmshop/SDMShopClient with maxs=true frames=true
[Architectury Transformer DEBUG] Writing net/sixk/sdmshop/api/IConstructor with maxs=true frames=true
[Architectury Transformer DEBUG] Writing net/sixk/sdmshop/api/IItemSerializer with maxs=true frames=true
[Architectury Transformer DEBUG] Writing net/sixk/sdmshop/api/ITovarTypa with maxs=true frames=true
[Architectury Transformer DEBUG] Writing net/sixk/sdmshop/data/config/ConfigFile with maxs=true frames=true
[Architectury Transformer DEBUG] Writing net/sixk/sdmshop/data/config/Config with maxs=true frames=true
[Architectury Transformer DEBUG] Writing net/sixk/sdmshop/mixin/TextFieldMixin with maxs=true frames=true
[Architectury Transformer DEBUG] Writing net/sixk/sdmshop/shop/ShopComands with maxs=true frames=true
[Architectury Transformer DEBUG] Writing net/sixk/sdmshop/shop/PlayerBasket$1 with maxs=true frames=true
[Architectury Transformer DEBUG] Writing net/sixk/sdmshop/shop/ShopEntriesPanel with maxs=true frames=true
[Architectury Transformer DEBUG] Writing net/sixk/sdmshop/shop/BuyingWindow$1 with maxs=true frames=true
[Architectury Transformer DEBUG] Writing net/sixk/sdmshop/shop/WalletRender with maxs=true frames=true
[Architectury Transformer DEBUG] Writing net/sixk/sdmshop/shop/ShopPage with maxs=true frames=true
[Architectury Transformer DEBUG] Writing net/sixk/sdmshop/shop/AddCurrencyPanel$1 with maxs=true frames=true
[Architectury Transformer DEBUG] Writing net/sixk/sdmshop/shop/BuyingWindow$2 with maxs=true frames=true
[Architectury Transformer DEBUG] Writing net/sixk/sdmshop/shop/BuyingWindow$3 with maxs=true frames=true
[Architectury Transformer DEBUG] Writing net/sixk/sdmshop/shop/AddCurrencyPanel$2 with maxs=true frames=true
[Architectury Transformer DEBUG] Writing net/sixk/sdmshop/shop/BuyingWindow with maxs=true frames=true
[Architectury Transformer DEBUG] Writing net/sixk/sdmshop/shop/AddCurrencyPanel with maxs=true frames=true
[Architectury Transformer DEBUG] Writing net/sixk/sdmshop/shop/ShopPage$1 with maxs=true frames=true
[Architectury Transformer DEBUG] Writing net/sixk/sdmshop/shop/PlayerBasket with maxs=true frames=true
[Architectury Transformer DEBUG] Writing net/sixk/sdmshop/shop/modern/ModernShopPageWalletPanel$1 with maxs=true frames=true
[Architectury Transformer DEBUG] Writing net/sixk/sdmshop/shop/modern/ModernAddTovarPanel with maxs=true frames=true
[Architectury Transformer DEBUG] Writing net/sixk/sdmshop/shop/modern/ModernTabPanel with maxs=true frames=true
[Architectury Transformer DEBUG] Writing net/sixk/sdmshop/shop/modern/ShopPageModern with maxs=true frames=true
[Architectury Transformer DEBUG] Writing net/sixk/sdmshop/shop/modern/ModernAddTabPanel with maxs=true frames=true
[Architectury Transformer DEBUG] Writing net/sixk/sdmshop/shop/modern/ModernAddCurrencyPanel with maxs=true frames=true
[Architectury Transformer DEBUG] Writing net/sixk/sdmshop/shop/modern/ModernSearchPanel with maxs=true frames=true
[Architectury Transformer DEBUG] Writing net/sixk/sdmshop/shop/modern/ModernWalletRender with maxs=true frames=true
[Architectury Transformer DEBUG] Writing net/sixk/sdmshop/shop/modern/ModernAddProperties with maxs=true frames=true
[Architectury Transformer DEBUG] Writing net/sixk/sdmshop/shop/modern/ModernSelectTypeTovarPanel with maxs=true frames=true
[Architectury Transformer DEBUG] Writing net/sixk/sdmshop/shop/modern/ModernTovarPanel with maxs=true frames=true
[Architectury Transformer DEBUG] Writing net/sixk/sdmshop/shop/modern/ModernBuyingWindow with maxs=true frames=true
[Architectury Transformer DEBUG] Writing net/sixk/sdmshop/shop/modern/ModernShopEntriesPanel with maxs=true frames=true
[Architectury Transformer DEBUG] Writing net/sixk/sdmshop/shop/modern/ModernPlayerBasket with maxs=true frames=true
[Architectury Transformer DEBUG] Writing net/sixk/sdmshop/shop/modern/ModernTab with maxs=true frames=true
[Architectury Transformer DEBUG] Writing net/sixk/sdmshop/shop/modern/ModernShopTitelPanel with maxs=true frames=true
[Architectury Transformer DEBUG] Writing net/sixk/sdmshop/shop/modern/ModernShopPageWalletPanel with maxs=true frames=true
[Architectury Transformer DEBUG] Writing net/sixk/sdmshop/shop/modern/widgets/ModerTextBox with maxs=true frames=true
[Architectury Transformer DEBUG] Writing net/sixk/sdmshop/shop/network/ModNetwork with maxs=true frames=true
[Architectury Transformer DEBUG] Writing net/sixk/sdmshop/shop/network/client/UpdateTovarDataC2S with maxs=true frames=true
[Architectury Transformer DEBUG] Writing net/sixk/sdmshop/shop/network/client/SellShopTovarC2S with maxs=true frames=true
[Architectury Transformer DEBUG] Writing net/sixk/sdmshop/shop/network/client/BuyShopTovarC2S with maxs=true frames=true
[Architectury Transformer DEBUG] Writing net/sixk/sdmshop/shop/network/client/UpdateTabDataC2S with maxs=true frames=true
[Architectury Transformer DEBUG] Writing net/sixk/sdmshop/shop/network/server/SendOpenShopScreenS2C with maxs=true frames=true
[Architectury Transformer DEBUG] Writing net/sixk/sdmshop/shop/network/server/SendConfigS2C with maxs=true frames=true
[Architectury Transformer DEBUG] Writing net/sixk/sdmshop/shop/network/server/SendShopDataS2C with maxs=true frames=true
[Architectury Transformer DEBUG] Writing net/sixk/sdmshop/shop/network/server/SendEditModeS2C with maxs=true frames=true
[Architectury Transformer DEBUG] Writing net/sixk/sdmshop/shop/Tab/TabRender$1 with maxs=true frames=true
[Architectury Transformer DEBUG] Writing net/sixk/sdmshop/shop/Tab/AddTabPanel$2 with maxs=true frames=true
[Architectury Transformer DEBUG] Writing net/sixk/sdmshop/shop/Tab/AddTabPanel$1 with maxs=true frames=true
[Architectury Transformer DEBUG] Writing net/sixk/sdmshop/shop/Tab/TabRender with maxs=true frames=true
[Architectury Transformer DEBUG] Writing net/sixk/sdmshop/shop/Tab/AddTabPanel with maxs=true frames=true
[Architectury Transformer DEBUG] Writing net/sixk/sdmshop/shop/Tab/Tab with maxs=true frames=true
[Architectury Transformer DEBUG] Writing net/sixk/sdmshop/shop/Tab/TabPanel with maxs=true frames=true
[Architectury Transformer DEBUG] Writing net/sixk/sdmshop/shop/Tab/TovarTab with maxs=true frames=true
[Architectury Transformer DEBUG] Writing net/sixk/sdmshop/shop/Tovar/Tovar with maxs=true frames=true
[Architectury Transformer DEBUG] Writing net/sixk/sdmshop/shop/Tovar/TovarPanel with maxs=true frames=true
[Architectury Transformer DEBUG] Writing net/sixk/sdmshop/shop/Tovar/AbstractTovar with maxs=true frames=true
[Architectury Transformer DEBUG] Writing net/sixk/sdmshop/shop/Tovar/TovarList with maxs=true frames=true
[Architectury Transformer DEBUG] Writing net/sixk/sdmshop/shop/Tovar/TovarPanel$1 with maxs=true frames=true
[Architectury Transformer DEBUG] Writing net/sixk/sdmshop/shop/Tovar/AddTovar/TabPanel with maxs=true frames=true
[Architectury Transformer DEBUG] Writing net/sixk/sdmshop/shop/Tovar/AddTovar/AddProperties with maxs=true frames=true
[Architectury Transformer DEBUG] Writing net/sixk/sdmshop/shop/Tovar/AddTovar/AddTovarPanel with maxs=true frames=true
[Architectury Transformer DEBUG] Writing net/sixk/sdmshop/shop/Tovar/AddTovar/AddProperties$4$1 with maxs=true frames=true
[Architectury Transformer DEBUG] Writing net/sixk/sdmshop/shop/Tovar/AddTovar/AddProperties$2 with maxs=true frames=true
[Architectury Transformer DEBUG] Writing net/sixk/sdmshop/shop/Tovar/AddTovar/AddProperties$4 with maxs=true frames=true
[Architectury Transformer DEBUG] Writing net/sixk/sdmshop/shop/Tovar/AddTovar/AddProperties$3 with maxs=true frames=true
[Architectury Transformer DEBUG] Writing net/sixk/sdmshop/shop/Tovar/AddTovar/AddProperties$9 with maxs=true frames=true
[Architectury Transformer DEBUG] Writing net/sixk/sdmshop/shop/Tovar/AddTovar/AddProperties$1 with maxs=true frames=true
[Architectury Transformer DEBUG] Writing net/sixk/sdmshop/shop/Tovar/AddTovar/AddProperties$8 with maxs=true frames=true
[Architectury Transformer DEBUG] Writing net/sixk/sdmshop/shop/Tovar/AddTovar/AddProperties$7 with maxs=true frames=true
[Architectury Transformer DEBUG] Writing net/sixk/sdmshop/shop/Tovar/AddTovar/AddProperties$6 with maxs=true frames=true
[Architectury Transformer DEBUG] Writing net/sixk/sdmshop/shop/Tovar/AddTovar/AddProperties$5 with maxs=true frames=true
[Architectury Transformer DEBUG] Writing net/sixk/sdmshop/shop/Tovar/AddTovar/SelectTypeTovarPanel with maxs=true frames=true
[Architectury Transformer DEBUG] Writing net/sixk/sdmshop/shop/Tovar/AddTovar/TagPanel with maxs=true frames=true
[Architectury Transformer DEBUG] Writing net/sixk/sdmshop/shop/Tovar/AddTovar/TabPanel$1 with maxs=true frames=true
[Architectury Transformer DEBUG] Writing net/sixk/sdmshop/shop/Tovar/AddTovar/TagPanel$1 with maxs=true frames=true
[Architectury Transformer DEBUG] Writing net/sixk/sdmshop/shop/Tovar/AddTovar/SelectTypeTovarPanel$1 with maxs=true frames=true
[Architectury Transformer DEBUG] Writing net/sixk/sdmshop/shop/Tovar/AddTovar/SelectTypeTovarPanel$2 with maxs=true frames=true
[Architectury Transformer DEBUG] Writing net/sixk/sdmshop/shop/Tovar/AddTovar/SelectTypeTovarPanel$3 with maxs=true frames=true
[Architectury Transformer DEBUG] Writing net/sixk/sdmshop/shop/Tovar/TovarType/TovarItem with maxs=true frames=true
[Architectury Transformer DEBUG] Writing net/sixk/sdmshop/shop/Tovar/TovarType/TovarXP with maxs=true frames=true
[Architectury Transformer DEBUG] Writing net/sixk/sdmshop/shop/Tovar/TovarType/TovarXP$Constructor with maxs=true frames=true
[Architectury Transformer DEBUG] Writing net/sixk/sdmshop/shop/Tovar/TovarType/TovarCommand with maxs=true frames=true
[Architectury Transformer DEBUG] Writing net/sixk/sdmshop/shop/Tovar/TovarType/TovarTypeRegister with maxs=true frames=true
[Architectury Transformer DEBUG] Writing net/sixk/sdmshop/shop/Tovar/TovarType/TovarItem$Constructor with maxs=true frames=true
[Architectury Transformer DEBUG] Writing net/sixk/sdmshop/shop/Tovar/TovarType/TovarCommand$Constructor with maxs=true frames=true
[Architectury Transformer DEBUG] Writing net/sixk/sdmshop/shop/widgets/Search with maxs=true frames=true
[Architectury Transformer DEBUG] Writing net/sixk/sdmshop/shop/widgets/EntryPanel with maxs=true frames=true
[Architectury Transformer DEBUG] Writing net/sixk/sdmshop/shop/widgets/CheckBox with maxs=true frames=true
[Architectury Transformer DEBUG] Writing net/sixk/sdmshop/utils/item/ItemHandlerHelper with maxs=true frames=true
[Architectury Transformer DEBUG] Writing net/sixk/sdmshop/utils/item/PlayerMainInvWrapper with maxs=true frames=true
[Architectury Transformer DEBUG] Writing net/sixk/sdmshop/utils/item/IItemHandlerModifiable with maxs=true frames=true
[Architectury Transformer DEBUG] Writing net/sixk/sdmshop/utils/item/RangedWrapper with maxs=true frames=true
[Architectury Transformer DEBUG] Writing net/sixk/sdmshop/utils/item/InvWrapper with maxs=true frames=true
[Architectury Transformer DEBUG] Writing net/sixk/sdmshop/utils/item/IItemHandler with maxs=true frames=true
[Architectury Transformer DEBUG] Closed File Systems for C:\Users\WOBBLE~1\AppData\Local\Temp\12792784366034584607.jar
[Architectury Transformer] Listening at D:\SDMShopA\common\build\devlibs\sdmshopa-common-3.0.0-dev.jar
[Architectury Transformer DEBUG] Temporary jar [C:\Users\WOBBLE~1\AppData\Local\Temp\12792784366034584607.jar] contains packages: net.sixk.sdmshop.shop.network, net.sixk.sdmshop.utils.item, net.sixk.sdmshop.shop.network.client, net.sixk.sdmshop.shop.Tovar.AddTovar, net.sixk.sdmshop.data.config, net.sixk.sdmshop.shop.widgets, net.sixk.sdmshop.shop.network.server, net.sixk.sdmshop.shop.modern, net.sixk.sdmshop.shop, net.sixk.sdmshop.mixin, net.sixk.sdmshop.shop.modern.widgets, net.sixk.sdmshop.shop.Tovar.TovarType, net.sixk.sdmshop, net.sixk.sdmshop.shop.Tab, net.sixk.sdmshop.shop.Tovar, net.sixk.sdmshop.api
[Architectury Transformer DEBUG] Closed File Systems for D:\SDMShopA\common\build\devlibs\sdmshopa-common-3.0.0-dev.jar
[Architectury Transformer DEBUG] Classpath entry [D:\SDMShopA\neoforge\build\resources\main] contains packages: 
[Architectury Transformer DEBUG] Transforming from net/sixk/sdmshop/SDMShop.class to net/sixk/sdmshop/SDMShop.class with 6 transformer(s) on dev.architectury.transformer.handler.TinyRemapperPreparedTransformerHandler
[Architectury Transformer DEBUG] Remapping with 1 mapping provider(s):
[Architectury Transformer DEBUG]  - dev.architectury.transformer.transformers.TransformNeoForgeEnvironment$$Lambda/0x000001f764084910@6a79c292
[Architectury Transformer DEBUG] Remapping with Dirty Mappings...
[Architectury Transformer DEBUG] Remapping Classes:
[Architectury Transformer DEBUG] net/fabricmc/api/EnvType -> net/neoforged/api/distmarker/Dist
[Architectury Transformer DEBUG] net/fabricmc/api/Environment -> net/neoforged/api/distmarker/OnlyIn
[Architectury Transformer DEBUG] Found class transformer
[Architectury Transformer DEBUG] Writing net/sixk/sdmshop/SDMShop with maxs=true frames=true
[Architectury Transformer DEBUG] Transformed net/sixk/sdmshop/SDMShop in 85.18 ms
[Architectury Transformer DEBUG] Transforming from net/sixk/sdmshop/api/IConstructor.class to net/sixk/sdmshop/api/IConstructor.class with 6 transformer(s) on dev.architectury.transformer.handler.TinyRemapperPreparedTransformerHandler
[Architectury Transformer DEBUG] Remapping with 1 mapping provider(s):
[Architectury Transformer DEBUG]  - dev.architectury.transformer.transformers.TransformNeoForgeEnvironment$$Lambda/0x000001f764084910@6a79c292
[Architectury Transformer DEBUG] Remapping Classes:
[Architectury Transformer DEBUG] net/fabricmc/api/EnvType -> net/neoforged/api/distmarker/Dist
[Architectury Transformer DEBUG] net/fabricmc/api/Environment -> net/neoforged/api/distmarker/OnlyIn
[Architectury Transformer DEBUG] Found class transformer
[Architectury Transformer DEBUG] Writing net/sixk/sdmshop/api/IConstructor with maxs=true frames=true
[Architectury Transformer DEBUG] Transformed net/sixk/sdmshop/api/IConstructor in 16.62 ms
[Architectury Transformer DEBUG] Transforming from net/sixk/sdmshop/data/config/Config.class to net/sixk/sdmshop/data/config/Config.class with 6 transformer(s) on dev.architectury.transformer.handler.TinyRemapperPreparedTransformerHandler
[Architectury Transformer DEBUG] Remapping with 1 mapping provider(s):
[Architectury Transformer DEBUG]  - dev.architectury.transformer.transformers.TransformNeoForgeEnvironment$$Lambda/0x000001f764084910@6a79c292
[Architectury Transformer DEBUG] Remapping Classes:
[Architectury Transformer DEBUG] net/fabricmc/api/EnvType -> net/neoforged/api/distmarker/Dist
[Architectury Transformer DEBUG] net/fabricmc/api/Environment -> net/neoforged/api/distmarker/OnlyIn
[Architectury Transformer DEBUG] Found class transformer
[Architectury Transformer DEBUG] Writing net/sixk/sdmshop/data/config/Config with maxs=true frames=true
[Architectury Transformer DEBUG] Transformed net/sixk/sdmshop/data/config/Config in 15.29 ms
[Architectury Transformer DEBUG] Transforming from net/sixk/sdmshop/data/config/ConfigFile.class to net/sixk/sdmshop/data/config/ConfigFile.class with 6 transformer(s) on dev.architectury.transformer.handler.TinyRemapperPreparedTransformerHandler
[Architectury Transformer DEBUG] Remapping with 1 mapping provider(s):
[Architectury Transformer DEBUG]  - dev.architectury.transformer.transformers.TransformNeoForgeEnvironment$$Lambda/0x000001f764084910@6a79c292
[Architectury Transformer DEBUG] Remapping Classes:
[Architectury Transformer DEBUG] net/fabricmc/api/EnvType -> net/neoforged/api/distmarker/Dist
[Architectury Transformer DEBUG] net/fabricmc/api/Environment -> net/neoforged/api/distmarker/OnlyIn
[Architectury Transformer DEBUG] Found class transformer
[Architectury Transformer DEBUG] Writing net/sixk/sdmshop/data/config/ConfigFile with maxs=true frames=true
[Architectury Transformer DEBUG] Transformed net/sixk/sdmshop/data/config/ConfigFile in 14.01 ms
[Architectury Transformer DEBUG] Transforming from net/sixk/sdmshop/shop/network/ModNetwork.class to net/sixk/sdmshop/shop/network/ModNetwork.class with 6 transformer(s) on dev.architectury.transformer.handler.TinyRemapperPreparedTransformerHandler
[Architectury Transformer DEBUG] Remapping with 1 mapping provider(s):
[Architectury Transformer DEBUG]  - dev.architectury.transformer.transformers.TransformNeoForgeEnvironment$$Lambda/0x000001f764084910@6a79c292
[Architectury Transformer DEBUG] Remapping Classes:
[Architectury Transformer DEBUG] net/fabricmc/api/EnvType -> net/neoforged/api/distmarker/Dist
[Architectury Transformer DEBUG] net/fabricmc/api/Environment -> net/neoforged/api/distmarker/OnlyIn
[Architectury Transformer DEBUG] Found class transformer
[Architectury Transformer DEBUG] Writing net/sixk/sdmshop/shop/network/ModNetwork with maxs=true frames=true
[Architectury Transformer DEBUG] Transformed net/sixk/sdmshop/shop/network/ModNetwork in 13.20 ms
[Architectury Transformer DEBUG] Transforming from net/sixk/sdmshop/shop/network/client/BuyShopTovarC2S.class to net/sixk/sdmshop/shop/network/client/BuyShopTovarC2S.class with 6 transformer(s) on dev.architectury.transformer.handler.TinyRemapperPreparedTransformerHandler
[Architectury Transformer DEBUG] Remapping with 1 mapping provider(s):
[Architectury Transformer DEBUG]  - dev.architectury.transformer.transformers.TransformNeoForgeEnvironment$$Lambda/0x000001f764084910@6a79c292
[Architectury Transformer DEBUG] Remapping Classes:
[Architectury Transformer DEBUG] net/fabricmc/api/EnvType -> net/neoforged/api/distmarker/Dist
[Architectury Transformer DEBUG] net/fabricmc/api/Environment -> net/neoforged/api/distmarker/OnlyIn
[Architectury Transformer DEBUG] Found class transformer
[Architectury Transformer DEBUG] Writing net/sixk/sdmshop/shop/network/client/BuyShopTovarC2S with maxs=true frames=true
[Architectury Transformer DEBUG] Transformed net/sixk/sdmshop/shop/network/client/BuyShopTovarC2S in 14.53 ms
[Architectury Transformer DEBUG] Transforming from net/sixk/sdmshop/shop/network/server/SendShopDataS2C.class to net/sixk/sdmshop/shop/network/server/SendShopDataS2C.class with 6 transformer(s) on dev.architectury.transformer.handler.TinyRemapperPreparedTransformerHandler
[Architectury Transformer DEBUG] Remapping with 1 mapping provider(s):
[Architectury Transformer DEBUG]  - dev.architectury.transformer.transformers.TransformNeoForgeEnvironment$$Lambda/0x000001f764084910@6a79c292
[Architectury Transformer DEBUG] Remapping Classes:
[Architectury Transformer DEBUG] net/fabricmc/api/EnvType -> net/neoforged/api/distmarker/Dist
[Architectury Transformer DEBUG] net/fabricmc/api/Environment -> net/neoforged/api/distmarker/OnlyIn
[Architectury Transformer DEBUG] Found class transformer
[Architectury Transformer DEBUG] Writing net/sixk/sdmshop/shop/network/server/SendShopDataS2C with maxs=true frames=true
[Architectury Transformer DEBUG] Transformed net/sixk/sdmshop/shop/network/server/SendShopDataS2C in 11.62 ms
[Architectury Transformer DEBUG] Transforming from net/sixk/sdmshop/shop/network/client/UpdateTovarDataC2S.class to net/sixk/sdmshop/shop/network/client/UpdateTovarDataC2S.class with 6 transformer(s) on dev.architectury.transformer.handler.TinyRemapperPreparedTransformerHandler
[Architectury Transformer DEBUG] Remapping with 1 mapping provider(s):
[Architectury Transformer DEBUG]  - dev.architectury.transformer.transformers.TransformNeoForgeEnvironment$$Lambda/0x000001f764084910@6a79c292
[Architectury Transformer DEBUG] Remapping Classes:
[Architectury Transformer DEBUG] net/fabricmc/api/EnvType -> net/neoforged/api/distmarker/Dist
[Architectury Transformer DEBUG] net/fabricmc/api/Environment -> net/neoforged/api/distmarker/OnlyIn
[Architectury Transformer DEBUG] Found class transformer
[Architectury Transformer DEBUG] Writing net/sixk/sdmshop/shop/network/client/UpdateTovarDataC2S with maxs=true frames=true
[Architectury Transformer DEBUG] Transformed net/sixk/sdmshop/shop/network/client/UpdateTovarDataC2S in 10.65 ms
[Architectury Transformer DEBUG] Transforming from net/sixk/sdmshop/shop/network/client/UpdateTabDataC2S.class to net/sixk/sdmshop/shop/network/client/UpdateTabDataC2S.class with 6 transformer(s) on dev.architectury.transformer.handler.TinyRemapperPreparedTransformerHandler
[Architectury Transformer DEBUG] Remapping with 1 mapping provider(s):
[Architectury Transformer DEBUG]  - dev.architectury.transformer.transformers.TransformNeoForgeEnvironment$$Lambda/0x000001f764084910@6a79c292
[Architectury Transformer DEBUG] Remapping Classes:
[Architectury Transformer DEBUG] net/fabricmc/api/EnvType -> net/neoforged/api/distmarker/Dist
[Architectury Transformer DEBUG] net/fabricmc/api/Environment -> net/neoforged/api/distmarker/OnlyIn
[Architectury Transformer DEBUG] Found class transformer
[Architectury Transformer DEBUG] Writing net/sixk/sdmshop/shop/network/client/UpdateTabDataC2S with maxs=true frames=true
[Architectury Transformer DEBUG] Transformed net/sixk/sdmshop/shop/network/client/UpdateTabDataC2S in 7.937 ms
[Architectury Transformer DEBUG] Transforming from net/sixk/sdmshop/shop/network/server/SendEditModeS2C.class to net/sixk/sdmshop/shop/network/server/SendEditModeS2C.class with 6 transformer(s) on dev.architectury.transformer.handler.TinyRemapperPreparedTransformerHandler
[Architectury Transformer DEBUG] Remapping with 1 mapping provider(s):
[Architectury Transformer DEBUG]  - dev.architectury.transformer.transformers.TransformNeoForgeEnvironment$$Lambda/0x000001f764084910@6a79c292
[Architectury Transformer DEBUG] Remapping Classes:
[Architectury Transformer DEBUG] net/fabricmc/api/EnvType -> net/neoforged/api/distmarker/Dist
[Architectury Transformer DEBUG] net/fabricmc/api/Environment -> net/neoforged/api/distmarker/OnlyIn
[Architectury Transformer DEBUG] Found class transformer
[Architectury Transformer DEBUG] Writing net/sixk/sdmshop/shop/network/server/SendEditModeS2C with maxs=true frames=true
[Architectury Transformer DEBUG] Transformed net/sixk/sdmshop/shop/network/server/SendEditModeS2C in 9.099 ms
[Architectury Transformer DEBUG] Transforming from net/sixk/sdmshop/shop/network/client/SellShopTovarC2S.class to net/sixk/sdmshop/shop/network/client/SellShopTovarC2S.class with 6 transformer(s) on dev.architectury.transformer.handler.TinyRemapperPreparedTransformerHandler
[Architectury Transformer DEBUG] Remapping with 1 mapping provider(s):
[Architectury Transformer DEBUG]  - dev.architectury.transformer.transformers.TransformNeoForgeEnvironment$$Lambda/0x000001f764084910@6a79c292
[Architectury Transformer DEBUG] Remapping Classes:
[Architectury Transformer DEBUG] net/fabricmc/api/EnvType -> net/neoforged/api/distmarker/Dist
[Architectury Transformer DEBUG] net/fabricmc/api/Environment -> net/neoforged/api/distmarker/OnlyIn
[Architectury Transformer DEBUG] Found class transformer
[Architectury Transformer DEBUG] Writing net/sixk/sdmshop/shop/network/client/SellShopTovarC2S with maxs=true frames=true
[Architectury Transformer DEBUG] Transformed net/sixk/sdmshop/shop/network/client/SellShopTovarC2S in 7.975 ms
[Architectury Transformer DEBUG] Transforming from net/sixk/sdmshop/shop/network/server/SendOpenShopScreenS2C.class to net/sixk/sdmshop/shop/network/server/SendOpenShopScreenS2C.class with 6 transformer(s) on dev.architectury.transformer.handler.TinyRemapperPreparedTransformerHandler
[Architectury Transformer DEBUG] Remapping with 1 mapping provider(s):
[Architectury Transformer DEBUG]  - dev.architectury.transformer.transformers.TransformNeoForgeEnvironment$$Lambda/0x000001f764084910@6a79c292
[Architectury Transformer DEBUG] Remapping Classes:
[Architectury Transformer DEBUG] net/fabricmc/api/EnvType -> net/neoforged/api/distmarker/Dist
[Architectury Transformer DEBUG] net/fabricmc/api/Environment -> net/neoforged/api/distmarker/OnlyIn
[Architectury Transformer DEBUG] Found class transformer
[Architectury Transformer DEBUG] Writing net/sixk/sdmshop/shop/network/server/SendOpenShopScreenS2C with maxs=true frames=true
[Architectury Transformer DEBUG] Transformed net/sixk/sdmshop/shop/network/server/SendOpenShopScreenS2C in 7.042 ms
[Architectury Transformer DEBUG] Transforming from net/sixk/sdmshop/shop/network/server/SendConfigS2C.class to net/sixk/sdmshop/shop/network/server/SendConfigS2C.class with 6 transformer(s) on dev.architectury.transformer.handler.TinyRemapperPreparedTransformerHandler
[Architectury Transformer DEBUG] Remapping with 1 mapping provider(s):
[Architectury Transformer DEBUG]  - dev.architectury.transformer.transformers.TransformNeoForgeEnvironment$$Lambda/0x000001f764084910@6a79c292
[Architectury Transformer DEBUG] Remapping Classes:
[Architectury Transformer DEBUG] net/fabricmc/api/EnvType -> net/neoforged/api/distmarker/Dist
[Architectury Transformer DEBUG] net/fabricmc/api/Environment -> net/neoforged/api/distmarker/OnlyIn
[Architectury Transformer DEBUG] Found class transformer
[Architectury Transformer DEBUG] Writing net/sixk/sdmshop/shop/network/server/SendConfigS2C with maxs=true frames=true
[Architectury Transformer DEBUG] Transformed net/sixk/sdmshop/shop/network/server/SendConfigS2C in 7.283 ms
[Architectury Transformer DEBUG] Transforming from net/sixk/sdmshop/shop/ShopComands.class to net/sixk/sdmshop/shop/ShopComands.class with 6 transformer(s) on dev.architectury.transformer.handler.TinyRemapperPreparedTransformerHandler
[Architectury Transformer DEBUG] Remapping with 1 mapping provider(s):
[Architectury Transformer DEBUG]  - dev.architectury.transformer.transformers.TransformNeoForgeEnvironment$$Lambda/0x000001f764084910@6a79c292
[Architectury Transformer DEBUG] Remapping Classes:
[Architectury Transformer DEBUG] net/fabricmc/api/EnvType -> net/neoforged/api/distmarker/Dist
[Architectury Transformer DEBUG] net/fabricmc/api/Environment -> net/neoforged/api/distmarker/OnlyIn
[Architectury Transformer DEBUG] Found class transformer
[Architectury Transformer DEBUG] Writing net/sixk/sdmshop/shop/ShopComands with maxs=true frames=true
[Architectury Transformer DEBUG] Transformed net/sixk/sdmshop/shop/ShopComands in 9.516 ms
[Architectury Transformer DEBUG] Transforming from net/sixk/sdmshop/SDMShopClient.class to net/sixk/sdmshop/SDMShopClient.class with 6 transformer(s) on dev.architectury.transformer.handler.TinyRemapperPreparedTransformerHandler
[Architectury Transformer DEBUG] Remapping with 1 mapping provider(s):
[Architectury Transformer DEBUG]  - dev.architectury.transformer.transformers.TransformNeoForgeEnvironment$$Lambda/0x000001f764084910@6a79c292
[Architectury Transformer DEBUG] Remapping Classes:
[Architectury Transformer DEBUG] net/fabricmc/api/EnvType -> net/neoforged/api/distmarker/Dist
[Architectury Transformer DEBUG] net/fabricmc/api/Environment -> net/neoforged/api/distmarker/OnlyIn
[Architectury Transformer DEBUG] Found class transformer
[Architectury Transformer DEBUG] Writing net/sixk/sdmshop/SDMShopClient with maxs=true frames=true
[Architectury Transformer DEBUG] Transformed net/sixk/sdmshop/SDMShopClient in 8.604 ms
[Architectury Transformer DEBUG] Transforming from net/sixk/sdmshop/shop/Tovar/TovarType/TovarItem$Constructor.class to net/sixk/sdmshop/shop/Tovar/TovarType/TovarItem$Constructor.class with 6 transformer(s) on dev.architectury.transformer.handler.TinyRemapperPreparedTransformerHandler
[Architectury Transformer DEBUG] Remapping with 1 mapping provider(s):
[Architectury Transformer DEBUG]  - dev.architectury.transformer.transformers.TransformNeoForgeEnvironment$$Lambda/0x000001f764084910@6a79c292
[Architectury Transformer DEBUG] Remapping Classes:
[Architectury Transformer DEBUG] net/fabricmc/api/EnvType -> net/neoforged/api/distmarker/Dist
[Architectury Transformer DEBUG] net/fabricmc/api/Environment -> net/neoforged/api/distmarker/OnlyIn
[Architectury Transformer DEBUG] Found class transformer
[Architectury Transformer DEBUG] Writing net/sixk/sdmshop/shop/Tovar/TovarType/TovarItem$Constructor with maxs=true frames=true
[Architectury Transformer DEBUG] Transformed net/sixk/sdmshop/shop/Tovar/TovarType/TovarItem$Constructor in 8.753 ms
[Architectury Transformer DEBUG] Transforming from net/sixk/sdmshop/shop/Tovar/AbstractTovar.class to net/sixk/sdmshop/shop/Tovar/AbstractTovar.class with 6 transformer(s) on dev.architectury.transformer.handler.TinyRemapperPreparedTransformerHandler
[Architectury Transformer DEBUG] Remapping with 1 mapping provider(s):
[Architectury Transformer DEBUG]  - dev.architectury.transformer.transformers.TransformNeoForgeEnvironment$$Lambda/0x000001f764084910@6a79c292
[Architectury Transformer DEBUG] Remapping Classes:
[Architectury Transformer DEBUG] net/fabricmc/api/EnvType -> net/neoforged/api/distmarker/Dist
[Architectury Transformer DEBUG] net/fabricmc/api/Environment -> net/neoforged/api/distmarker/OnlyIn
[Architectury Transformer DEBUG] Found class transformer
[Architectury Transformer DEBUG] Writing net/sixk/sdmshop/shop/Tovar/AbstractTovar with maxs=true frames=true
[Architectury Transformer DEBUG] Transformed net/sixk/sdmshop/shop/Tovar/AbstractTovar in 7.314 ms
[Architectury Transformer DEBUG] Transforming from net/sixk/sdmshop/api/IItemSerializer.class to net/sixk/sdmshop/api/IItemSerializer.class with 6 transformer(s) on dev.architectury.transformer.handler.TinyRemapperPreparedTransformerHandler
[Architectury Transformer DEBUG] Remapping with 1 mapping provider(s):
[Architectury Transformer DEBUG]  - dev.architectury.transformer.transformers.TransformNeoForgeEnvironment$$Lambda/0x000001f764084910@6a79c292
[Architectury Transformer DEBUG] Remapping Classes:
[Architectury Transformer DEBUG] net/fabricmc/api/EnvType -> net/neoforged/api/distmarker/Dist
[Architectury Transformer DEBUG] net/fabricmc/api/Environment -> net/neoforged/api/distmarker/OnlyIn
[Architectury Transformer DEBUG] Found class transformer
[Architectury Transformer DEBUG] Writing net/sixk/sdmshop/api/IItemSerializer with maxs=true frames=true
[Architectury Transformer DEBUG] Transformed net/sixk/sdmshop/api/IItemSerializer in 8.852 ms
[Architectury Transformer DEBUG] Transforming from net/sixk/sdmshop/shop/Tovar/TovarType/TovarItem.class to net/sixk/sdmshop/shop/Tovar/TovarType/TovarItem.class with 6 transformer(s) on dev.architectury.transformer.handler.TinyRemapperPreparedTransformerHandler
[Architectury Transformer DEBUG] Remapping with 1 mapping provider(s):
[Architectury Transformer DEBUG]  - dev.architectury.transformer.transformers.TransformNeoForgeEnvironment$$Lambda/0x000001f764084910@6a79c292
[Architectury Transformer DEBUG] Remapping Classes:
[Architectury Transformer DEBUG] net/fabricmc/api/EnvType -> net/neoforged/api/distmarker/Dist
[Architectury Transformer DEBUG] net/fabricmc/api/Environment -> net/neoforged/api/distmarker/OnlyIn
[Architectury Transformer DEBUG] Found class transformer
[Architectury Transformer DEBUG] Writing net/sixk/sdmshop/shop/Tovar/TovarType/TovarItem with maxs=true frames=true
[Architectury Transformer DEBUG] Transformed net/sixk/sdmshop/shop/Tovar/TovarType/TovarItem in 8.227 ms
[Architectury Transformer DEBUG] Transforming from net/sixk/sdmshop/shop/Tovar/TovarType/TovarTypeRegister.class to net/sixk/sdmshop/shop/Tovar/TovarType/TovarTypeRegister.class with 6 transformer(s) on dev.architectury.transformer.handler.TinyRemapperPreparedTransformerHandler
[Architectury Transformer DEBUG] Remapping with 1 mapping provider(s):
[Architectury Transformer DEBUG]  - dev.architectury.transformer.transformers.TransformNeoForgeEnvironment$$Lambda/0x000001f764084910@6a79c292
[Architectury Transformer DEBUG] Remapping Classes:
[Architectury Transformer DEBUG] net/fabricmc/api/EnvType -> net/neoforged/api/distmarker/Dist
[Architectury Transformer DEBUG] net/fabricmc/api/Environment -> net/neoforged/api/distmarker/OnlyIn
[Architectury Transformer DEBUG] Found class transformer
[Architectury Transformer DEBUG] Writing net/sixk/sdmshop/shop/Tovar/TovarType/TovarTypeRegister with maxs=true frames=true
[Architectury Transformer DEBUG] Transformed net/sixk/sdmshop/shop/Tovar/TovarType/TovarTypeRegister in 7.263 ms
[Architectury Transformer DEBUG] Transforming from net/sixk/sdmshop/shop/Tovar/TovarType/TovarXP$Constructor.class to net/sixk/sdmshop/shop/Tovar/TovarType/TovarXP$Constructor.class with 6 transformer(s) on dev.architectury.transformer.handler.TinyRemapperPreparedTransformerHandler
[Architectury Transformer DEBUG] Remapping with 1 mapping provider(s):
[Architectury Transformer DEBUG]  - dev.architectury.transformer.transformers.TransformNeoForgeEnvironment$$Lambda/0x000001f764084910@6a79c292
[Architectury Transformer DEBUG] Remapping Classes:
[Architectury Transformer DEBUG] net/fabricmc/api/EnvType -> net/neoforged/api/distmarker/Dist
[Architectury Transformer DEBUG] net/fabricmc/api/Environment -> net/neoforged/api/distmarker/OnlyIn
[Architectury Transformer DEBUG] Found class transformer
[Architectury Transformer DEBUG] Writing net/sixk/sdmshop/shop/Tovar/TovarType/TovarXP$Constructor with maxs=true frames=true
[Architectury Transformer DEBUG] Transformed net/sixk/sdmshop/shop/Tovar/TovarType/TovarXP$Constructor in 6.169 ms
[Architectury Transformer DEBUG] Transforming from net/sixk/sdmshop/shop/Tovar/TovarType/TovarXP.class to net/sixk/sdmshop/shop/Tovar/TovarType/TovarXP.class with 6 transformer(s) on dev.architectury.transformer.handler.TinyRemapperPreparedTransformerHandler
[Architectury Transformer DEBUG] Remapping with 1 mapping provider(s):
[Architectury Transformer DEBUG]  - dev.architectury.transformer.transformers.TransformNeoForgeEnvironment$$Lambda/0x000001f764084910@6a79c292
[Architectury Transformer DEBUG] Remapping Classes:
[Architectury Transformer DEBUG] net/fabricmc/api/EnvType -> net/neoforged/api/distmarker/Dist
[Architectury Transformer DEBUG] net/fabricmc/api/Environment -> net/neoforged/api/distmarker/OnlyIn
[Architectury Transformer DEBUG] Found class transformer
[Architectury Transformer DEBUG] Writing net/sixk/sdmshop/shop/Tovar/TovarType/TovarXP with maxs=true frames=true
[Architectury Transformer DEBUG] Transformed net/sixk/sdmshop/shop/Tovar/TovarType/TovarXP in 6.690 ms
[Architectury Transformer DEBUG] Transforming from net/sixk/sdmshop/shop/Tovar/TovarType/TovarCommand$Constructor.class to net/sixk/sdmshop/shop/Tovar/TovarType/TovarCommand$Constructor.class with 6 transformer(s) on dev.architectury.transformer.handler.TinyRemapperPreparedTransformerHandler
[Architectury Transformer DEBUG] Remapping with 1 mapping provider(s):
[Architectury Transformer DEBUG]  - dev.architectury.transformer.transformers.TransformNeoForgeEnvironment$$Lambda/0x000001f764084910@6a79c292
[Architectury Transformer DEBUG] Remapping Classes:
[Architectury Transformer DEBUG] net/fabricmc/api/EnvType -> net/neoforged/api/distmarker/Dist
[Architectury Transformer DEBUG] net/fabricmc/api/Environment -> net/neoforged/api/distmarker/OnlyIn
[Architectury Transformer DEBUG] Found class transformer
[Architectury Transformer DEBUG] Writing net/sixk/sdmshop/shop/Tovar/TovarType/TovarCommand$Constructor with maxs=true frames=true
[Architectury Transformer DEBUG] Transformed net/sixk/sdmshop/shop/Tovar/TovarType/TovarCommand$Constructor in 5.729 ms
[Architectury Transformer DEBUG] Transforming from net/sixk/sdmshop/shop/Tovar/TovarType/TovarCommand.class to net/sixk/sdmshop/shop/Tovar/TovarType/TovarCommand.class with 6 transformer(s) on dev.architectury.transformer.handler.TinyRemapperPreparedTransformerHandler
[Architectury Transformer DEBUG] Remapping with 1 mapping provider(s):
[Architectury Transformer DEBUG]  - dev.architectury.transformer.transformers.TransformNeoForgeEnvironment$$Lambda/0x000001f764084910@6a79c292
[Architectury Transformer DEBUG] Remapping Classes:
[Architectury Transformer DEBUG] net/fabricmc/api/EnvType -> net/neoforged/api/distmarker/Dist
[Architectury Transformer DEBUG] net/fabricmc/api/Environment -> net/neoforged/api/distmarker/OnlyIn
[Architectury Transformer DEBUG] Found class transformer
[Architectury Transformer DEBUG] Writing net/sixk/sdmshop/shop/Tovar/TovarType/TovarCommand with maxs=true frames=true
[Architectury Transformer DEBUG] Transformed net/sixk/sdmshop/shop/Tovar/TovarType/TovarCommand in 6.529 ms
[Architectury Transformer DEBUG] Transforming from net/sixk/sdmshop/shop/Tab/TovarTab.class to net/sixk/sdmshop/shop/Tab/TovarTab.class with 6 transformer(s) on dev.architectury.transformer.handler.TinyRemapperPreparedTransformerHandler
[Architectury Transformer DEBUG] Remapping with 1 mapping provider(s):
[Architectury Transformer DEBUG]  - dev.architectury.transformer.transformers.TransformNeoForgeEnvironment$$Lambda/0x000001f764084910@6a79c292
[Architectury Transformer DEBUG] Remapping Classes:
[Architectury Transformer DEBUG] net/fabricmc/api/EnvType -> net/neoforged/api/distmarker/Dist
[Architectury Transformer DEBUG] net/fabricmc/api/Environment -> net/neoforged/api/distmarker/OnlyIn
[Architectury Transformer DEBUG] Found class transformer
[Architectury Transformer DEBUG] Writing net/sixk/sdmshop/shop/Tab/TovarTab with maxs=true frames=true
[Architectury Transformer DEBUG] Transformed net/sixk/sdmshop/shop/Tab/TovarTab in 7.096 ms
[Architectury Transformer DEBUG] Transforming from net/sixk/sdmshop/shop/Tovar/TovarList.class to net/sixk/sdmshop/shop/Tovar/TovarList.class with 6 transformer(s) on dev.architectury.transformer.handler.TinyRemapperPreparedTransformerHandler
[Architectury Transformer DEBUG] Remapping with 1 mapping provider(s):
[Architectury Transformer DEBUG]  - dev.architectury.transformer.transformers.TransformNeoForgeEnvironment$$Lambda/0x000001f764084910@6a79c292
[Architectury Transformer DEBUG] Remapping Classes:
[Architectury Transformer DEBUG] net/fabricmc/api/EnvType -> net/neoforged/api/distmarker/Dist
[Architectury Transformer DEBUG] net/fabricmc/api/Environment -> net/neoforged/api/distmarker/OnlyIn
[Architectury Transformer DEBUG] Found class transformer
[Architectury Transformer DEBUG] Writing net/sixk/sdmshop/shop/Tovar/TovarList with maxs=true frames=true
[Architectury Transformer DEBUG] Transformed net/sixk/sdmshop/shop/Tovar/TovarList in 6.427 ms
[Architectury Transformer DEBUG] Transforming from net/sixk/sdmshop/shop/Tab/Tab.class to net/sixk/sdmshop/shop/Tab/Tab.class with 6 transformer(s) on dev.architectury.transformer.handler.TinyRemapperPreparedTransformerHandler
[Architectury Transformer DEBUG] Remapping with 1 mapping provider(s):
[Architectury Transformer DEBUG]  - dev.architectury.transformer.transformers.TransformNeoForgeEnvironment$$Lambda/0x000001f764084910@6a79c292
[Architectury Transformer DEBUG] Remapping Classes:
[Architectury Transformer DEBUG] net/fabricmc/api/EnvType -> net/neoforged/api/distmarker/Dist
[Architectury Transformer DEBUG] net/fabricmc/api/Environment -> net/neoforged/api/distmarker/OnlyIn
[Architectury Transformer DEBUG] Found class transformer
[Architectury Transformer DEBUG] Writing net/sixk/sdmshop/shop/Tab/Tab with maxs=true frames=true
[Architectury Transformer DEBUG] Transformed net/sixk/sdmshop/shop/Tab/Tab in 6.996 ms
[Architectury Transformer DEBUG] Transforming from net/sixk/sdmshop/shop/Tovar/Tovar.class to net/sixk/sdmshop/shop/Tovar/Tovar.class with 6 transformer(s) on dev.architectury.transformer.handler.TinyRemapperPreparedTransformerHandler
[Architectury Transformer DEBUG] Remapping with 1 mapping provider(s):
[Architectury Transformer DEBUG]  - dev.architectury.transformer.transformers.TransformNeoForgeEnvironment$$Lambda/0x000001f764084910@6a79c292
[Architectury Transformer DEBUG] Remapping Classes:
[Architectury Transformer DEBUG] net/fabricmc/api/EnvType -> net/neoforged/api/distmarker/Dist
[Architectury Transformer DEBUG] net/fabricmc/api/Environment -> net/neoforged/api/distmarker/OnlyIn
[Architectury Transformer DEBUG] Found class transformer
[Architectury Transformer DEBUG] Writing net/sixk/sdmshop/shop/Tovar/Tovar with maxs=true frames=true
[Architectury Transformer DEBUG] Transformed net/sixk/sdmshop/shop/Tovar/Tovar in 14.05 ms
[Architectury Transformer DEBUG] Transforming from net/sixk/sdmshop/shop/modern/ShopPageModern.class to net/sixk/sdmshop/shop/modern/ShopPageModern.class with 6 transformer(s) on dev.architectury.transformer.handler.TinyRemapperPreparedTransformerHandler
[Architectury Transformer DEBUG] Remapping with 1 mapping provider(s):
[Architectury Transformer DEBUG]  - dev.architectury.transformer.transformers.TransformNeoForgeEnvironment$$Lambda/0x000001f764084910@6a79c292
[Architectury Transformer DEBUG] Remapping Classes:
[Architectury Transformer DEBUG] net/fabricmc/api/EnvType -> net/neoforged/api/distmarker/Dist
[Architectury Transformer DEBUG] net/fabricmc/api/Environment -> net/neoforged/api/distmarker/OnlyIn
[Architectury Transformer DEBUG] Found class transformer
[Architectury Transformer DEBUG] Writing net/sixk/sdmshop/shop/modern/ShopPageModern with maxs=true frames=true
[Architectury Transformer DEBUG] Transformed net/sixk/sdmshop/shop/modern/ShopPageModern in 10.26 ms
[Architectury Transformer DEBUG] Transforming from net/sixk/sdmshop/shop/modern/ModernShopTitelPanel.class to net/sixk/sdmshop/shop/modern/ModernShopTitelPanel.class with 6 transformer(s) on dev.architectury.transformer.handler.TinyRemapperPreparedTransformerHandler
[Architectury Transformer DEBUG] Remapping with 1 mapping provider(s):
[Architectury Transformer DEBUG]  - dev.architectury.transformer.transformers.TransformNeoForgeEnvironment$$Lambda/0x000001f764084910@6a79c292
[Architectury Transformer DEBUG] Remapping Classes:
[Architectury Transformer DEBUG] net/fabricmc/api/EnvType -> net/neoforged/api/distmarker/Dist
[Architectury Transformer DEBUG] net/fabricmc/api/Environment -> net/neoforged/api/distmarker/OnlyIn
[Architectury Transformer DEBUG] Found class transformer
[Architectury Transformer DEBUG] Writing net/sixk/sdmshop/shop/modern/ModernShopTitelPanel with maxs=true frames=true
[Architectury Transformer DEBUG] Transformed net/sixk/sdmshop/shop/modern/ModernShopTitelPanel in 7.541 ms
[Architectury Transformer DEBUG] Transforming from net/sixk/sdmshop/shop/modern/ModernTabPanel.class to net/sixk/sdmshop/shop/modern/ModernTabPanel.class with 6 transformer(s) on dev.architectury.transformer.handler.TinyRemapperPreparedTransformerHandler
[Architectury Transformer DEBUG] Remapping with 1 mapping provider(s):
[Architectury Transformer DEBUG]  - dev.architectury.transformer.transformers.TransformNeoForgeEnvironment$$Lambda/0x000001f764084910@6a79c292
[Architectury Transformer DEBUG] Remapping Classes:
[Architectury Transformer DEBUG] net/fabricmc/api/EnvType -> net/neoforged/api/distmarker/Dist
[Architectury Transformer DEBUG] net/fabricmc/api/Environment -> net/neoforged/api/distmarker/OnlyIn
[Architectury Transformer DEBUG] Found class transformer
[Architectury Transformer DEBUG] Writing net/sixk/sdmshop/shop/modern/ModernTabPanel with maxs=true frames=true
[Architectury Transformer DEBUG] Transformed net/sixk/sdmshop/shop/modern/ModernTabPanel in 10.12 ms
[Architectury Transformer DEBUG] Transforming from net/sixk/sdmshop/shop/modern/ModernShopPageWalletPanel.class to net/sixk/sdmshop/shop/modern/ModernShopPageWalletPanel.class with 6 transformer(s) on dev.architectury.transformer.handler.TinyRemapperPreparedTransformerHandler
[Architectury Transformer DEBUG] Remapping with 1 mapping provider(s):
[Architectury Transformer DEBUG]  - dev.architectury.transformer.transformers.TransformNeoForgeEnvironment$$Lambda/0x000001f764084910@6a79c292
[Architectury Transformer DEBUG] Remapping Classes:
[Architectury Transformer DEBUG] net/fabricmc/api/EnvType -> net/neoforged/api/distmarker/Dist
[Architectury Transformer DEBUG] net/fabricmc/api/Environment -> net/neoforged/api/distmarker/OnlyIn
[Architectury Transformer DEBUG] Found class transformer
[Architectury Transformer DEBUG] Writing net/sixk/sdmshop/shop/modern/ModernShopPageWalletPanel with maxs=true frames=true
[Architectury Transformer DEBUG] Transformed net/sixk/sdmshop/shop/modern/ModernShopPageWalletPanel in 8.767 ms
[Architectury Transformer DEBUG] Transforming from net/sixk/sdmshop/shop/modern/ModernSearchPanel.class to net/sixk/sdmshop/shop/modern/ModernSearchPanel.class with 6 transformer(s) on dev.architectury.transformer.handler.TinyRemapperPreparedTransformerHandler
[Architectury Transformer DEBUG] Remapping with 1 mapping provider(s):
[Architectury Transformer DEBUG]  - dev.architectury.transformer.transformers.TransformNeoForgeEnvironment$$Lambda/0x000001f764084910@6a79c292
[Architectury Transformer DEBUG] Remapping Classes:
[Architectury Transformer DEBUG] net/fabricmc/api/EnvType -> net/neoforged/api/distmarker/Dist
[Architectury Transformer DEBUG] net/fabricmc/api/Environment -> net/neoforged/api/distmarker/OnlyIn
[Architectury Transformer DEBUG] Found class transformer
[Architectury Transformer DEBUG] Writing net/sixk/sdmshop/shop/modern/ModernSearchPanel with maxs=true frames=true
[Architectury Transformer DEBUG] Transformed net/sixk/sdmshop/shop/modern/ModernSearchPanel in 8.202 ms
[Architectury Transformer DEBUG] Transforming from net/sixk/sdmshop/shop/modern/ModernShopEntriesPanel.class to net/sixk/sdmshop/shop/modern/ModernShopEntriesPanel.class with 6 transformer(s) on dev.architectury.transformer.handler.TinyRemapperPreparedTransformerHandler
[Architectury Transformer DEBUG] Remapping with 1 mapping provider(s):
[Architectury Transformer DEBUG]  - dev.architectury.transformer.transformers.TransformNeoForgeEnvironment$$Lambda/0x000001f764084910@6a79c292
[Architectury Transformer DEBUG] Remapping Classes:
[Architectury Transformer DEBUG] net/fabricmc/api/EnvType -> net/neoforged/api/distmarker/Dist
[Architectury Transformer DEBUG] net/fabricmc/api/Environment -> net/neoforged/api/distmarker/OnlyIn
[Architectury Transformer DEBUG] Found class transformer
[Architectury Transformer DEBUG] Writing net/sixk/sdmshop/shop/modern/ModernShopEntriesPanel with maxs=true frames=true
[Architectury Transformer DEBUG] Transformed net/sixk/sdmshop/shop/modern/ModernShopEntriesPanel in 8.551 ms
[Architectury Transformer DEBUG] Transforming from net/sixk/sdmshop/mixin/TextFieldMixin.class to net/sixk/sdmshop/mixin/TextFieldMixin.class with 6 transformer(s) on dev.architectury.transformer.handler.TinyRemapperPreparedTransformerHandler
[Architectury Transformer DEBUG] Remapping with 1 mapping provider(s):
[Architectury Transformer DEBUG]  - dev.architectury.transformer.transformers.TransformNeoForgeEnvironment$$Lambda/0x000001f764084910@6a79c292
[Architectury Transformer DEBUG] Remapping Classes:
[Architectury Transformer DEBUG] net/fabricmc/api/EnvType -> net/neoforged/api/distmarker/Dist
[Architectury Transformer DEBUG] net/fabricmc/api/Environment -> net/neoforged/api/distmarker/OnlyIn
[Architectury Transformer DEBUG] Found class transformer
[Architectury Transformer DEBUG] Writing net/sixk/sdmshop/mixin/TextFieldMixin with maxs=true frames=true
[Architectury Transformer DEBUG] Transformed net/sixk/sdmshop/mixin/TextFieldMixin in 7.175 ms
[Architectury Transformer DEBUG] Transforming from net/sixk/sdmshop/shop/modern/ModernShopPageWalletPanel$1.class to net/sixk/sdmshop/shop/modern/ModernShopPageWalletPanel$1.class with 6 transformer(s) on dev.architectury.transformer.handler.TinyRemapperPreparedTransformerHandler
[Architectury Transformer DEBUG] Remapping with 1 mapping provider(s):
[Architectury Transformer DEBUG]  - dev.architectury.transformer.transformers.TransformNeoForgeEnvironment$$Lambda/0x000001f764084910@6a79c292
[Architectury Transformer DEBUG] Remapping Classes:
[Architectury Transformer DEBUG] net/fabricmc/api/EnvType -> net/neoforged/api/distmarker/Dist
[Architectury Transformer DEBUG] net/fabricmc/api/Environment -> net/neoforged/api/distmarker/OnlyIn
[Architectury Transformer DEBUG] Found class transformer
[Architectury Transformer DEBUG] Writing net/sixk/sdmshop/shop/modern/ModernShopPageWalletPanel$1 with maxs=true frames=true
[Architectury Transformer DEBUG] Transformed net/sixk/sdmshop/shop/modern/ModernShopPageWalletPanel$1 in 7.875 ms
[Architectury Transformer DEBUG] Transforming from net/sixk/sdmshop/shop/widgets/Search.class to net/sixk/sdmshop/shop/widgets/Search.class with 6 transformer(s) on dev.architectury.transformer.handler.TinyRemapperPreparedTransformerHandler
[Architectury Transformer DEBUG] Remapping with 1 mapping provider(s):
[Architectury Transformer DEBUG]  - dev.architectury.transformer.transformers.TransformNeoForgeEnvironment$$Lambda/0x000001f764084910@6a79c292
[Architectury Transformer DEBUG] Remapping Classes:
[Architectury Transformer DEBUG] net/fabricmc/api/EnvType -> net/neoforged/api/distmarker/Dist
[Architectury Transformer DEBUG] net/fabricmc/api/Environment -> net/neoforged/api/distmarker/OnlyIn
[Architectury Transformer DEBUG] Found class transformer
[Architectury Transformer DEBUG] Writing net/sixk/sdmshop/shop/widgets/Search with maxs=true frames=true
[Architectury Transformer DEBUG] Transformed net/sixk/sdmshop/shop/widgets/Search in 8.694 ms
[Architectury Transformer DEBUG] Transforming from net/sixk/sdmshop/shop/widgets/EntryPanel.class to net/sixk/sdmshop/shop/widgets/EntryPanel.class with 6 transformer(s) on dev.architectury.transformer.handler.TinyRemapperPreparedTransformerHandler
[Architectury Transformer DEBUG] Remapping with 1 mapping provider(s):
[Architectury Transformer DEBUG]  - dev.architectury.transformer.transformers.TransformNeoForgeEnvironment$$Lambda/0x000001f764084910@6a79c292
[Architectury Transformer DEBUG] Remapping Classes:
[Architectury Transformer DEBUG] net/fabricmc/api/EnvType -> net/neoforged/api/distmarker/Dist
[Architectury Transformer DEBUG] net/fabricmc/api/Environment -> net/neoforged/api/distmarker/OnlyIn
[Architectury Transformer DEBUG] Found class transformer
[Architectury Transformer DEBUG] Writing net/sixk/sdmshop/shop/widgets/EntryPanel with maxs=true frames=true
[Architectury Transformer DEBUG] Transformed net/sixk/sdmshop/shop/widgets/EntryPanel in 7.922 ms
[Architectury Transformer DEBUG] Transforming from net/sixk/sdmshop/shop/Tab/TabPanel.class to net/sixk/sdmshop/shop/Tab/TabPanel.class with 6 transformer(s) on dev.architectury.transformer.handler.TinyRemapperPreparedTransformerHandler
[Architectury Transformer DEBUG] Remapping with 1 mapping provider(s):
[Architectury Transformer DEBUG]  - dev.architectury.transformer.transformers.TransformNeoForgeEnvironment$$Lambda/0x000001f764084910@6a79c292
[Architectury Transformer DEBUG] Remapping Classes:
[Architectury Transformer DEBUG] net/fabricmc/api/EnvType -> net/neoforged/api/distmarker/Dist
[Architectury Transformer DEBUG] net/fabricmc/api/Environment -> net/neoforged/api/distmarker/OnlyIn
[Architectury Transformer DEBUG] Found class transformer
[Architectury Transformer DEBUG] Writing net/sixk/sdmshop/shop/Tab/TabPanel with maxs=true frames=true
[Architectury Transformer DEBUG] Transformed net/sixk/sdmshop/shop/Tab/TabPanel in 8.401 ms
[Architectury Transformer DEBUG] Transforming from net/sixk/sdmshop/shop/Tab/TabRender.class to net/sixk/sdmshop/shop/Tab/TabRender.class with 6 transformer(s) on dev.architectury.transformer.handler.TinyRemapperPreparedTransformerHandler
[Architectury Transformer DEBUG] Remapping with 1 mapping provider(s):
[Architectury Transformer DEBUG]  - dev.architectury.transformer.transformers.TransformNeoForgeEnvironment$$Lambda/0x000001f764084910@6a79c292
[Architectury Transformer DEBUG] Remapping Classes:
[Architectury Transformer DEBUG] net/fabricmc/api/EnvType -> net/neoforged/api/distmarker/Dist
[Architectury Transformer DEBUG] net/fabricmc/api/Environment -> net/neoforged/api/distmarker/OnlyIn
[Architectury Transformer DEBUG] Found class transformer
[Architectury Transformer DEBUG] Writing net/sixk/sdmshop/shop/Tab/TabRender with maxs=true frames=true
[Architectury Transformer DEBUG] Transformed net/sixk/sdmshop/shop/Tab/TabRender in 7.866 ms
[Architectury Transformer DEBUG] Transforming from net/sixk/sdmshop/shop/Tab/TabRender$1.class to net/sixk/sdmshop/shop/Tab/TabRender$1.class with 6 transformer(s) on dev.architectury.transformer.handler.TinyRemapperPreparedTransformerHandler
[Architectury Transformer DEBUG] Remapping with 1 mapping provider(s):
[Architectury Transformer DEBUG]  - dev.architectury.transformer.transformers.TransformNeoForgeEnvironment$$Lambda/0x000001f764084910@6a79c292
[Architectury Transformer DEBUG] Remapping Classes:
[Architectury Transformer DEBUG] net/fabricmc/api/EnvType -> net/neoforged/api/distmarker/Dist
[Architectury Transformer DEBUG] net/fabricmc/api/Environment -> net/neoforged/api/distmarker/OnlyIn
[Architectury Transformer DEBUG] Found class transformer
[Architectury Transformer DEBUG] Writing net/sixk/sdmshop/shop/Tab/TabRender$1 with maxs=true frames=true
[Architectury Transformer DEBUG] Transformed net/sixk/sdmshop/shop/Tab/TabRender$1 in 8.356 ms
[Architectury Transformer DEBUG] Transforming from net/sixk/sdmshop/shop/Tovar/TovarPanel.class to net/sixk/sdmshop/shop/Tovar/TovarPanel.class with 6 transformer(s) on dev.architectury.transformer.handler.TinyRemapperPreparedTransformerHandler
[Architectury Transformer DEBUG] Remapping with 1 mapping provider(s):
[Architectury Transformer DEBUG]  - dev.architectury.transformer.transformers.TransformNeoForgeEnvironment$$Lambda/0x000001f764084910@6a79c292
[Architectury Transformer DEBUG] Remapping Classes:
[Architectury Transformer DEBUG] net/fabricmc/api/EnvType -> net/neoforged/api/distmarker/Dist
[Architectury Transformer DEBUG] net/fabricmc/api/Environment -> net/neoforged/api/distmarker/OnlyIn
[Architectury Transformer DEBUG] Found class transformer
[Architectury Transformer DEBUG] Writing net/sixk/sdmshop/shop/Tovar/TovarPanel with maxs=true frames=true
[Architectury Transformer DEBUG] Transformed net/sixk/sdmshop/shop/Tovar/TovarPanel in 8.057 ms
[Architectury Transformer DEBUG] Transforming from net/sixk/sdmshop/shop/modern/ModernTovarPanel.class to net/sixk/sdmshop/shop/modern/ModernTovarPanel.class with 6 transformer(s) on dev.architectury.transformer.handler.TinyRemapperPreparedTransformerHandler
[Architectury Transformer DEBUG] Remapping with 1 mapping provider(s):
[Architectury Transformer DEBUG]  - dev.architectury.transformer.transformers.TransformNeoForgeEnvironment$$Lambda/0x000001f764084910@6a79c292
[Architectury Transformer DEBUG] Remapping Classes:
[Architectury Transformer DEBUG] net/fabricmc/api/EnvType -> net/neoforged/api/distmarker/Dist
[Architectury Transformer DEBUG] net/fabricmc/api/Environment -> net/neoforged/api/distmarker/OnlyIn
[Architectury Transformer DEBUG] Found class transformer
[Architectury Transformer DEBUG] Writing net/sixk/sdmshop/shop/modern/ModernTovarPanel with maxs=true frames=true
[Architectury Transformer DEBUG] Transformed net/sixk/sdmshop/shop/modern/ModernTovarPanel in 8.736 ms
[Architectury Transformer DEBUG] Transforming from net/sixk/sdmshop/shop/Tovar/TovarPanel$1.class to net/sixk/sdmshop/shop/Tovar/TovarPanel$1.class with 6 transformer(s) on dev.architectury.transformer.handler.TinyRemapperPreparedTransformerHandler
[Architectury Transformer DEBUG] Remapping with 1 mapping provider(s):
[Architectury Transformer DEBUG]  - dev.architectury.transformer.transformers.TransformNeoForgeEnvironment$$Lambda/0x000001f764084910@6a79c292
[Architectury Transformer DEBUG] Remapping Classes:
[Architectury Transformer DEBUG] net/fabricmc/api/EnvType -> net/neoforged/api/distmarker/Dist
[Architectury Transformer DEBUG] net/fabricmc/api/Environment -> net/neoforged/api/distmarker/OnlyIn
[Architectury Transformer DEBUG] Found class transformer
[Architectury Transformer DEBUG] Writing net/sixk/sdmshop/shop/Tovar/TovarPanel$1 with maxs=true frames=true
[Architectury Transformer DEBUG] Transformed net/sixk/sdmshop/shop/Tovar/TovarPanel$1 in 7.363 ms
