[Architectury Transformer DEBUG] 
[Architectury Transformer DEBUG] ============================
[Architectury Transformer DEBUG] Transforming from C:\Users\Sixik\Downloads\SDMShop\common\build\devlibs\SDMShop-common-1.20.1-7.1.10-dev.jar to C:\Users\Sixik\Downloads\SDMShop\common\build\libs\SDMShop-common-1.20.1-7.1.10-transformProductionFabric.jar
[Architectury Transformer DEBUG] ============================
[Architectury Transformer DEBUG] 
[Architectury Transformer DEBUG] Transforming 5 transformer(s) from C:\Users\Sixik\Downloads\SDMShop\common\build\devlibs\SDMShop-common-1.20.1-7.1.10-dev.jar to C:\Users\Sixik\Downloads\SDMShop\common\build\libs\SDMShop-common-1.20.1-7.1.10-transformProductionFabric.jar: 
[Architectury Transformer DEBUG]  - dev.architectury.transformer.transformers.RemapMixinVariables@3317ddd5
[Architectury Transformer DEBUG]  - dev.architectury.transformer.transformers.TransformExpectPlatform@10115a7b
[Architectury Transformer DEBUG]  - dev.architectury.transformer.transformers.RemapInjectables@2ce720e7
[Architectury Transformer DEBUG]  - AddRefmapName(enabled=() -> kotlin.Boolean)
[Architectury Transformer DEBUG]  - dev.architectury.transformer.transformers.TransformPlatformOnly@2eced462
[Architectury Transformer DEBUG] Transforming from C:\Users\Sixik\Downloads\SDMShop\common\build\devlibs\SDMShop-common-1.20.1-7.1.10-dev.jar to C:\Users\Sixik\Downloads\SDMShop\common\build\libs\SDMShop-common-1.20.1-7.1.10-transformProductionFabric.jar with 5 transformer(s) on dev.architectury.transformer.handler.SimpleTransformerHandler
[Architectury Transformer DEBUG] Reading mixin mappings file: C:\Users\Sixik\Downloads\SDMShop\common\build\loom-cache\mixin-map-loom.mappings.1_20_1.layered+hash.40545-v2.main.tiny
[Architectury Transformer DEBUG] Remapping with 1 mapping provider(s):
[Architectury Transformer DEBUG]  - dev.architectury.transformer.shadowed.impl.dev.architectury.tinyremapper.TinyUtils$$Lambda/0x0000010ac40ef128@2ecd3a94
[Architectury Transformer DEBUG] Provided 64 classpath jar(s):
[Architectury Transformer DEBUG]  - C:\Users\Sixik\.gradle\caches\modules-2\files-2.1\dev.architectury\architectury-injectables\1.0.10\62db2a366d662606d1b23ad02ccc3212ed37ec3\architectury-injectables-1.0.10.jar
[Architectury Transformer DEBUG]  - C:\Users\Sixik\.gradle\caches\modules-2\files-2.1\net.fabricmc\fabric-loader\0.18.4\dc4682125d5db647d6ce80a98b98945835adcd4b\fabric-loader-0.18.4.jar
[Architectury Transformer DEBUG]  - C:\Users\Sixik\.gradle\caches\modules-2\files-2.1\org.jetbrains\annotations\25.0.0\c1e6b966db352094ac3bf7f88f3bdef332fe43f0\annotations-25.0.0.jar
[Architectury Transformer DEBUG]  - C:\Users\Sixik\.gradle\caches\modules-2\files-2.1\org.ow2.asm\asm\9.7.1\f0ed132a49244b042cd0e15702ab9f2ce3cc8436\asm-9.7.1.jar
[Architectury Transformer DEBUG]  - C:\Users\Sixik\.gradle\caches\modules-2\files-2.1\org.ow2.asm\asm-analysis\9.7.1\f97a3b319f0ed6a8cd944dc79060d3912a28985f\asm-analysis-9.7.1.jar
[Architectury Transformer DEBUG]  - C:\Users\Sixik\.gradle\caches\modules-2\files-2.1\org.ow2.asm\asm-commons\9.7.1\406c6a2225cfe1819f102a161e54cc16a5c24f75\asm-commons-9.7.1.jar
[Architectury Transformer DEBUG]  - C:\Users\Sixik\.gradle\caches\modules-2\files-2.1\org.ow2.asm\asm-tree\9.7.1\3a53139787663b139de76b627fca0084ab60d32c\asm-tree-9.7.1.jar
[Architectury Transformer DEBUG]  - C:\Users\Sixik\.gradle\caches\modules-2\files-2.1\org.ow2.asm\asm-util\9.7.1\9e23359b598ec6b74b23e53110dd5c577adf2243\asm-util-9.7.1.jar
[Architectury Transformer DEBUG]  - C:\Users\Sixik\.gradle\caches\modules-2\files-2.1\net.fabricmc\sponge-mixin\0.15.4+mixin.0.8.7\6a12aacc794f1078458433116e9ed42c1cc98096\sponge-mixin-0.15.4+mixin.0.8.7.jar
[Architectury Transformer DEBUG]  - C:\Users\Sixik\.gradle\caches\modules-2\files-2.1\io.github.llamalad7\mixinextras-fabric\0.4.1\8d1a9e96afb990367fa1f904d17580d164da72e3\mixinextras-fabric-0.4.1.jar
[Architectury Transformer DEBUG]  - C:\Users\Sixik\.gradle\caches\modules-2\files-2.1\com.github.oshi\oshi-core\6.2.2\54f5efc19bca95d709d9a37d19ffcbba3d21c1a6\oshi-core-6.2.2.jar
[Architectury Transformer DEBUG]  - C:\Users\Sixik\.gradle\caches\modules-2\files-2.1\com.google.code.gson\gson\2.10\dd9b193aef96e973d5a11ab13cd17430c2e4306b\gson-2.10.jar
[Architectury Transformer DEBUG]  - C:\Users\Sixik\.gradle\caches\modules-2\files-2.1\com.google.guava\failureaccess\1.0.1\1dcf1de382a0bf95a3d8b0849546c88bac1292c9\failureaccess-1.0.1.jar
[Architectury Transformer DEBUG]  - C:\Users\Sixik\.gradle\caches\modules-2\files-2.1\com.google.guava\guava\31.1-jre\60458f877d055d0c9114d9e1a2efb737b4bc282c\guava-31.1-jre.jar
[Architectury Transformer DEBUG]  - C:\Users\Sixik\.gradle\caches\modules-2\files-2.1\com.ibm.icu\icu4j\71.1\9e7d3304c23f9ba5cb71915f7cce23231a57a445\icu4j-71.1.jar
[Architectury Transformer DEBUG]  - C:\Users\Sixik\.gradle\caches\modules-2\files-2.1\com.mojang\authlib\4.0.43\2ff9d747a77570a07a60d32ac77eb6162ad2a2d9\authlib-4.0.43.jar
[Architectury Transformer DEBUG]  - C:\Users\Sixik\.gradle\caches\modules-2\files-2.1\com.mojang\blocklist\1.0.10\5c685c5ffa94c4cd39496c7184c1d122e515ecef\blocklist-1.0.10.jar
[Architectury Transformer DEBUG]  - C:\Users\Sixik\.gradle\caches\modules-2\files-2.1\com.mojang\brigadier\1.1.8\5244ce82c3337bba4a196a3ce858bfaecc74404a\brigadier-1.1.8.jar
[Architectury Transformer DEBUG]  - C:\Users\Sixik\.gradle\caches\modules-2\files-2.1\com.mojang\datafixerupper\6.0.8\3ba4a30557a9b057760af4011f909ba619fc5125\datafixerupper-6.0.8.jar
[Architectury Transformer DEBUG]  - C:\Users\Sixik\.gradle\caches\modules-2\files-2.1\com.mojang\logging\1.1.1\832b8e6674a9b325a5175a3a6267dfaf34c85139\logging-1.1.1.jar
[Architectury Transformer DEBUG]  - C:\Users\Sixik\.gradle\caches\modules-2\files-2.1\com.mojang\patchy\2.2.10\da05971b07cbb379d002cf7eaec6a2048211fefc\patchy-2.2.10.jar
[Architectury Transformer DEBUG]  - C:\Users\Sixik\.gradle\caches\modules-2\files-2.1\com.mojang\text2speech\1.17.9\3cad216e3a7f0c19b4b394388bc9ffc446f13b14\text2speech-1.17.9.jar
[Architectury Transformer DEBUG]  - C:\Users\Sixik\.gradle\caches\modules-2\files-2.1\commons-codec\commons-codec\1.15\49d94806b6e3dc933dacbd8acb0fdbab8ebd1e5d\commons-codec-1.15.jar
[Architectury Transformer DEBUG]  - C:\Users\Sixik\.gradle\caches\modules-2\files-2.1\commons-io\commons-io\2.11.0\a2503f302b11ebde7ebc3df41daebe0e4eea3689\commons-io-2.11.0.jar
[Architectury Transformer DEBUG]  - C:\Users\Sixik\.gradle\caches\modules-2\files-2.1\commons-logging\commons-logging\1.2\4bfc12adfe4842bf07b657f0369c4cb522955686\commons-logging-1.2.jar
[Architectury Transformer DEBUG]  - C:\Users\Sixik\.gradle\caches\modules-2\files-2.1\io.netty\netty-buffer\4.1.82.Final\a544270cf1ae8b8077082f5036436a9a9971ea71\netty-buffer-4.1.82.Final.jar
[Architectury Transformer DEBUG]  - C:\Users\Sixik\.gradle\caches\modules-2\files-2.1\io.netty\netty-codec\4.1.82.Final\b77200379acb345a9ffdece1c605e591ac3e4e0a\netty-codec-4.1.82.Final.jar
[Architectury Transformer DEBUG]  - C:\Users\Sixik\.gradle\caches\modules-2\files-2.1\io.netty\netty-common\4.1.82.Final\22d148e85c3f5ebdacc0ce1f5aabb1d420f73f3\netty-common-4.1.82.Final.jar
[Architectury Transformer DEBUG]  - C:\Users\Sixik\.gradle\caches\modules-2\files-2.1\io.netty\netty-handler\4.1.82.Final\644041d1fa96a5d3130a29e8978630d716d76e38\netty-handler-4.1.82.Final.jar
[Architectury Transformer DEBUG]  - C:\Users\Sixik\.gradle\caches\modules-2\files-2.1\io.netty\netty-resolver\4.1.82.Final\38f665ae8dcd29032eea31245ba7806bed2e0fa8\netty-resolver-4.1.82.Final.jar
[Architectury Transformer DEBUG]  - C:\Users\Sixik\.gradle\caches\modules-2\files-2.1\io.netty\netty-transport-classes-epoll\4.1.82.Final\e7c7dd18deac93105797f30057c912651ea76521\netty-transport-classes-epoll-4.1.82.Final.jar
[Architectury Transformer DEBUG]  - C:\Users\Sixik\.gradle\caches\modules-2\files-2.1\io.netty\netty-transport-native-unix-common\4.1.82.Final\3e895b35ca1b8a0eca56cacff4c2dde5d2c6abce\netty-transport-native-unix-common-4.1.82.Final.jar
[Architectury Transformer DEBUG]  - C:\Users\Sixik\.gradle\caches\modules-2\files-2.1\io.netty\netty-transport\4.1.82.Final\e431a218d91acb6476ccad5f5aafde50aa3945ca\netty-transport-4.1.82.Final.jar
[Architectury Transformer DEBUG]  - C:\Users\Sixik\.gradle\caches\modules-2\files-2.1\it.unimi.dsi\fastutil\8.5.9\bb7ea75ecdb216654237830b3a96d87ad91f8cc5\fastutil-8.5.9.jar
[Architectury Transformer DEBUG]  - C:\Users\Sixik\.gradle\caches\modules-2\files-2.1\net.java.dev.jna\jna-platform\5.12.1\97406a297c852f4a41e688a176ec675f72e8329\jna-platform-5.12.1.jar
[Architectury Transformer DEBUG]  - C:\Users\Sixik\.gradle\caches\modules-2\files-2.1\net.java.dev.jna\jna\5.12.1\b1e93a735caea94f503e95e6fe79bf9cdc1e985d\jna-5.12.1.jar
[Architectury Transformer DEBUG]  - C:\Users\Sixik\.gradle\caches\modules-2\files-2.1\net.sf.jopt-simple\jopt-simple\5.0.4\4fdac2fbe92dfad86aa6e9301736f6b4342a3f5c\jopt-simple-5.0.4.jar
[Architectury Transformer DEBUG]  - C:\Users\Sixik\.gradle\caches\modules-2\files-2.1\org.apache.commons\commons-compress\1.21\4ec95b60d4e86b5c95a0e919cb172a0af98011ef\commons-compress-1.21.jar
[Architectury Transformer DEBUG]  - C:\Users\Sixik\.gradle\caches\modules-2\files-2.1\org.apache.commons\commons-lang3\3.12.0\c6842c86792ff03b9f1d1fe2aab8dc23aa6c6f0e\commons-lang3-3.12.0.jar
[Architectury Transformer DEBUG]  - C:\Users\Sixik\.gradle\caches\modules-2\files-2.1\org.apache.httpcomponents\httpclient\4.5.13\e5f6cae5ca7ecaac1ec2827a9e2d65ae2869cada\httpclient-4.5.13.jar
[Architectury Transformer DEBUG]  - C:\Users\Sixik\.gradle\caches\modules-2\files-2.1\org.apache.httpcomponents\httpcore\4.4.15\7f2e0c573eaa7a74bac2e89b359e1f73d92a0a1d\httpcore-4.4.15.jar
[Architectury Transformer DEBUG]  - C:\Users\Sixik\.gradle\caches\modules-2\files-2.1\org.apache.logging.log4j\log4j-api\2.19.0\ea1b37f38c327596b216542bc636cfdc0b8036fa\log4j-api-2.19.0.jar
[Architectury Transformer DEBUG]  - C:\Users\Sixik\.gradle\caches\modules-2\files-2.1\org.apache.logging.log4j\log4j-core\2.19.0\3b6eeb4de4c49c0fe38a4ee27188ff5fee44d0bb\log4j-core-2.19.0.jar
[Architectury Transformer DEBUG]  - C:\Users\Sixik\.gradle\caches\modules-2\files-2.1\org.apache.logging.log4j\log4j-slf4j2-impl\2.19.0\5c04bfdd63ce9dceb2e284b81e96b6a70010ee10\log4j-slf4j2-impl-2.19.0.jar
[Architectury Transformer DEBUG]  - C:\Users\Sixik\.gradle\caches\modules-2\files-2.1\org.joml\joml\1.10.5\22566d58af70ad3d72308bab63b8339906deb649\joml-1.10.5.jar
[Architectury Transformer DEBUG]  - C:\Users\Sixik\.gradle\caches\modules-2\files-2.1\org.lwjgl\lwjgl-glfw\3.3.1\cbac1b8d30cb4795149c1ef540f912671a8616d0\lwjgl-glfw-3.3.1.jar
[Architectury Transformer DEBUG]  - C:\Users\Sixik\.gradle\caches\modules-2\files-2.1\org.lwjgl\lwjgl-jemalloc\3.3.1\a817bcf213db49f710603677457567c37d53e103\lwjgl-jemalloc-3.3.1.jar
[Architectury Transformer DEBUG]  - C:\Users\Sixik\.gradle\caches\modules-2\files-2.1\org.lwjgl\lwjgl-openal\3.3.1\2623a6b8ae1dfcd880738656a9f0243d2e6840bd\lwjgl-openal-3.3.1.jar
[Architectury Transformer DEBUG]  - C:\Users\Sixik\.gradle\caches\modules-2\files-2.1\org.lwjgl\lwjgl-opengl\3.3.1\831a5533a21a5f4f81bbc51bb13e9899319b5411\lwjgl-opengl-3.3.1.jar
[Architectury Transformer DEBUG]  - C:\Users\Sixik\.gradle\caches\modules-2\files-2.1\org.lwjgl\lwjgl-stb\3.3.1\b119297cf8ed01f247abe8685857f8e7fcf5980f\lwjgl-stb-3.3.1.jar
[Architectury Transformer DEBUG]  - C:\Users\Sixik\.gradle\caches\modules-2\files-2.1\org.lwjgl\lwjgl-tinyfd\3.3.1\ff1914111ef2e3e0110ef2dabc8d8cdaad82347\lwjgl-tinyfd-3.3.1.jar
[Architectury Transformer DEBUG]  - C:\Users\Sixik\.gradle\caches\modules-2\files-2.1\org.lwjgl\lwjgl\3.3.1\ae58664f88e18a9bb2c77b063833ca7aaec484cb\lwjgl-3.3.1.jar
[Architectury Transformer DEBUG]  - C:\Users\Sixik\.gradle\caches\modules-2\files-2.1\org.slf4j\slf4j-api\2.0.1\f48d81adce2abf5ad3cfe463df517952749e03bc\slf4j-api-2.0.1.jar
[Architectury Transformer DEBUG]  - C:\Users\Sixik\Downloads\SDMShop\.gradle\loom-cache\minecraftMaven\net\minecraft\minecraft-merged-23ce6c7ef6\1.20.1-loom.mappings.1_20_1.layered+hash.40545-v2\minecraft-merged-23ce6c7ef6-1.20.1-loom.mappings.1_20_1.layered+hash.40545-v2.jar
[Architectury Transformer DEBUG]  - C:\Users\Sixik\.gradle\caches\modules-2\files-2.1\io.netty\netty-transport-native-epoll\4.1.82.Final\c7350a71920f3ae9142945e25fed4846cce53374\netty-transport-native-epoll-4.1.82.Final-linux-x86_64.jar
[Architectury Transformer DEBUG]  - C:\Users\Sixik\.gradle\caches\modules-2\files-2.1\io.netty\netty-transport-native-epoll\4.1.82.Final\476409d6255001ca53a55f65b01c13822f8dc93a\netty-transport-native-epoll-4.1.82.Final-linux-aarch_64.jar
[Architectury Transformer DEBUG]  - C:\Users\Sixik\.gradle\caches\modules-2\files-2.1\curse.maven\sdm-economy-1102542\6689080\74e1ea7d603944c2d7613174d6fe72fe2e08629d\sdm-economy-1102542-6689080.jar
[Architectury Transformer DEBUG]  - C:\Users\Sixik\.gradle\caches\modules-2\files-2.1\curse.maven\sdm-ui-lib-1095061\6086204\ced6c96091b9368e9a89487f0c5f0ae95088140a\sdm-ui-lib-1095061-6086204.jar
[Architectury Transformer DEBUG]  - C:\Users\Sixik\.gradle\caches\modules-2\files-2.1\curse.maven\kubejs-238086\5853326\93fcf0eacc5dc08a4f719eaaed1dc93f0dc80f66\kubejs-238086-5853326.jar
[Architectury Transformer DEBUG]  - C:\Users\Sixik\.gradle\caches\modules-2\files-2.1\curse.maven\rhino-416294\5655836\c91c1710d7338f139b7cb3465f00590e210139e\rhino-416294-5655836.jar
[Architectury Transformer DEBUG]  - C:\Users\Sixik\.gradle\caches\modules-2\files-2.1\curse.maven\game-stages-268655\5790361\e17306593188b9fd16170a9dc47a8e0051a9f1e7\game-stages-268655-5790361.jar
[Architectury Transformer DEBUG]  - C:\Users\Sixik\.gradle\caches\modules-2\files-2.1\curse.maven\ftb-quests-forge-289412\6431737\ad087e2dc897c7e2eea36901a05da9518bc0673f\ftb-quests-forge-289412-6431737.jar
[Architectury Transformer DEBUG]  - C:\Users\Sixik\Downloads\SDMShop\.gradle\loom-cache\remapped_mods\loom_mappings_1_20_1_layered_hash_40545_v2\dev\architectury\architectury\9.2.14\architectury-9.2.14.jar
[Architectury Transformer DEBUG]  - C:\Users\Sixik\Downloads\SDMShop\.gradle\loom-cache\remapped_mods\loom_mappings_1_20_1_layered_hash_40545_v2\dev\ftb\mods\ftb-library\2001.2.9\ftb-library-2001.2.9.jar
[Architectury Transformer] Read classpath in 1.676 s
[Architectury Transformer DEBUG] Remapping Classes:
[Architectury Transformer DEBUG] Found class transformer
[Architectury Transformer DEBUG] Writing net/sixik/sdmshop/SDMShopCommands with maxs=true frames=true
[Architectury Transformer DEBUG] Writing net/sixik/sdmshop/SDMShop with maxs=true frames=true
[Architectury Transformer DEBUG] Writing net/sixik/sdmshop/SDMShopConstants with maxs=true frames=true
[Architectury Transformer DEBUG] Writing net/sixik/sdmshop/SDMShopPaths with maxs=true frames=true
[Architectury Transformer DEBUG] Writing net/sixik/sdmshop/utils/ShopUtils with maxs=true frames=true
[Architectury Transformer DEBUG] Writing net/sixik/sdmshop/utils/RenderComponent with maxs=true frames=true
[Architectury Transformer DEBUG] Writing net/sixik/sdmshop/utils/ShopEntryTypeCreator with maxs=true frames=true
[Architectury Transformer DEBUG] Writing net/sixik/sdmshop/utils/ListHelper with maxs=true frames=true
[Architectury Transformer DEBUG] Writing net/sixik/sdmshop/utils/ShopItemHelper with maxs=true frames=true
[Architectury Transformer DEBUG] Writing net/sixik/sdmshop/utils/StagesUtils with maxs=true frames=true
[Architectury Transformer DEBUG] Writing net/sixik/sdmshop/utils/HashUtils with maxs=true frames=true
[Architectury Transformer DEBUG] Writing net/sixik/sdmshop/utils/ShopDebugUtils with maxs=true frames=true
[Architectury Transformer DEBUG] Writing net/sixik/sdmshop/utils/ShopNBTUtils with maxs=true frames=true
[Architectury Transformer DEBUG] Writing net/sixik/sdmshop/utils/ShopRenderUtils with maxs=true frames=true
[Architectury Transformer DEBUG] Writing net/sixik/sdmshop/utils/ShopInputHelper with maxs=true frames=true
[Architectury Transformer DEBUG] Writing net/sixik/sdmshop/utils/ShopUtilsClient with maxs=true frames=true
[Architectury Transformer DEBUG] Writing net/sixik/sdmshop/utils/ShopNetworkUtils with maxs=true frames=true
[Architectury Transformer DEBUG] Writing net/sixik/sdmshop/utils/ShopSerializerHelper with maxs=true frames=true
[Architectury Transformer DEBUG] Writing net/sixik/sdmshop/utils/ShopAdminUtils with maxs=true frames=true
[Architectury Transformer DEBUG] Writing net/sixik/sdmshop/utils/DataSerializer with maxs=true frames=true
[Architectury Transformer DEBUG] Writing net/sixik/sdmshop/utils/RemoveResult with maxs=true frames=true
[Architectury Transformer DEBUG] Writing net/sixik/sdmshop/utils/DataSerializerCompoundTag with maxs=true frames=true
[Architectury Transformer DEBUG] Writing net/sixik/sdmshop/utils/ShopAdminUtils$Level with maxs=true frames=true
[Architectury Transformer DEBUG] Writing net/sixik/sdmshop/utils/config/SDMEditConfigScreen with maxs=true frames=true
[Architectury Transformer DEBUG] Writing net/sixik/sdmshop/utils/config/SDMConfigGroup with maxs=true frames=true
[Architectury Transformer DEBUG] Writing net/sixik/sdmshop/utils/config/ConfigBuilder with maxs=true frames=true
[Architectury Transformer DEBUG] Writing net/sixik/sdmshop/utils/config/ConfigIconItemStack with maxs=true frames=true
[Architectury Transformer DEBUG] Writing net/sixik/sdmshop/utils/config/ConfigIconItemStack$CustomIconItem with maxs=true frames=true
[Architectury Transformer DEBUG] Writing net/sixik/sdmshop/shop/ShopEntry with maxs=true frames=true
[Architectury Transformer DEBUG] Writing net/sixik/sdmshop/shop/BaseShop with maxs=true frames=true
[Architectury Transformer DEBUG] Writing net/sixik/sdmshop/shop/ShopTab with maxs=true frames=true
[Architectury Transformer DEBUG] Writing net/sixik/sdmshop/shop/ShopParams with maxs=true frames=true
[Architectury Transformer DEBUG] Writing net/sixik/sdmshop/shop/seller_types/ItemSellerType with maxs=true frames=true
[Architectury Transformer DEBUG] Writing net/sixik/sdmshop/shop/seller_types/MoneySellerType with maxs=true frames=true
[Architectury Transformer DEBUG] Writing net/sixik/sdmshop/shop/limiter/ShopLimiter with maxs=true frames=true
[Architectury Transformer DEBUG] Writing net/sixik/sdmshop/shop/limiter/ShopLimiterData with maxs=true frames=true
[Architectury Transformer DEBUG] Writing net/sixik/sdmshop/shop/limiter/ShopLimiter$1 with maxs=true frames=true
[Architectury Transformer DEBUG] Writing net/sixik/sdmshop/shop/limiter/ShopLimiterAttachType with maxs=true frames=true
[Architectury Transformer DEBUG] Writing net/sixik/sdmshop/shop/exceptions/TabNotFoundException with maxs=true frames=true
[Architectury Transformer DEBUG] Writing net/sixik/sdmshop/shop/exceptions/EntryNotFoundException with maxs=true frames=true
[Architectury Transformer DEBUG] Writing net/sixik/sdmshop/shop/entry_types/TagEntryType with maxs=true frames=true
[Architectury Transformer DEBUG] Writing net/sixik/sdmshop/shop/entry_types/CommandEntryType with maxs=true frames=true
[Architectury Transformer DEBUG] Writing net/sixik/sdmshop/shop/entry_types/XPEntryType with maxs=true frames=true
[Architectury Transformer DEBUG] Writing net/sixik/sdmshop/shop/entry_types/AdvancementEntryType with maxs=true frames=true
[Architectury Transformer DEBUG] Writing net/sixik/sdmshop/shop/entry_types/XPLevelEntryType with maxs=true frames=true
[Architectury Transformer DEBUG] Writing net/sixik/sdmshop/shop/entry_types/MissingEntryType with maxs=true frames=true
[Architectury Transformer DEBUG] Writing net/sixik/sdmshop/shop/entry_types/ItemEntryType with maxs=true frames=true
[Architectury Transformer DEBUG] Writing net/sixik/sdmshop/shop/entry_types/integration/StageEntryType with maxs=true frames=true
[Architectury Transformer DEBUG] Writing net/sixik/sdmshop/shop/entry_types/integration/FBTQuestEntryType with maxs=true frames=true
[Architectury Transformer DEBUG] Writing net/sixik/sdmshop/shop/conditions/ScriptShopCondition with maxs=true frames=true
[Architectury Transformer DEBUG] Writing net/sixik/sdmshop/shop/conditions/integration/StageCondition with maxs=true frames=true
[Architectury Transformer DEBUG] Writing net/sixik/sdmshop/shop/conditions/integration/FTBQuestCondition with maxs=true frames=true
[Architectury Transformer DEBUG] Writing net/sixik/sdmshop/server/SDMShopServer with maxs=true frames=true
[Architectury Transformer DEBUG] Writing net/sixik/sdmshop/server/SDMShopEvents with maxs=true frames=true
[Architectury Transformer DEBUG] Writing net/sixik/sdmshop/registers/ShopContentRegister with maxs=true frames=true
[Architectury Transformer DEBUG] Writing net/sixik/sdmshop/registers/ShopItemRegisters with maxs=true frames=true
[Architectury Transformer DEBUG] Writing net/sixik/sdmshop/old_api/ModObjectIdentifier with maxs=true frames=true
[Architectury Transformer DEBUG] Writing net/sixik/sdmshop/old_api/TooltipSupport with maxs=true frames=true
[Architectury Transformer DEBUG] Writing net/sixik/sdmshop/old_api/ShopEntryType with maxs=true frames=true
[Architectury Transformer DEBUG] Writing net/sixik/sdmshop/old_api/SearchSupport$ByTooltip with maxs=true frames=true
[Architectury Transformer DEBUG] Writing net/sixik/sdmshop/old_api/VariableSupport with maxs=true frames=true
[Architectury Transformer DEBUG] Writing net/sixik/sdmshop/old_api/ConditionSupport with maxs=true frames=true
[Architectury Transformer DEBUG] Writing net/sixik/sdmshop/old_api/LimiterType with maxs=true frames=true
[Architectury Transformer DEBUG] Writing net/sixik/sdmshop/old_api/Constructor with maxs=true frames=true
[Architectury Transformer DEBUG] Writing net/sixik/sdmshop/old_api/LimiterSupport with maxs=true frames=true
[Architectury Transformer DEBUG] Writing net/sixik/sdmshop/old_api/IconRenderSupport with maxs=true frames=true
[Architectury Transformer DEBUG] Writing net/sixik/sdmshop/old_api/SearchSupport with maxs=true frames=true
[Architectury Transformer DEBUG] Writing net/sixik/sdmshop/old_api/ShopEntrySellType with maxs=true frames=true
[Architectury Transformer DEBUG] Writing net/sixik/sdmshop/old_api/RenderSupport with maxs=true frames=true
[Architectury Transformer DEBUG] Writing net/sixik/sdmshop/old_api/SearchSupport$ByTag with maxs=true frames=true
[Architectury Transformer DEBUG] Writing net/sixik/sdmshop/old_api/CustomIcon with maxs=true frames=true
[Architectury Transformer DEBUG] Writing net/sixik/sdmshop/old_api/ConfigSupport with maxs=true frames=true
[Architectury Transformer DEBUG] Writing net/sixik/sdmshop/old_api/MoveType with maxs=true frames=true
[Architectury Transformer DEBUG] Writing net/sixik/sdmshop/old_api/ObjectIdentifier with maxs=true frames=true
[Architectury Transformer DEBUG] Writing net/sixik/sdmshop/old_api/DataSaver with maxs=true frames=true
[Architectury Transformer DEBUG] Writing net/sixik/sdmshop/old_api/shop/AbstractEntryType with maxs=true frames=true
[Architectury Transformer DEBUG] Writing net/sixik/sdmshop/old_api/shop/ShopObjectTypes with maxs=true frames=true
[Architectury Transformer DEBUG] Writing net/sixik/sdmshop/old_api/shop/EntryTypeProperty with maxs=true frames=true
[Architectury Transformer DEBUG] Writing net/sixik/sdmshop/old_api/shop/AbstractShopCondition with maxs=true frames=true
[Architectury Transformer DEBUG] Writing net/sixik/sdmshop/old_api/shop/AbstractEntrySellerType with maxs=true frames=true
[Architectury Transformer DEBUG] Writing net/sixik/sdmshop/old_api/shop/AbstractEntryVariable with maxs=true frames=true
[Architectury Transformer DEBUG] Writing net/sixik/sdmshop/old_api/shop/ShopChangeListener with maxs=true frames=true
[Architectury Transformer DEBUG] Writing net/sixik/sdmshop/old_api/shop/ShopObject with maxs=true frames=true
[Architectury Transformer DEBUG] Writing net/sixik/sdmshop/old_api/shop/AbstractEntryFunction with maxs=true frames=true
[Architectury Transformer DEBUG] Writing net/sixik/sdmshop/old_api/screen/InfoButtonSupport with maxs=true frames=true
[Architectury Transformer DEBUG] Writing net/sixik/sdmshop/old_api/screen/ConfigScreenRefresher with maxs=true frames=true
[Architectury Transformer DEBUG] Writing net/sixik/sdmshop/old_api/screen/BuyerScreenSupport with maxs=true frames=true
[Architectury Transformer DEBUG] Writing net/sixik/sdmshop/old_api/screen/RefreshSupport with maxs=true frames=true
[Architectury Transformer DEBUG] Writing net/sixik/sdmshop/old_api/screen/ShopUIRenderComponent with maxs=true frames=true
[Architectury Transformer DEBUG] Writing net/sixik/sdmshop/old_api/screen/EntryCreateScreenSupport with maxs=true frames=true
[Architectury Transformer DEBUG] Writing net/sixik/sdmshop/old_api/network/AbstractASKRequest with maxs=true frames=true
[Architectury Transformer DEBUG] Writing net/sixik/sdmshop/old_api/events/ShopEvents$ConditionEvent with maxs=true frames=true
[Architectury Transformer DEBUG] Writing net/sixik/sdmshop/old_api/events/ShopEvents with maxs=true frames=true
[Architectury Transformer DEBUG] Writing net/sixik/sdmshop/network/ASKHandler with maxs=true frames=true
[Architectury Transformer DEBUG] Writing net/sixik/sdmshop/network/SDMShopNetwork with maxs=true frames=true
[Architectury Transformer DEBUG] Writing net/sixik/sdmshop/network/ASKHandler$Request with maxs=true frames=true
[Architectury Transformer DEBUG] Writing net/sixik/sdmshop/network/ASKHandler$Data with maxs=true frames=true
[Architectury Transformer DEBUG] Writing net/sixik/sdmshop/network/sync/SendChangeEntryS2C with maxs=true frames=true
[Architectury Transformer DEBUG] Writing net/sixik/sdmshop/network/sync/SendChangeShopParamsS2C with maxs=true frames=true
[Architectury Transformer DEBUG] Writing net/sixik/sdmshop/network/sync/SendRemoveTabS2C with maxs=true frames=true
[Architectury Transformer DEBUG] Writing net/sixik/sdmshop/network/sync/SendAddEntryS2C with maxs=true frames=true
[Architectury Transformer DEBUG] Writing net/sixik/sdmshop/network/sync/SendChangeTabS2C with maxs=true frames=true
[Architectury Transformer DEBUG] Writing net/sixik/sdmshop/network/sync/SendRemoveEntryS2C with maxs=true frames=true
[Architectury Transformer DEBUG] Writing net/sixik/sdmshop/network/sync/SendMoveTabS2C with maxs=true frames=true
[Architectury Transformer DEBUG] Writing net/sixik/sdmshop/network/sync/SendMoveEntryS2C with maxs=true frames=true
[Architectury Transformer DEBUG] Writing net/sixik/sdmshop/network/sync/SendAddTabS2C with maxs=true frames=true
[Architectury Transformer DEBUG] Writing net/sixik/sdmshop/network/sync/SendLimiterS2C with maxs=true frames=true
[Architectury Transformer DEBUG] Writing net/sixik/sdmshop/network/sync/server/SendChangeEntryC2S with maxs=true frames=true
[Architectury Transformer DEBUG] Writing net/sixik/sdmshop/network/sync/server/SendRemoveTabC2S with maxs=true frames=true
[Architectury Transformer DEBUG] Writing net/sixik/sdmshop/network/sync/server/SendChangeShopParamsC2S with maxs=true frames=true
[Architectury Transformer DEBUG] Writing net/sixik/sdmshop/network/sync/server/SendMoveTabC2S with maxs=true frames=true
[Architectury Transformer DEBUG] Writing net/sixik/sdmshop/network/sync/server/SendResetLimiterC2S with maxs=true frames=true
[Architectury Transformer DEBUG] Writing net/sixik/sdmshop/network/sync/server/SendChangeTabC2S with maxs=true frames=true
[Architectury Transformer DEBUG] Writing net/sixik/sdmshop/network/sync/server/SendMoveEntryC2S with maxs=true frames=true
[Architectury Transformer DEBUG] Writing net/sixik/sdmshop/network/sync/server/SendRemoveEntryC2S with maxs=true frames=true
[Architectury Transformer DEBUG] Writing net/sixik/sdmshop/network/sync/server/SendAddEntryC2S with maxs=true frames=true
[Architectury Transformer DEBUG] Writing net/sixik/sdmshop/network/sync/server/SendAddTabC2S with maxs=true frames=true
[Architectury Transformer DEBUG] Writing net/sixik/sdmshop/network/server/SendBuyEntryC2S with maxs=true frames=true
[Architectury Transformer DEBUG] Writing net/sixik/sdmshop/network/server/ChangeEditModeC2S with maxs=true frames=true
[Architectury Transformer DEBUG] Writing net/sixik/sdmshop/network/economy/ShopChangeMoneyC2S with maxs=true frames=true
[Architectury Transformer DEBUG] Writing net/sixik/sdmshop/network/ASK/SyncAndOpenShopASK with maxs=true frames=true
[Architectury Transformer DEBUG] Writing net/sixik/sdmshop/network/ASK/GetShopAndOpenASK with maxs=true frames=true
[Architectury Transformer DEBUG] Writing net/sixik/sdmshop/network/ASK/SyncShopASK with maxs=true frames=true
[Architectury Transformer DEBUG] Writing net/sixik/sdmshop/network/ASK/ASK_base/ShopDataSyncASKC2S with maxs=true frames=true
[Architectury Transformer DEBUG] Writing net/sixik/sdmshop/network/ASK/ASK_base/ShopDataSyncASKS2C with maxs=true frames=true
[Architectury Transformer DEBUG] Writing net/sixik/sdmshop/mixin/accessors/EditConfigScreenAccessor with maxs=true frames=true
[Architectury Transformer DEBUG] Writing net/sixik/sdmshop/mixin/accessors/ConfigGroupAccess with maxs=true frames=true
[Architectury Transformer DEBUG] Writing net/sixik/sdmshop/currencies/SDMCoin with maxs=true frames=true
[Architectury Transformer DEBUG] Writing net/sixik/sdmshop/config/ShopConfigImpl with maxs=true frames=true
[Architectury Transformer DEBUG] Writing net/sixik/sdmshop/config/ShopConfig with maxs=true frames=true
[Architectury Transformer DEBUG] Writing net/sixik/sdmshop/compat/SDMShopIntegration with maxs=true frames=true
[Architectury Transformer DEBUG] Writing net/sixik/sdmshop/compat/kubejs/ShopKubeJSHelper with maxs=true frames=true
[Architectury Transformer DEBUG] Writing net/sixik/sdmshop/compat/kubejs/ShopJSEvents with maxs=true frames=true
[Architectury Transformer DEBUG] Writing net/sixik/sdmshop/compat/kubejs/ShopClientJS with maxs=true frames=true
[Architectury Transformer DEBUG] Writing net/sixik/sdmshop/compat/kubejs/ShopServerJS with maxs=true frames=true
[Architectury Transformer DEBUG] Writing net/sixik/sdmshop/compat/kubejs/SDMShopKubeJS with maxs=true frames=true
[Architectury Transformer DEBUG] Writing net/sixik/sdmshop/compat/kubejs/ShopKubeJSHelper$1 with maxs=true frames=true
[Architectury Transformer DEBUG] Writing net/sixik/sdmshop/compat/kubejs/events/ShopEntryBuyEventJS with maxs=true frames=true
[Architectury Transformer DEBUG] Writing net/sixik/sdmshop/compat/kubejs/events/ShopEntrySellEventJS with maxs=true frames=true
[Architectury Transformer DEBUG] Writing net/sixik/sdmshop/compat/ftbquests/FTBMoneyReward with maxs=true frames=true
[Architectury Transformer DEBUG] Writing net/sixik/sdmshop/compat/ftbquests/FTBMoneyTask with maxs=true frames=true
[Architectury Transformer DEBUG] Writing net/sixik/sdmshop/compat/ftbquests/FTBIntegrationHelper with maxs=true frames=true
[Architectury Transformer DEBUG] Writing net/sixik/sdmshop/client/SDMShopClient$ClientShopData with maxs=true frames=true
[Architectury Transformer DEBUG] Writing net/sixik/sdmshop/client/SDMShopClient with maxs=true frames=true
[Architectury Transformer DEBUG] Writing net/sixik/sdmshop/client/screen/modern/ModernShopScreen with maxs=true frames=true
[Architectury Transformer DEBUG] Writing net/sixik/sdmshop/client/screen/modern/ModernShopScreen$2 with maxs=true frames=true
[Architectury Transformer DEBUG] Writing net/sixik/sdmshop/client/screen/modern/ModernShopScreen$1 with maxs=true frames=true
[Architectury Transformer DEBUG] Writing net/sixik/sdmshop/client/screen/modern/ModernShopScreen$3 with maxs=true frames=true
[Architectury Transformer DEBUG] Writing net/sixik/sdmshop/client/screen/modern/widgets/ModernShopEntryButton with maxs=true frames=true
[Architectury Transformer DEBUG] Writing net/sixik/sdmshop/client/screen/modern/widgets/ModernBackButton with maxs=true frames=true
[Architectury Transformer DEBUG] Writing net/sixik/sdmshop/client/screen/modern/widgets/ModernShowOnlyLoadedButton with maxs=true frames=true
[Architectury Transformer DEBUG] Writing net/sixik/sdmshop/client/screen/modern/widgets/ModernShopTabButton with maxs=true frames=true
[Architectury Transformer DEBUG] Writing net/sixik/sdmshop/client/screen/modern/wallet/TransferPanel with maxs=true frames=true
[Architectury Transformer DEBUG] Writing net/sixik/sdmshop/client/screen/modern/wallet/PayCardRender with maxs=true frames=true
[Architectury Transformer DEBUG] Writing net/sixik/sdmshop/client/screen/modern/wallet/PlayerWallet with maxs=true frames=true
[Architectury Transformer DEBUG] Writing net/sixik/sdmshop/client/screen/modern/wallet/CurrenciesPanel with maxs=true frames=true
[Architectury Transformer DEBUG] Writing net/sixik/sdmshop/client/screen/modern/wallet/PlayerWallet$1 with maxs=true frames=true
[Architectury Transformer DEBUG] Writing net/sixik/sdmshop/client/screen/modern/wallet/TransferPanel$1 with maxs=true frames=true
[Architectury Transformer DEBUG] Writing net/sixik/sdmshop/client/screen/modern/wallet/ModernTextBox with maxs=true frames=true
[Architectury Transformer DEBUG] Writing net/sixik/sdmshop/client/screen/modern/wallet/OpenWalletButton with maxs=true frames=true
[Architectury Transformer DEBUG] Writing net/sixik/sdmshop/client/screen/modern/wallet/PayPanel with maxs=true frames=true
[Architectury Transformer DEBUG] Writing net/sixik/sdmshop/client/screen/modern/wallet/ModernSimpleTextButton with maxs=true frames=true
[Architectury Transformer DEBUG] Writing net/sixik/sdmshop/client/screen/modern/wallet/CurrencyRender with maxs=true frames=true
[Architectury Transformer DEBUG] Writing net/sixik/sdmshop/client/screen/modern/panels/ModernShopPanels$BottomPanel with maxs=true frames=true
[Architectury Transformer DEBUG] Writing net/sixik/sdmshop/client/screen/modern/panels/ModernShopPanels$TopEntriesPanel$3 with maxs=true frames=true
[Architectury Transformer DEBUG] Writing net/sixik/sdmshop/client/screen/modern/panels/ModernShopPanels$TopEntriesPanel$2 with maxs=true frames=true
[Architectury Transformer DEBUG] Writing net/sixik/sdmshop/client/screen/modern/panels/ModernShopPanels$TopEntriesPanel$1 with maxs=true frames=true
[Architectury Transformer DEBUG] Writing net/sixik/sdmshop/client/screen/modern/panels/ModernShopPanels$TopPanel with maxs=true frames=true
[Architectury Transformer DEBUG] Writing net/sixik/sdmshop/client/screen/modern/panels/ModernShopPanels$TopEntriesPanel with maxs=true frames=true
[Architectury Transformer DEBUG] Writing net/sixik/sdmshop/client/screen/modern/panels/ModernShopEntriesPanel with maxs=true frames=true
[Architectury Transformer DEBUG] Writing net/sixik/sdmshop/client/screen/modern/panels/ModernShopPanels$BottomPanel$2 with maxs=true frames=true
[Architectury Transformer DEBUG] Writing net/sixik/sdmshop/client/screen/modern/panels/ModernShopPanels$BottomPanel$1 with maxs=true frames=true
[Architectury Transformer DEBUG] Writing net/sixik/sdmshop/client/screen/modern/panels/ModernShopPanels with maxs=true frames=true
[Architectury Transformer DEBUG] Writing net/sixik/sdmshop/client/screen/modern/panels/ModernShopTabPanel with maxs=true frames=true
[Architectury Transformer DEBUG] Writing net/sixik/sdmshop/client/screen/modern/madal/ModernShopInfoModalPanel with maxs=true frames=true
[Architectury Transformer DEBUG] Writing net/sixik/sdmshop/client/screen/modern/create_entry/ModernCreateEntryScreen with maxs=true frames=true
[Architectury Transformer DEBUG] Writing net/sixik/sdmshop/client/screen/modern/create_entry/ModernCreateEntryButton with maxs=true frames=true
[Architectury Transformer DEBUG] Writing net/sixik/sdmshop/client/screen/modern/create_entry/ModernCreateEntryButton$1 with maxs=true frames=true
[Architectury Transformer DEBUG] Writing net/sixik/sdmshop/client/screen/modern/create_entry/ModernCreateEntryPanel with maxs=true frames=true
[Architectury Transformer DEBUG] Writing net/sixik/sdmshop/client/screen/modern/create_entry/ModernCreateEntryScreen$1 with maxs=true frames=true
[Architectury Transformer DEBUG] Writing net/sixik/sdmshop/client/screen/modern/buyer/ModernBuyerScreen$CancelButton with maxs=true frames=true
[Architectury Transformer DEBUG] Writing net/sixik/sdmshop/client/screen/modern/buyer/ModernBuyerScreen with maxs=true frames=true
[Architectury Transformer DEBUG] Writing net/sixik/sdmshop/client/screen/modern/buyer/ModernBuyerScreen$1 with maxs=true frames=true
[Architectury Transformer DEBUG] Writing net/sixik/sdmshop/client/screen/modern/buyer/ModernBuyerScreen$BuyButton with maxs=true frames=true
[Architectury Transformer DEBUG] Writing net/sixik/sdmshop/client/screen/base/AbstractShopPanel with maxs=true frames=true
[Architectury Transformer DEBUG] Writing net/sixik/sdmshop/client/screen/base/AbstractShopScreen with maxs=true frames=true
[Architectury Transformer DEBUG] Writing net/sixik/sdmshop/client/screen/base/widgets/AbstractShopEntryButton with maxs=true frames=true
[Architectury Transformer DEBUG] Writing net/sixik/sdmshop/client/screen/base/widgets/AbstractShopTabButton with maxs=true frames=true
[Architectury Transformer DEBUG] Writing net/sixik/sdmshop/client/screen/base/widgets/AbstractShopEntrySearch with maxs=true frames=true
[Architectury Transformer DEBUG] Writing net/sixik/sdmshop/client/screen/base/panels/AbstractShopEntryPanel with maxs=true frames=true
[Architectury Transformer DEBUG] Writing net/sixik/sdmshop/client/screen/base/panels/AbstractShopMoneyPanel with maxs=true frames=true
[Architectury Transformer DEBUG] Writing net/sixik/sdmshop/client/screen/base/panels/AbstractShopTabPanel with maxs=true frames=true
[Architectury Transformer DEBUG] Writing net/sixik/sdmshop/client/screen/base/create_entry/AbstractCreateEntryScreen$AbstractBackButton with maxs=true frames=true
[Architectury Transformer DEBUG] Writing net/sixik/sdmshop/client/screen/base/create_entry/AbstractCreateEntryPanel with maxs=true frames=true
[Architectury Transformer DEBUG] Writing net/sixik/sdmshop/client/screen/base/create_entry/AbstractCreateEntryScreen with maxs=true frames=true
[Architectury Transformer DEBUG] Writing net/sixik/sdmshop/client/screen/base/create_entry/AbstractCreateEntryScreen$AbstractShowOnlyLoadedButton with maxs=true frames=true
[Architectury Transformer DEBUG] Writing net/sixik/sdmshop/client/screen/base/create_entry/AbstractCreateEntryButton with maxs=true frames=true
[Architectury Transformer DEBUG] Writing net/sixik/sdmshop/client/screen/base/create_entry/AbstractCreateEntryScreen$1 with maxs=true frames=true
[Architectury Transformer DEBUG] Writing net/sixik/sdmshop/client/screen/base/buyer/AbstractBuyerBuyButton with maxs=true frames=true
[Architectury Transformer DEBUG] Writing net/sixik/sdmshop/client/screen/base/buyer/AbstractBuyerCancelButton with maxs=true frames=true
[Architectury Transformer DEBUG] Writing net/sixik/sdmshop/client/screen/base/buyer/AbstractBuyerScreen with maxs=true frames=true
[Architectury Transformer DEBUG] Writing net/sixik/sdmshop/client/render/DebugInfoRender with maxs=true frames=true
[Architectury Transformer DEBUG] Writing net/sixik/sdmshop/client/render/BuyerRenderVariable with maxs=true frames=true
[Architectury Transformer DEBUG] Writing net/sixik/sdmshop/api/ShopBase with maxs=true frames=true
[Architectury Transformer DEBUG] Writing net/sixik/sdmshop/api/ShopBase$EntryChangeListener with maxs=true frames=true
[Architectury Transformer DEBUG] Writing net/sixik/sdmshop/api/ShopBase$TabAddListener with maxs=true frames=true
[Architectury Transformer DEBUG] Writing net/sixik/sdmshop/api/ShopBase$1 with maxs=true frames=true
[Architectury Transformer DEBUG] Writing net/sixik/sdmshop/api/ShopApi with maxs=true frames=true
[Architectury Transformer DEBUG] Writing net/sixik/sdmshop/api/ShopBase$TabRemoveListener with maxs=true frames=true
[Architectury Transformer DEBUG] Writing net/sixik/sdmshop/api/ShopBase$EntryAddListener with maxs=true frames=true
[Architectury Transformer DEBUG] Writing net/sixik/sdmshop/api/ShopBase$TabChangeListener with maxs=true frames=true
[Architectury Transformer DEBUG] Writing net/sixik/sdmshop/api/ShopBase$EntryRemoveListener with maxs=true frames=true
[Architectury Transformer DEBUG] Writing net/sixik/sdmshop/api/ShopBase$ShopChangeListener with maxs=true frames=true
[Architectury Transformer DEBUG] Checking whether /sdmshop.mixins.json is a mixin config.
[Architectury Transformer DEBUG] Checking whether /SDMShop-common-common-refmap.json is a mixin config.
[Architectury Transformer DEBUG] Found mixin config(s): /sdmshop.mixins.json
[Architectury Transformer DEBUG] Injecting SDMShop-common-common-refmap.json to /sdmshop.mixins.json
[Architectury Transformer DEBUG] Closed File Systems for C:\Users\Sixik\Downloads\SDMShop\common\build\libs\SDMShop-common-1.20.1-7.1.10-transformProductionFabric.jar
[Architectury Transformer] Transformed jar with 5 transformer(s) in 2.640 s
[Architectury Transformer DEBUG] 
[Architectury Transformer DEBUG] ============================
[Architectury Transformer DEBUG] Transforming from C:\Users\Sixik\Downloads\SDMShop\common\build\devlibs\SDMShop-common-1.20.1-7.1.10-dev.jar to C:\Users\Sixik\Downloads\SDMShop\common\build\libs\SDMShop-common-1.20.1-7.1.10-transformProductionForge.jar
[Architectury Transformer DEBUG] ============================
[Architectury Transformer DEBUG] 
[Architectury Transformer DEBUG] Transforming 7 transformer(s) from C:\Users\Sixik\Downloads\SDMShop\common\build\devlibs\SDMShop-common-1.20.1-7.1.10-dev.jar to C:\Users\Sixik\Downloads\SDMShop\common\build\libs\SDMShop-common-1.20.1-7.1.10-transformProductionForge.jar: 
[Architectury Transformer DEBUG]  - dev.architectury.transformer.transformers.TransformExpectPlatform@141189b8
[Architectury Transformer DEBUG]  - dev.architectury.transformer.transformers.RemapInjectables@3eefbc23
[Architectury Transformer DEBUG]  - AddRefmapName(enabled=() -> kotlin.Boolean)
[Architectury Transformer DEBUG]  - dev.architectury.transformer.transformers.TransformPlatformOnly@207f584c
[Architectury Transformer DEBUG]  - dev.architectury.transformer.transformers.TransformForgeAnnotations@818b2f3
[Architectury Transformer DEBUG]  - dev.architectury.transformer.transformers.TransformForgeEnvironment@efd6573
[Architectury Transformer DEBUG]  - dev.architectury.transformer.transformers.FixForgeMixin@f69c7eb
[Architectury Transformer DEBUG] Transforming from C:\Users\Sixik\Downloads\SDMShop\common\build\devlibs\SDMShop-common-1.20.1-7.1.10-dev.jar to C:\Users\Sixik\Downloads\SDMShop\common\build\libs\SDMShop-common-1.20.1-7.1.10-transformProductionForge.jar with 7 transformer(s) on dev.architectury.transformer.handler.SimpleTransformerHandler
[Architectury Transformer DEBUG] Reading mixin mappings file: C:\Users\Sixik\Downloads\SDMShop\common\build\loom-cache\mixin-map-loom.mappings.1_20_1.layered+hash.40545-v2.main.tiny
[Architectury Transformer DEBUG] Remapping with 2 mapping provider(s):
[Architectury Transformer DEBUG]  - dev.architectury.transformer.transformers.TransformForgeEnvironment$$Lambda/0x0000010ac4196f10@9d5fbfe
[Architectury Transformer DEBUG]  - dev.architectury.transformer.transformers.TransformForgeEnvironment$$Lambda/0x0000010ac4197130@4af71609
[Architectury Transformer DEBUG] Provided 64 classpath jar(s):
[Architectury Transformer DEBUG]  - C:\Users\Sixik\.gradle\caches\modules-2\files-2.1\dev.architectury\architectury-injectables\1.0.10\62db2a366d662606d1b23ad02ccc3212ed37ec3\architectury-injectables-1.0.10.jar
[Architectury Transformer DEBUG]  - C:\Users\Sixik\.gradle\caches\modules-2\files-2.1\net.fabricmc\fabric-loader\0.18.4\dc4682125d5db647d6ce80a98b98945835adcd4b\fabric-loader-0.18.4.jar
[Architectury Transformer DEBUG]  - C:\Users\Sixik\.gradle\caches\modules-2\files-2.1\org.jetbrains\annotations\25.0.0\c1e6b966db352094ac3bf7f88f3bdef332fe43f0\annotations-25.0.0.jar
[Architectury Transformer DEBUG]  - C:\Users\Sixik\.gradle\caches\modules-2\files-2.1\org.ow2.asm\asm\9.7.1\f0ed132a49244b042cd0e15702ab9f2ce3cc8436\asm-9.7.1.jar
[Architectury Transformer DEBUG]  - C:\Users\Sixik\.gradle\caches\modules-2\files-2.1\org.ow2.asm\asm-analysis\9.7.1\f97a3b319f0ed6a8cd944dc79060d3912a28985f\asm-analysis-9.7.1.jar
[Architectury Transformer DEBUG]  - C:\Users\Sixik\.gradle\caches\modules-2\files-2.1\org.ow2.asm\asm-commons\9.7.1\406c6a2225cfe1819f102a161e54cc16a5c24f75\asm-commons-9.7.1.jar
[Architectury Transformer DEBUG]  - C:\Users\Sixik\.gradle\caches\modules-2\files-2.1\org.ow2.asm\asm-tree\9.7.1\3a53139787663b139de76b627fca0084ab60d32c\asm-tree-9.7.1.jar
[Architectury Transformer DEBUG]  - C:\Users\Sixik\.gradle\caches\modules-2\files-2.1\org.ow2.asm\asm-util\9.7.1\9e23359b598ec6b74b23e53110dd5c577adf2243\asm-util-9.7.1.jar
[Architectury Transformer DEBUG]  - C:\Users\Sixik\.gradle\caches\modules-2\files-2.1\net.fabricmc\sponge-mixin\0.15.4+mixin.0.8.7\6a12aacc794f1078458433116e9ed42c1cc98096\sponge-mixin-0.15.4+mixin.0.8.7.jar
[Architectury Transformer DEBUG]  - C:\Users\Sixik\.gradle\caches\modules-2\files-2.1\io.github.llamalad7\mixinextras-fabric\0.4.1\8d1a9e96afb990367fa1f904d17580d164da72e3\mixinextras-fabric-0.4.1.jar
[Architectury Transformer DEBUG]  - C:\Users\Sixik\.gradle\caches\modules-2\files-2.1\com.github.oshi\oshi-core\6.2.2\54f5efc19bca95d709d9a37d19ffcbba3d21c1a6\oshi-core-6.2.2.jar
[Architectury Transformer DEBUG]  - C:\Users\Sixik\.gradle\caches\modules-2\files-2.1\com.google.code.gson\gson\2.10\dd9b193aef96e973d5a11ab13cd17430c2e4306b\gson-2.10.jar
[Architectury Transformer DEBUG]  - C:\Users\Sixik\.gradle\caches\modules-2\files-2.1\com.google.guava\failureaccess\1.0.1\1dcf1de382a0bf95a3d8b0849546c88bac1292c9\failureaccess-1.0.1.jar
[Architectury Transformer DEBUG]  - C:\Users\Sixik\.gradle\caches\modules-2\files-2.1\com.google.guava\guava\31.1-jre\60458f877d055d0c9114d9e1a2efb737b4bc282c\guava-31.1-jre.jar
[Architectury Transformer DEBUG]  - C:\Users\Sixik\.gradle\caches\modules-2\files-2.1\com.ibm.icu\icu4j\71.1\9e7d3304c23f9ba5cb71915f7cce23231a57a445\icu4j-71.1.jar
[Architectury Transformer DEBUG]  - C:\Users\Sixik\.gradle\caches\modules-2\files-2.1\com.mojang\authlib\4.0.43\2ff9d747a77570a07a60d32ac77eb6162ad2a2d9\authlib-4.0.43.jar
[Architectury Transformer DEBUG]  - C:\Users\Sixik\.gradle\caches\modules-2\files-2.1\com.mojang\blocklist\1.0.10\5c685c5ffa94c4cd39496c7184c1d122e515ecef\blocklist-1.0.10.jar
[Architectury Transformer DEBUG]  - C:\Users\Sixik\.gradle\caches\modules-2\files-2.1\com.mojang\brigadier\1.1.8\5244ce82c3337bba4a196a3ce858bfaecc74404a\brigadier-1.1.8.jar
[Architectury Transformer DEBUG]  - C:\Users\Sixik\.gradle\caches\modules-2\files-2.1\com.mojang\datafixerupper\6.0.8\3ba4a30557a9b057760af4011f909ba619fc5125\datafixerupper-6.0.8.jar
[Architectury Transformer DEBUG]  - C:\Users\Sixik\.gradle\caches\modules-2\files-2.1\com.mojang\logging\1.1.1\832b8e6674a9b325a5175a3a6267dfaf34c85139\logging-1.1.1.jar
[Architectury Transformer DEBUG]  - C:\Users\Sixik\.gradle\caches\modules-2\files-2.1\com.mojang\patchy\2.2.10\da05971b07cbb379d002cf7eaec6a2048211fefc\patchy-2.2.10.jar
[Architectury Transformer DEBUG]  - C:\Users\Sixik\.gradle\caches\modules-2\files-2.1\com.mojang\text2speech\1.17.9\3cad216e3a7f0c19b4b394388bc9ffc446f13b14\text2speech-1.17.9.jar
[Architectury Transformer DEBUG]  - C:\Users\Sixik\.gradle\caches\modules-2\files-2.1\commons-codec\commons-codec\1.15\49d94806b6e3dc933dacbd8acb0fdbab8ebd1e5d\commons-codec-1.15.jar
[Architectury Transformer DEBUG]  - C:\Users\Sixik\.gradle\caches\modules-2\files-2.1\commons-io\commons-io\2.11.0\a2503f302b11ebde7ebc3df41daebe0e4eea3689\commons-io-2.11.0.jar
[Architectury Transformer DEBUG]  - C:\Users\Sixik\.gradle\caches\modules-2\files-2.1\commons-logging\commons-logging\1.2\4bfc12adfe4842bf07b657f0369c4cb522955686\commons-logging-1.2.jar
[Architectury Transformer DEBUG]  - C:\Users\Sixik\.gradle\caches\modules-2\files-2.1\io.netty\netty-buffer\4.1.82.Final\a544270cf1ae8b8077082f5036436a9a9971ea71\netty-buffer-4.1.82.Final.jar
[Architectury Transformer DEBUG]  - C:\Users\Sixik\.gradle\caches\modules-2\files-2.1\io.netty\netty-codec\4.1.82.Final\b77200379acb345a9ffdece1c605e591ac3e4e0a\netty-codec-4.1.82.Final.jar
[Architectury Transformer DEBUG]  - C:\Users\Sixik\.gradle\caches\modules-2\files-2.1\io.netty\netty-common\4.1.82.Final\22d148e85c3f5ebdacc0ce1f5aabb1d420f73f3\netty-common-4.1.82.Final.jar
[Architectury Transformer DEBUG]  - C:\Users\Sixik\.gradle\caches\modules-2\files-2.1\io.netty\netty-handler\4.1.82.Final\644041d1fa96a5d3130a29e8978630d716d76e38\netty-handler-4.1.82.Final.jar
[Architectury Transformer DEBUG]  - C:\Users\Sixik\.gradle\caches\modules-2\files-2.1\io.netty\netty-resolver\4.1.82.Final\38f665ae8dcd29032eea31245ba7806bed2e0fa8\netty-resolver-4.1.82.Final.jar
[Architectury Transformer DEBUG]  - C:\Users\Sixik\.gradle\caches\modules-2\files-2.1\io.netty\netty-transport-classes-epoll\4.1.82.Final\e7c7dd18deac93105797f30057c912651ea76521\netty-transport-classes-epoll-4.1.82.Final.jar
[Architectury Transformer DEBUG]  - C:\Users\Sixik\.gradle\caches\modules-2\files-2.1\io.netty\netty-transport-native-unix-common\4.1.82.Final\3e895b35ca1b8a0eca56cacff4c2dde5d2c6abce\netty-transport-native-unix-common-4.1.82.Final.jar
[Architectury Transformer DEBUG]  - C:\Users\Sixik\.gradle\caches\modules-2\files-2.1\io.netty\netty-transport\4.1.82.Final\e431a218d91acb6476ccad5f5aafde50aa3945ca\netty-transport-4.1.82.Final.jar
[Architectury Transformer DEBUG]  - C:\Users\Sixik\.gradle\caches\modules-2\files-2.1\it.unimi.dsi\fastutil\8.5.9\bb7ea75ecdb216654237830b3a96d87ad91f8cc5\fastutil-8.5.9.jar
[Architectury Transformer DEBUG]  - C:\Users\Sixik\.gradle\caches\modules-2\files-2.1\net.java.dev.jna\jna-platform\5.12.1\97406a297c852f4a41e688a176ec675f72e8329\jna-platform-5.12.1.jar
[Architectury Transformer DEBUG]  - C:\Users\Sixik\.gradle\caches\modules-2\files-2.1\net.java.dev.jna\jna\5.12.1\b1e93a735caea94f503e95e6fe79bf9cdc1e985d\jna-5.12.1.jar
[Architectury Transformer DEBUG]  - C:\Users\Sixik\.gradle\caches\modules-2\files-2.1\net.sf.jopt-simple\jopt-simple\5.0.4\4fdac2fbe92dfad86aa6e9301736f6b4342a3f5c\jopt-simple-5.0.4.jar
[Architectury Transformer DEBUG]  - C:\Users\Sixik\.gradle\caches\modules-2\files-2.1\org.apache.commons\commons-compress\1.21\4ec95b60d4e86b5c95a0e919cb172a0af98011ef\commons-compress-1.21.jar
[Architectury Transformer DEBUG]  - C:\Users\Sixik\.gradle\caches\modules-2\files-2.1\org.apache.commons\commons-lang3\3.12.0\c6842c86792ff03b9f1d1fe2aab8dc23aa6c6f0e\commons-lang3-3.12.0.jar
[Architectury Transformer DEBUG]  - C:\Users\Sixik\.gradle\caches\modules-2\files-2.1\org.apache.httpcomponents\httpclient\4.5.13\e5f6cae5ca7ecaac1ec2827a9e2d65ae2869cada\httpclient-4.5.13.jar
[Architectury Transformer DEBUG]  - C:\Users\Sixik\.gradle\caches\modules-2\files-2.1\org.apache.httpcomponents\httpcore\4.4.15\7f2e0c573eaa7a74bac2e89b359e1f73d92a0a1d\httpcore-4.4.15.jar
[Architectury Transformer DEBUG]  - C:\Users\Sixik\.gradle\caches\modules-2\files-2.1\org.apache.logging.log4j\log4j-api\2.19.0\ea1b37f38c327596b216542bc636cfdc0b8036fa\log4j-api-2.19.0.jar
[Architectury Transformer DEBUG]  - C:\Users\Sixik\.gradle\caches\modules-2\files-2.1\org.apache.logging.log4j\log4j-core\2.19.0\3b6eeb4de4c49c0fe38a4ee27188ff5fee44d0bb\log4j-core-2.19.0.jar
[Architectury Transformer DEBUG]  - C:\Users\Sixik\.gradle\caches\modules-2\files-2.1\org.apache.logging.log4j\log4j-slf4j2-impl\2.19.0\5c04bfdd63ce9dceb2e284b81e96b6a70010ee10\log4j-slf4j2-impl-2.19.0.jar
[Architectury Transformer DEBUG]  - C:\Users\Sixik\.gradle\caches\modules-2\files-2.1\org.joml\joml\1.10.5\22566d58af70ad3d72308bab63b8339906deb649\joml-1.10.5.jar
[Architectury Transformer DEBUG]  - C:\Users\Sixik\.gradle\caches\modules-2\files-2.1\org.lwjgl\lwjgl-glfw\3.3.1\cbac1b8d30cb4795149c1ef540f912671a8616d0\lwjgl-glfw-3.3.1.jar
[Architectury Transformer DEBUG]  - C:\Users\Sixik\.gradle\caches\modules-2\files-2.1\org.lwjgl\lwjgl-jemalloc\3.3.1\a817bcf213db49f710603677457567c37d53e103\lwjgl-jemalloc-3.3.1.jar
[Architectury Transformer DEBUG]  - C:\Users\Sixik\.gradle\caches\modules-2\files-2.1\org.lwjgl\lwjgl-openal\3.3.1\2623a6b8ae1dfcd880738656a9f0243d2e6840bd\lwjgl-openal-3.3.1.jar
[Architectury Transformer DEBUG]  - C:\Users\Sixik\.gradle\caches\modules-2\files-2.1\org.lwjgl\lwjgl-opengl\3.3.1\831a5533a21a5f4f81bbc51bb13e9899319b5411\lwjgl-opengl-3.3.1.jar
[Architectury Transformer DEBUG]  - C:\Users\Sixik\.gradle\caches\modules-2\files-2.1\org.lwjgl\lwjgl-stb\3.3.1\b119297cf8ed01f247abe8685857f8e7fcf5980f\lwjgl-stb-3.3.1.jar
[Architectury Transformer DEBUG]  - C:\Users\Sixik\.gradle\caches\modules-2\files-2.1\org.lwjgl\lwjgl-tinyfd\3.3.1\ff1914111ef2e3e0110ef2dabc8d8cdaad82347\lwjgl-tinyfd-3.3.1.jar
[Architectury Transformer DEBUG]  - C:\Users\Sixik\.gradle\caches\modules-2\files-2.1\org.lwjgl\lwjgl\3.3.1\ae58664f88e18a9bb2c77b063833ca7aaec484cb\lwjgl-3.3.1.jar
[Architectury Transformer DEBUG]  - C:\Users\Sixik\.gradle\caches\modules-2\files-2.1\org.slf4j\slf4j-api\2.0.1\f48d81adce2abf5ad3cfe463df517952749e03bc\slf4j-api-2.0.1.jar
[Architectury Transformer DEBUG]  - C:\Users\Sixik\Downloads\SDMShop\.gradle\loom-cache\minecraftMaven\net\minecraft\minecraft-merged-23ce6c7ef6\1.20.1-loom.mappings.1_20_1.layered+hash.40545-v2\minecraft-merged-23ce6c7ef6-1.20.1-loom.mappings.1_20_1.layered+hash.40545-v2.jar
[Architectury Transformer DEBUG]  - C:\Users\Sixik\.gradle\caches\modules-2\files-2.1\io.netty\netty-transport-native-epoll\4.1.82.Final\c7350a71920f3ae9142945e25fed4846cce53374\netty-transport-native-epoll-4.1.82.Final-linux-x86_64.jar
[Architectury Transformer DEBUG]  - C:\Users\Sixik\.gradle\caches\modules-2\files-2.1\io.netty\netty-transport-native-epoll\4.1.82.Final\476409d6255001ca53a55f65b01c13822f8dc93a\netty-transport-native-epoll-4.1.82.Final-linux-aarch_64.jar
[Architectury Transformer DEBUG]  - C:\Users\Sixik\.gradle\caches\modules-2\files-2.1\curse.maven\sdm-economy-1102542\6689080\74e1ea7d603944c2d7613174d6fe72fe2e08629d\sdm-economy-1102542-6689080.jar
[Architectury Transformer DEBUG]  - C:\Users\Sixik\.gradle\caches\modules-2\files-2.1\curse.maven\sdm-ui-lib-1095061\6086204\ced6c96091b9368e9a89487f0c5f0ae95088140a\sdm-ui-lib-1095061-6086204.jar
[Architectury Transformer DEBUG]  - C:\Users\Sixik\.gradle\caches\modules-2\files-2.1\curse.maven\kubejs-238086\5853326\93fcf0eacc5dc08a4f719eaaed1dc93f0dc80f66\kubejs-238086-5853326.jar
[Architectury Transformer DEBUG]  - C:\Users\Sixik\.gradle\caches\modules-2\files-2.1\curse.maven\rhino-416294\5655836\c91c1710d7338f139b7cb3465f00590e210139e\rhino-416294-5655836.jar
[Architectury Transformer DEBUG]  - C:\Users\Sixik\.gradle\caches\modules-2\files-2.1\curse.maven\game-stages-268655\5790361\e17306593188b9fd16170a9dc47a8e0051a9f1e7\game-stages-268655-5790361.jar
[Architectury Transformer DEBUG]  - C:\Users\Sixik\.gradle\caches\modules-2\files-2.1\curse.maven\ftb-quests-forge-289412\6431737\ad087e2dc897c7e2eea36901a05da9518bc0673f\ftb-quests-forge-289412-6431737.jar
[Architectury Transformer DEBUG]  - C:\Users\Sixik\Downloads\SDMShop\.gradle\loom-cache\remapped_mods\loom_mappings_1_20_1_layered_hash_40545_v2\dev\architectury\architectury\9.2.14\architectury-9.2.14.jar
[Architectury Transformer DEBUG]  - C:\Users\Sixik\Downloads\SDMShop\.gradle\loom-cache\remapped_mods\loom_mappings_1_20_1_layered_hash_40545_v2\dev\ftb\mods\ftb-library\2001.2.9\ftb-library-2001.2.9.jar
[Architectury Transformer] Read classpath in 1.361 s
[Architectury Transformer DEBUG] Remapping Classes:
[Architectury Transformer DEBUG] net/fabricmc/api/EnvType -> net/minecraftforge/api/distmarker/Dist
[Architectury Transformer DEBUG] net/fabricmc/api/Environment -> net/minecraftforge/api/distmarker/OnlyIn
[Architectury Transformer DEBUG] Found class transformer
[Architectury Transformer DEBUG] Writing net/sixik/sdmshop/SDMShopCommands with maxs=true frames=true
[Architectury Transformer DEBUG] Writing net/sixik/sdmshop/SDMShop with maxs=true frames=true
[Architectury Transformer DEBUG] Writing net/sixik/sdmshop/SDMShopPaths with maxs=true frames=true
[Architectury Transformer DEBUG] Writing net/sixik/sdmshop/SDMShopConstants with maxs=true frames=true
[Architectury Transformer DEBUG] Writing net/sixik/sdmshop/utils/ShopUtils with maxs=true frames=true
[Architectury Transformer DEBUG] Writing net/sixik/sdmshop/utils/ShopEntryTypeCreator with maxs=true frames=true
[Architectury Transformer DEBUG] Writing net/sixik/sdmshop/utils/RenderComponent with maxs=true frames=true
[Architectury Transformer DEBUG] Writing net/sixik/sdmshop/utils/ListHelper with maxs=true frames=true
[Architectury Transformer DEBUG] Writing net/sixik/sdmshop/utils/ShopNBTUtils with maxs=true frames=true
[Architectury Transformer DEBUG] Writing net/sixik/sdmshop/utils/HashUtils with maxs=true frames=true
[Architectury Transformer DEBUG] Writing net/sixik/sdmshop/utils/StagesUtils with maxs=true frames=true
[Architectury Transformer DEBUG] Writing net/sixik/sdmshop/utils/ShopDebugUtils with maxs=true frames=true
[Architectury Transformer DEBUG] Writing net/sixik/sdmshop/utils/ShopSerializerHelper with maxs=true frames=true
[Architectury Transformer DEBUG] Writing net/sixik/sdmshop/utils/ShopRenderUtils with maxs=true frames=true
[Architectury Transformer DEBUG] Writing net/sixik/sdmshop/utils/ShopInputHelper with maxs=true frames=true
[Architectury Transformer DEBUG] Writing net/sixik/sdmshop/utils/DataSerializer with maxs=true frames=true
[Architectury Transformer DEBUG] Writing net/sixik/sdmshop/utils/ShopItemHelper with maxs=true frames=true
[Architectury Transformer DEBUG] Writing net/sixik/sdmshop/utils/ShopNetworkUtils with maxs=true frames=true
[Architectury Transformer DEBUG] Writing net/sixik/sdmshop/utils/ShopAdminUtils with maxs=true frames=true
[Architectury Transformer DEBUG] Writing net/sixik/sdmshop/utils/ShopUtilsClient with maxs=true frames=true
[Architectury Transformer DEBUG] Writing net/sixik/sdmshop/utils/ShopAdminUtils$Level with maxs=true frames=true
[Architectury Transformer DEBUG] Writing net/sixik/sdmshop/utils/DataSerializerCompoundTag with maxs=true frames=true
[Architectury Transformer DEBUG] Writing net/sixik/sdmshop/utils/RemoveResult with maxs=true frames=true
[Architectury Transformer DEBUG] Writing net/sixik/sdmshop/utils/config/SDMConfigGroup with maxs=true frames=true
[Architectury Transformer DEBUG] Writing net/sixik/sdmshop/utils/config/SDMEditConfigScreen with maxs=true frames=true
[Architectury Transformer DEBUG] Writing net/sixik/sdmshop/utils/config/ConfigBuilder with maxs=true frames=true
[Architectury Transformer DEBUG] Writing net/sixik/sdmshop/utils/config/ConfigIconItemStack with maxs=true frames=true
[Architectury Transformer DEBUG] Writing net/sixik/sdmshop/utils/config/ConfigIconItemStack$CustomIconItem with maxs=true frames=true
[Architectury Transformer DEBUG] Writing net/sixik/sdmshop/shop/BaseShop with maxs=true frames=true
[Architectury Transformer DEBUG] Writing net/sixik/sdmshop/shop/ShopEntry with maxs=true frames=true
[Architectury Transformer DEBUG] Writing net/sixik/sdmshop/shop/ShopTab with maxs=true frames=true
[Architectury Transformer DEBUG] Writing net/sixik/sdmshop/shop/ShopParams with maxs=true frames=true
[Architectury Transformer DEBUG] Writing net/sixik/sdmshop/shop/seller_types/ItemSellerType with maxs=true frames=true
[Architectury Transformer DEBUG] Writing net/sixik/sdmshop/shop/seller_types/MoneySellerType with maxs=true frames=true
[Architectury Transformer DEBUG] Writing net/sixik/sdmshop/shop/limiter/ShopLimiter with maxs=true frames=true
[Architectury Transformer DEBUG] Writing net/sixik/sdmshop/shop/limiter/ShopLimiterData with maxs=true frames=true
[Architectury Transformer DEBUG] Writing net/sixik/sdmshop/shop/limiter/ShopLimiterAttachType with maxs=true frames=true
[Architectury Transformer DEBUG] Writing net/sixik/sdmshop/shop/limiter/ShopLimiter$1 with maxs=true frames=true
[Architectury Transformer DEBUG] Writing net/sixik/sdmshop/shop/exceptions/TabNotFoundException with maxs=true frames=true
[Architectury Transformer DEBUG] Writing net/sixik/sdmshop/shop/exceptions/EntryNotFoundException with maxs=true frames=true
[Architectury Transformer DEBUG] Writing net/sixik/sdmshop/shop/entry_types/TagEntryType with maxs=true frames=true
[Architectury Transformer DEBUG] Writing net/sixik/sdmshop/shop/entry_types/CommandEntryType with maxs=true frames=true
[Architectury Transformer DEBUG] Writing net/sixik/sdmshop/shop/entry_types/MissingEntryType with maxs=true frames=true
[Architectury Transformer DEBUG] Writing net/sixik/sdmshop/shop/entry_types/XPEntryType with maxs=true frames=true
[Architectury Transformer DEBUG] Writing net/sixik/sdmshop/shop/entry_types/XPLevelEntryType with maxs=true frames=true
[Architectury Transformer DEBUG] Writing net/sixik/sdmshop/shop/entry_types/AdvancementEntryType with maxs=true frames=true
[Architectury Transformer DEBUG] Writing net/sixik/sdmshop/shop/entry_types/ItemEntryType with maxs=true frames=true
[Architectury Transformer DEBUG] Writing net/sixik/sdmshop/shop/entry_types/integration/StageEntryType with maxs=true frames=true
[Architectury Transformer DEBUG] Writing net/sixik/sdmshop/shop/entry_types/integration/FBTQuestEntryType with maxs=true frames=true
[Architectury Transformer DEBUG] Writing net/sixik/sdmshop/shop/conditions/ScriptShopCondition with maxs=true frames=true
[Architectury Transformer DEBUG] Writing net/sixik/sdmshop/shop/conditions/integration/StageCondition with maxs=true frames=true
[Architectury Transformer DEBUG] Writing net/sixik/sdmshop/shop/conditions/integration/FTBQuestCondition with maxs=true frames=true
[Architectury Transformer DEBUG] Writing net/sixik/sdmshop/server/SDMShopServer with maxs=true frames=true
[Architectury Transformer DEBUG] Writing net/sixik/sdmshop/server/SDMShopEvents with maxs=true frames=true
[Architectury Transformer DEBUG] Writing net/sixik/sdmshop/registers/ShopContentRegister with maxs=true frames=true
[Architectury Transformer DEBUG] Writing net/sixik/sdmshop/registers/ShopItemRegisters with maxs=true frames=true
[Architectury Transformer DEBUG] Writing net/sixik/sdmshop/old_api/SearchSupport$ByTooltip with maxs=true frames=true
[Architectury Transformer DEBUG] Writing net/sixik/sdmshop/old_api/ModObjectIdentifier with maxs=true frames=true
[Architectury Transformer DEBUG] Writing net/sixik/sdmshop/old_api/TooltipSupport with maxs=true frames=true
[Architectury Transformer DEBUG] Writing net/sixik/sdmshop/old_api/ShopEntryType with maxs=true frames=true
[Architectury Transformer DEBUG] Writing net/sixik/sdmshop/old_api/ConditionSupport with maxs=true frames=true
[Architectury Transformer DEBUG] Writing net/sixik/sdmshop/old_api/VariableSupport with maxs=true frames=true
[Architectury Transformer DEBUG] Writing net/sixik/sdmshop/old_api/LimiterSupport with maxs=true frames=true
[Architectury Transformer DEBUG] Writing net/sixik/sdmshop/old_api/Constructor with maxs=true frames=true
[Architectury Transformer DEBUG] Writing net/sixik/sdmshop/old_api/IconRenderSupport with maxs=true frames=true
[Architectury Transformer DEBUG] Writing net/sixik/sdmshop/old_api/SearchSupport with maxs=true frames=true
[Architectury Transformer DEBUG] Writing net/sixik/sdmshop/old_api/ShopEntrySellType with maxs=true frames=true
[Architectury Transformer DEBUG] Writing net/sixik/sdmshop/old_api/LimiterType with maxs=true frames=true
[Architectury Transformer DEBUG] Writing net/sixik/sdmshop/old_api/CustomIcon with maxs=true frames=true
[Architectury Transformer DEBUG] Writing net/sixik/sdmshop/old_api/RenderSupport with maxs=true frames=true
[Architectury Transformer DEBUG] Writing net/sixik/sdmshop/old_api/ConfigSupport with maxs=true frames=true
[Architectury Transformer DEBUG] Writing net/sixik/sdmshop/old_api/SearchSupport$ByTag with maxs=true frames=true
[Architectury Transformer DEBUG] Writing net/sixik/sdmshop/old_api/MoveType with maxs=true frames=true
[Architectury Transformer DEBUG] Writing net/sixik/sdmshop/old_api/ObjectIdentifier with maxs=true frames=true
[Architectury Transformer DEBUG] Writing net/sixik/sdmshop/old_api/DataSaver with maxs=true frames=true
[Architectury Transformer DEBUG] Writing net/sixik/sdmshop/old_api/shop/AbstractEntryType with maxs=true frames=true
[Architectury Transformer DEBUG] Writing net/sixik/sdmshop/old_api/shop/EntryTypeProperty with maxs=true frames=true
[Architectury Transformer DEBUG] Writing net/sixik/sdmshop/old_api/shop/ShopObjectTypes with maxs=true frames=true
[Architectury Transformer DEBUG] Writing net/sixik/sdmshop/old_api/shop/AbstractShopCondition with maxs=true frames=true
[Architectury Transformer DEBUG] Writing net/sixik/sdmshop/old_api/shop/ShopChangeListener with maxs=true frames=true
[Architectury Transformer DEBUG] Writing net/sixik/sdmshop/old_api/shop/AbstractEntryVariable with maxs=true frames=true
[Architectury Transformer DEBUG] Writing net/sixik/sdmshop/old_api/shop/AbstractEntrySellerType with maxs=true frames=true
[Architectury Transformer DEBUG] Writing net/sixik/sdmshop/old_api/shop/ShopObject with maxs=true frames=true
[Architectury Transformer DEBUG] Writing net/sixik/sdmshop/old_api/shop/AbstractEntryFunction with maxs=true frames=true
[Architectury Transformer DEBUG] Writing net/sixik/sdmshop/old_api/screen/InfoButtonSupport with maxs=true frames=true
[Architectury Transformer DEBUG] Writing net/sixik/sdmshop/old_api/screen/BuyerScreenSupport with maxs=true frames=true
[Architectury Transformer DEBUG] Writing net/sixik/sdmshop/old_api/screen/ConfigScreenRefresher with maxs=true frames=true
[Architectury Transformer DEBUG] Writing net/sixik/sdmshop/old_api/screen/RefreshSupport with maxs=true frames=true
[Architectury Transformer DEBUG] Writing net/sixik/sdmshop/old_api/screen/ShopUIRenderComponent with maxs=true frames=true
[Architectury Transformer DEBUG] Writing net/sixik/sdmshop/old_api/screen/EntryCreateScreenSupport with maxs=true frames=true
[Architectury Transformer DEBUG] Writing net/sixik/sdmshop/old_api/network/AbstractASKRequest with maxs=true frames=true
[Architectury Transformer DEBUG] Writing net/sixik/sdmshop/old_api/events/ShopEvents$ConditionEvent with maxs=true frames=true
[Architectury Transformer DEBUG] Writing net/sixik/sdmshop/old_api/events/ShopEvents with maxs=true frames=true
[Architectury Transformer DEBUG] Writing net/sixik/sdmshop/network/SDMShopNetwork with maxs=true frames=true
[Architectury Transformer DEBUG] Writing net/sixik/sdmshop/network/ASKHandler with maxs=true frames=true
[Architectury Transformer DEBUG] Writing net/sixik/sdmshop/network/ASKHandler$Request with maxs=true frames=true
[Architectury Transformer DEBUG] Writing net/sixik/sdmshop/network/ASKHandler$Data with maxs=true frames=true
[Architectury Transformer DEBUG] Writing net/sixik/sdmshop/network/sync/SendChangeShopParamsS2C with maxs=true frames=true
[Architectury Transformer DEBUG] Writing net/sixik/sdmshop/network/sync/SendChangeEntryS2C with maxs=true frames=true
[Architectury Transformer DEBUG] Writing net/sixik/sdmshop/network/sync/SendRemoveTabS2C with maxs=true frames=true
[Architectury Transformer DEBUG] Writing net/sixik/sdmshop/network/sync/SendChangeTabS2C with maxs=true frames=true
[Architectury Transformer DEBUG] Writing net/sixik/sdmshop/network/sync/SendAddEntryS2C with maxs=true frames=true
[Architectury Transformer DEBUG] Writing net/sixik/sdmshop/network/sync/SendRemoveEntryS2C with maxs=true frames=true
[Architectury Transformer DEBUG] Writing net/sixik/sdmshop/network/sync/SendMoveTabS2C with maxs=true frames=true
[Architectury Transformer DEBUG] Writing net/sixik/sdmshop/network/sync/SendLimiterS2C with maxs=true frames=true
[Architectury Transformer DEBUG] Writing net/sixik/sdmshop/network/sync/SendMoveEntryS2C with maxs=true frames=true
[Architectury Transformer DEBUG] Writing net/sixik/sdmshop/network/sync/SendAddTabS2C with maxs=true frames=true
[Architectury Transformer DEBUG] Writing net/sixik/sdmshop/network/sync/server/SendChangeEntryC2S with maxs=true frames=true
[Architectury Transformer DEBUG] Writing net/sixik/sdmshop/network/sync/server/SendRemoveTabC2S with maxs=true frames=true
[Architectury Transformer DEBUG] Writing net/sixik/sdmshop/network/sync/server/SendMoveTabC2S with maxs=true frames=true
[Architectury Transformer DEBUG] Writing net/sixik/sdmshop/network/sync/server/SendChangeShopParamsC2S with maxs=true frames=true
[Architectury Transformer DEBUG] Writing net/sixik/sdmshop/network/sync/server/SendResetLimiterC2S with maxs=true frames=true
[Architectury Transformer DEBUG] Writing net/sixik/sdmshop/network/sync/server/SendChangeTabC2S with maxs=true frames=true
[Architectury Transformer DEBUG] Writing net/sixik/sdmshop/network/sync/server/SendMoveEntryC2S with maxs=true frames=true
[Architectury Transformer DEBUG] Writing net/sixik/sdmshop/network/sync/server/SendAddEntryC2S with maxs=true frames=true
[Architectury Transformer DEBUG] Writing net/sixik/sdmshop/network/sync/server/SendAddTabC2S with maxs=true frames=true
[Architectury Transformer DEBUG] Writing net/sixik/sdmshop/network/sync/server/SendRemoveEntryC2S with maxs=true frames=true
[Architectury Transformer DEBUG] Writing net/sixik/sdmshop/network/server/SendBuyEntryC2S with maxs=true frames=true
[Architectury Transformer DEBUG] Writing net/sixik/sdmshop/network/server/ChangeEditModeC2S with maxs=true frames=true
[Architectury Transformer DEBUG] Writing net/sixik/sdmshop/network/economy/ShopChangeMoneyC2S with maxs=true frames=true
[Architectury Transformer DEBUG] Writing net/sixik/sdmshop/network/ASK/SyncAndOpenShopASK with maxs=true frames=true
[Architectury Transformer DEBUG] Writing net/sixik/sdmshop/network/ASK/GetShopAndOpenASK with maxs=true frames=true
[Architectury Transformer DEBUG] Writing net/sixik/sdmshop/network/ASK/SyncShopASK with maxs=true frames=true
[Architectury Transformer DEBUG] Writing net/sixik/sdmshop/network/ASK/ASK_base/ShopDataSyncASKC2S with maxs=true frames=true
[Architectury Transformer DEBUG] Writing net/sixik/sdmshop/network/ASK/ASK_base/ShopDataSyncASKS2C with maxs=true frames=true
[Architectury Transformer DEBUG] Writing net/sixik/sdmshop/mixin/accessors/EditConfigScreenAccessor with maxs=true frames=true
[Architectury Transformer DEBUG] Writing net/sixik/sdmshop/mixin/accessors/ConfigGroupAccess with maxs=true frames=true
[Architectury Transformer DEBUG] Writing net/sixik/sdmshop/currencies/SDMCoin with maxs=true frames=true
[Architectury Transformer DEBUG] Writing net/sixik/sdmshop/config/ShopConfigImpl with maxs=true frames=true
[Architectury Transformer DEBUG] Writing net/sixik/sdmshop/config/ShopConfig with maxs=true frames=true
[Architectury Transformer DEBUG] Writing net/sixik/sdmshop/compat/SDMShopIntegration with maxs=true frames=true
[Architectury Transformer DEBUG] Writing net/sixik/sdmshop/compat/kubejs/ShopKubeJSHelper with maxs=true frames=true
[Architectury Transformer DEBUG] Writing net/sixik/sdmshop/compat/kubejs/ShopJSEvents with maxs=true frames=true
[Architectury Transformer DEBUG] Writing net/sixik/sdmshop/compat/kubejs/ShopClientJS with maxs=true frames=true
[Architectury Transformer DEBUG] Writing net/sixik/sdmshop/compat/kubejs/ShopServerJS with maxs=true frames=true
[Architectury Transformer DEBUG] Writing net/sixik/sdmshop/compat/kubejs/ShopKubeJSHelper$1 with maxs=true frames=true
[Architectury Transformer DEBUG] Writing net/sixik/sdmshop/compat/kubejs/SDMShopKubeJS with maxs=true frames=true
[Architectury Transformer DEBUG] Writing net/sixik/sdmshop/compat/kubejs/events/ShopEntryBuyEventJS with maxs=true frames=true
[Architectury Transformer DEBUG] Writing net/sixik/sdmshop/compat/kubejs/events/ShopEntrySellEventJS with maxs=true frames=true
[Architectury Transformer DEBUG] Writing net/sixik/sdmshop/compat/ftbquests/FTBMoneyReward with maxs=true frames=true
[Architectury Transformer DEBUG] Writing net/sixik/sdmshop/compat/ftbquests/FTBMoneyTask with maxs=true frames=true
[Architectury Transformer DEBUG] Writing net/sixik/sdmshop/compat/ftbquests/FTBIntegrationHelper with maxs=true frames=true
[Architectury Transformer DEBUG] Writing net/sixik/sdmshop/client/SDMShopClient$ClientShopData with maxs=true frames=true
[Architectury Transformer DEBUG] Writing net/sixik/sdmshop/client/SDMShopClient with maxs=true frames=true
[Architectury Transformer DEBUG] Writing net/sixik/sdmshop/client/screen/modern/ModernShopScreen with maxs=true frames=true
[Architectury Transformer DEBUG] Writing net/sixik/sdmshop/client/screen/modern/ModernShopScreen$2 with maxs=true frames=true
[Architectury Transformer DEBUG] Writing net/sixik/sdmshop/client/screen/modern/ModernShopScreen$1 with maxs=true frames=true
[Architectury Transformer DEBUG] Writing net/sixik/sdmshop/client/screen/modern/ModernShopScreen$3 with maxs=true frames=true
[Architectury Transformer DEBUG] Writing net/sixik/sdmshop/client/screen/modern/widgets/ModernShopEntryButton with maxs=true frames=true
[Architectury Transformer DEBUG] Writing net/sixik/sdmshop/client/screen/modern/widgets/ModernShowOnlyLoadedButton with maxs=true frames=true
[Architectury Transformer DEBUG] Writing net/sixik/sdmshop/client/screen/modern/widgets/ModernBackButton with maxs=true frames=true
[Architectury Transformer DEBUG] Writing net/sixik/sdmshop/client/screen/modern/widgets/ModernShopTabButton with maxs=true frames=true
[Architectury Transformer DEBUG] Writing net/sixik/sdmshop/client/screen/modern/wallet/PayCardRender with maxs=true frames=true
[Architectury Transformer DEBUG] Writing net/sixik/sdmshop/client/screen/modern/wallet/PlayerWallet with maxs=true frames=true
[Architectury Transformer DEBUG] Writing net/sixik/sdmshop/client/screen/modern/wallet/TransferPanel with maxs=true frames=true
[Architectury Transformer DEBUG] Writing net/sixik/sdmshop/client/screen/modern/wallet/CurrenciesPanel with maxs=true frames=true
[Architectury Transformer DEBUG] Writing net/sixik/sdmshop/client/screen/modern/wallet/TransferPanel$1 with maxs=true frames=true
[Architectury Transformer DEBUG] Writing net/sixik/sdmshop/client/screen/modern/wallet/PlayerWallet$1 with maxs=true frames=true
[Architectury Transformer DEBUG] Writing net/sixik/sdmshop/client/screen/modern/wallet/OpenWalletButton with maxs=true frames=true
[Architectury Transformer DEBUG] Writing net/sixik/sdmshop/client/screen/modern/wallet/ModernTextBox with maxs=true frames=true
[Architectury Transformer DEBUG] Writing net/sixik/sdmshop/client/screen/modern/wallet/ModernSimpleTextButton with maxs=true frames=true
[Architectury Transformer DEBUG] Writing net/sixik/sdmshop/client/screen/modern/wallet/CurrencyRender with maxs=true frames=true
[Architectury Transformer DEBUG] Writing net/sixik/sdmshop/client/screen/modern/wallet/PayPanel with maxs=true frames=true
[Architectury Transformer DEBUG] Writing net/sixik/sdmshop/client/screen/modern/panels/ModernShopPanels$BottomPanel with maxs=true frames=true
[Architectury Transformer DEBUG] Writing net/sixik/sdmshop/client/screen/modern/panels/ModernShopPanels$TopEntriesPanel$2 with maxs=true frames=true
[Architectury Transformer DEBUG] Writing net/sixik/sdmshop/client/screen/modern/panels/ModernShopPanels$TopEntriesPanel$3 with maxs=true frames=true
[Architectury Transformer DEBUG] Writing net/sixik/sdmshop/client/screen/modern/panels/ModernShopPanels$TopEntriesPanel$1 with maxs=true frames=true
[Architectury Transformer DEBUG] Writing net/sixik/sdmshop/client/screen/modern/panels/ModernShopPanels$TopPanel with maxs=true frames=true
[Architectury Transformer DEBUG] Writing net/sixik/sdmshop/client/screen/modern/panels/ModernShopEntriesPanel with maxs=true frames=true
[Architectury Transformer DEBUG] Writing net/sixik/sdmshop/client/screen/modern/panels/ModernShopPanels$TopEntriesPanel with maxs=true frames=true
[Architectury Transformer DEBUG] Writing net/sixik/sdmshop/client/screen/modern/panels/ModernShopPanels$BottomPanel$1 with maxs=true frames=true
[Architectury Transformer DEBUG] Writing net/sixik/sdmshop/client/screen/modern/panels/ModernShopPanels$BottomPanel$2 with maxs=true frames=true
[Architectury Transformer DEBUG] Writing net/sixik/sdmshop/client/screen/modern/panels/ModernShopTabPanel with maxs=true frames=true
[Architectury Transformer DEBUG] Writing net/sixik/sdmshop/client/screen/modern/panels/ModernShopPanels with maxs=true frames=true
[Architectury Transformer DEBUG] Writing net/sixik/sdmshop/client/screen/modern/madal/ModernShopInfoModalPanel with maxs=true frames=true
[Architectury Transformer DEBUG] Writing net/sixik/sdmshop/client/screen/modern/create_entry/ModernCreateEntryScreen with maxs=true frames=true
[Architectury Transformer DEBUG] Writing net/sixik/sdmshop/client/screen/modern/create_entry/ModernCreateEntryButton$1 with maxs=true frames=true
[Architectury Transformer DEBUG] Writing net/sixik/sdmshop/client/screen/modern/create_entry/ModernCreateEntryButton with maxs=true frames=true
[Architectury Transformer DEBUG] Writing net/sixik/sdmshop/client/screen/modern/create_entry/ModernCreateEntryPanel with maxs=true frames=true
[Architectury Transformer DEBUG] Writing net/sixik/sdmshop/client/screen/modern/create_entry/ModernCreateEntryScreen$1 with maxs=true frames=true
[Architectury Transformer DEBUG] Writing net/sixik/sdmshop/client/screen/modern/buyer/ModernBuyerScreen with maxs=true frames=true
[Architectury Transformer DEBUG] Writing net/sixik/sdmshop/client/screen/modern/buyer/ModernBuyerScreen$CancelButton with maxs=true frames=true
[Architectury Transformer DEBUG] Writing net/sixik/sdmshop/client/screen/modern/buyer/ModernBuyerScreen$1 with maxs=true frames=true
[Architectury Transformer DEBUG] Writing net/sixik/sdmshop/client/screen/modern/buyer/ModernBuyerScreen$BuyButton with maxs=true frames=true
[Architectury Transformer DEBUG] Writing net/sixik/sdmshop/client/screen/base/AbstractShopPanel with maxs=true frames=true
[Architectury Transformer DEBUG] Writing net/sixik/sdmshop/client/screen/base/AbstractShopScreen with maxs=true frames=true
[Architectury Transformer DEBUG] Writing net/sixik/sdmshop/client/screen/base/widgets/AbstractShopEntryButton with maxs=true frames=true
[Architectury Transformer DEBUG] Writing net/sixik/sdmshop/client/screen/base/widgets/AbstractShopTabButton with maxs=true frames=true
[Architectury Transformer DEBUG] Writing net/sixik/sdmshop/client/screen/base/widgets/AbstractShopEntrySearch with maxs=true frames=true
[Architectury Transformer DEBUG] Writing net/sixik/sdmshop/client/screen/base/panels/AbstractShopEntryPanel with maxs=true frames=true
[Architectury Transformer DEBUG] Writing net/sixik/sdmshop/client/screen/base/panels/AbstractShopMoneyPanel with maxs=true frames=true
[Architectury Transformer DEBUG] Writing net/sixik/sdmshop/client/screen/base/panels/AbstractShopTabPanel with maxs=true frames=true
[Architectury Transformer DEBUG] Writing net/sixik/sdmshop/client/screen/base/create_entry/AbstractCreateEntryScreen$AbstractBackButton with maxs=true frames=true
[Architectury Transformer DEBUG] Writing net/sixik/sdmshop/client/screen/base/create_entry/AbstractCreateEntryPanel with maxs=true frames=true
[Architectury Transformer DEBUG] Writing net/sixik/sdmshop/client/screen/base/create_entry/AbstractCreateEntryScreen with maxs=true frames=true
[Architectury Transformer DEBUG] Writing net/sixik/sdmshop/client/screen/base/create_entry/AbstractCreateEntryScreen$AbstractShowOnlyLoadedButton with maxs=true frames=true
[Architectury Transformer DEBUG] Writing net/sixik/sdmshop/client/screen/base/create_entry/AbstractCreateEntryButton with maxs=true frames=true
[Architectury Transformer DEBUG] Writing net/sixik/sdmshop/client/screen/base/create_entry/AbstractCreateEntryScreen$1 with maxs=true frames=true
[Architectury Transformer DEBUG] Writing net/sixik/sdmshop/client/screen/base/buyer/AbstractBuyerBuyButton with maxs=true frames=true
[Architectury Transformer DEBUG] Writing net/sixik/sdmshop/client/screen/base/buyer/AbstractBuyerCancelButton with maxs=true frames=true
[Architectury Transformer DEBUG] Writing net/sixik/sdmshop/client/screen/base/buyer/AbstractBuyerScreen with maxs=true frames=true
[Architectury Transformer DEBUG] Writing net/sixik/sdmshop/client/render/DebugInfoRender with maxs=true frames=true
[Architectury Transformer DEBUG] Writing net/sixik/sdmshop/client/render/BuyerRenderVariable with maxs=true frames=true
[Architectury Transformer DEBUG] Writing net/sixik/sdmshop/api/ShopBase with maxs=true frames=true
[Architectury Transformer DEBUG] Writing net/sixik/sdmshop/api/ShopBase$EntryChangeListener with maxs=true frames=true
[Architectury Transformer DEBUG] Writing net/sixik/sdmshop/api/ShopBase$TabAddListener with maxs=true frames=true
[Architectury Transformer DEBUG] Writing net/sixik/sdmshop/api/ShopBase$1 with maxs=true frames=true
[Architectury Transformer DEBUG] Writing net/sixik/sdmshop/api/ShopApi with maxs=true frames=true
[Architectury Transformer DEBUG] Writing net/sixik/sdmshop/api/ShopBase$TabRemoveListener with maxs=true frames=true
[Architectury Transformer DEBUG] Writing net/sixik/sdmshop/api/ShopBase$EntryAddListener with maxs=true frames=true
[Architectury Transformer DEBUG] Writing net/sixik/sdmshop/api/ShopBase$TabChangeListener with maxs=true frames=true
[Architectury Transformer DEBUG] Writing net/sixik/sdmshop/api/ShopBase$ShopChangeListener with maxs=true frames=true
[Architectury Transformer DEBUG] Writing net/sixik/sdmshop/api/ShopBase$EntryRemoveListener with maxs=true frames=true
[Architectury Transformer DEBUG] Checking whether /sdmshop.mixins.json is a mixin config.
[Architectury Transformer DEBUG] Checking whether /SDMShop-common-common-refmap.json is a mixin config.
[Architectury Transformer DEBUG] Found mixin config(s): /sdmshop.mixins.json
[Architectury Transformer DEBUG] Injecting SDMShop-common-common-refmap.json to /sdmshop.mixins.json
[Architectury Transformer DEBUG] Checking whether /sdmshop.mixins.json is a mixin config.
[Architectury Transformer DEBUG] Checking whether /SDMShop-common-common-refmap.json is a mixin config.
[Architectury Transformer DEBUG] Found mixin config(s): sdmshop.mixins.json
[Architectury Transformer DEBUG] Injecting MixinConfigs into /META-INF/MANIFEST.MF
[Architectury Transformer DEBUG] Remapping refmap from intermediary to srg: SDMShop-common-common-refmap.json
[Architectury Transformer DEBUG] Closed File Systems for C:\Users\Sixik\Downloads\SDMShop\common\build\libs\SDMShop-common-1.20.1-7.1.10-transformProductionForge.jar
[Architectury Transformer] Transformed jar with 7 transformer(s) in 2.184 s
[Architectury Transformer DEBUG] Closed File Systems for C:\Users\Sixik\Downloads\SDMShop\common\build\libs\SDMShop-common-1.20.1-7.1.10.jar
