[20:46:12] [main/INFO] (FabricLoader/GameProvider) Loading Minecraft 1.21.1 with Fabric Loader 0.16.10
[20:46:12] [main/INFO] (FabricLoader) Loading 61 mods:
	- architectury 13.0.8
	- fabric-api 0.110.0+1.21.1
	- fabric-api-base 0.4.42+6573ed8c19
	- fabric-api-lookup-api-v1 1.6.70+b559734419
	- fabric-biome-api-v1 13.0.30+be1ed2d719
	- fabric-block-api-v1 1.0.22+0af3f5a719
	- fabric-block-view-api-v2 1.0.10+6573ed8c19
	- fabric-blockrenderlayer-v1 1.1.52+0af3f5a719
	- fabric-client-tags-api-v1 1.1.15+6573ed8c19
	- fabric-command-api-v1 1.2.49+f71b366f19
	- fabric-command-api-v2 2.2.28+6ced4dd919
	- fabric-commands-v0 0.2.66+df3654b319
	- fabric-content-registries-v0 8.0.18+b559734419
	- fabric-convention-tags-v1 2.1.2+7f945d5b19
	- fabric-convention-tags-v2 2.9.2+e60e56d419
	- fabric-crash-report-info-v1 0.2.29+0af3f5a719
	- fabric-data-attachment-api-v1 1.4.0+da19b51a19
	- fabric-data-generation-api-v1 20.2.24+16c4ae2519
	- fabric-dimensions-v1 4.0.0+6fc22b9919
	- fabric-entity-events-v1 1.7.0+2122d82819
	- fabric-events-interaction-v0 0.7.13+ba9dae0619
	- fabric-game-rule-api-v1 1.0.53+6ced4dd919
	- fabric-gametest-api-v1 2.0.5+6fc22b9919
	- fabric-item-api-v1 11.1.1+d5debaed19
	- fabric-item-group-api-v1 4.1.6+6823f7cd19
	- fabric-key-binding-api-v1 1.0.47+0af3f5a719
	- fabric-keybindings-v0 0.2.45+df3654b319
	- fabric-lifecycle-events-v1 2.5.0+01d9a51c19
	- fabric-loot-api-v2 3.0.15+3f89f5a519
	- fabric-loot-api-v3 1.0.3+3f89f5a519
	- fabric-message-api-v1 6.0.13+6573ed8c19
	- fabric-model-loading-api-v1 2.0.0+fe474d6b19
	- fabric-networking-api-v1 4.3.0+c7469b2119
	- fabric-object-builder-api-v1 15.2.1+40875a9319
	- fabric-particles-v1 4.0.2+6573ed8c19
	- fabric-recipe-api-v1 5.0.13+6508971219
	- fabric-registry-sync-v0 5.2.0+34f5d91419
	- fabric-renderer-api-v1 3.4.0+c705a49c19
	- fabric-renderer-indigo 1.7.0+c705a49c19
	- fabric-renderer-registries-v1 3.2.68+df3654b319
	- fabric-rendering-data-attachment-v1 0.3.48+73761d2e19
	- fabric-rendering-fluids-v1 3.1.6+1daea21519
	- fabric-rendering-v0 1.1.71+df3654b319
	- fabric-rendering-v1 5.0.5+df16efd019
	- fabric-resource-conditions-api-v1 4.3.0+8dc279b119
	- fabric-resource-loader-v0 1.3.1+5b5275af19
	- fabric-screen-api-v1 2.0.25+8b68f1c719
	- fabric-screen-handler-api-v1 1.3.88+b559734419
	- fabric-sound-api-v1 1.0.23+6573ed8c19
	- fabric-transfer-api-v1 5.4.2+95bead5f19
	- fabric-transitive-access-wideners-v1 6.2.0+45b9699719
	- fabricloader 0.16.10
	- ftblibrary 2101.1.14
	- generated_d1adbb1 1.0.0
	- java 21
	- minecraft 1.21.1
	- mixinextras 0.4.1
	- sdm_ui_library 1.21-1.9.2
	- sdmcore 1.21.1-2.1.2
	- sdmeconomy 1.21.1-2.1.0
	- sdmshop 1.3.1
[20:46:13] [main/INFO] (FabricLoader/Mixin) SpongePowered MIXIN Subsystem Version=0.8.7 Source=file:/C:/Users/Wobblecraft/.gradle/caches/modules-2/files-2.1/net.fabricmc/sponge-mixin/0.15.4+mixin.0.8.7/6a12aacc794f1078458433116e9ed42c1cc98096/sponge-mixin-0.15.4+mixin.0.8.7.jar Service=Knot/Fabric Env=CLIENT
[20:46:13] [main/INFO] (FabricLoader/Mixin) Loaded Fabric development mappings for mixin remapper!
[20:46:13] [main/INFO] (FabricLoader/Mixin) Compatibility level set to JAVA_17
[20:46:13] [main/INFO] (FabricLoader/Mixin) Compatibility level set to JAVA_21
[20:46:13] [main/WARN] (FabricLoader/Mixin) Reference map 'sdmeconomy-common-common-refmap.json' for sdmeconomy.mixins.json could not be read. If this is a development environment you can ignore this message
[20:46:14] [main/INFO] (FabricLoader/MixinExtras|Service) Initializing MixinExtras via com.llamalad7.mixinextras.service.MixinExtrasServiceImpl(version=0.4.1).
[20:46:16] [Datafixer Bootstrap/INFO] (Minecraft) 226 Datafixer optimizations took 613 milliseconds
[20:46:16] [main/WARN] (PerfmonDisabled) Invalid registry value type detected for PerfOS counters. Should be REG_DWORD. Ignoring: HKEY_LOCAL_MACHINE\SYSTEM\CurrentControlSet\Services\PerfOS\Performance\Disable Performance Counters.
[20:46:22] [Render thread/INFO] (Minecraft) Environment: Environment[sessionHost=https://sessionserver.mojang.com, servicesHost=https://api.minecraftservices.com, name=PROD]
[20:46:22] [Render thread/INFO] (Minecraft) Setting user: Player123
[20:46:22] [Render thread/INFO] (NetworkManagerImpl) Registering C2S receiver with id sdmshop:buy_tovar
[20:46:22] [Render thread/INFO] (NetworkManagerImpl) Registering S2C receiver with id sdmshop:send_data
[20:46:22] [Render thread/INFO] (NetworkManagerImpl) Registering C2S receiver with id sdmshop:update_tovar
[20:46:22] [Render thread/INFO] (NetworkManagerImpl) Registering C2S receiver with id sdmshop:update_tab
[20:46:22] [Render thread/INFO] (NetworkManagerImpl) Registering S2C receiver with id sdmshop:editmod
[20:46:22] [Render thread/INFO] (NetworkManagerImpl) Registering C2S receiver with id sdmshop:sell_tovar
[20:46:22] [Render thread/INFO] (NetworkManagerImpl) Registering S2C receiver with id ftblibrary:edit_config
[20:46:22] [Render thread/INFO] (NetworkManagerImpl) Registering S2C receiver with id ftblibrary:edit_config_choice_packet
[20:46:22] [Render thread/INFO] (NetworkManagerImpl) Registering S2C receiver with id ftblibrary:edit_nbt
[20:46:22] [Render thread/INFO] (NetworkManagerImpl) Registering S2C receiver with id ftblibrary:sync_known_server_registries
[20:46:22] [Render thread/INFO] (NetworkManagerImpl) Registering S2C receiver with id ftblibrary:sync_config_from_server_packet
[20:46:22] [Render thread/INFO] (NetworkManagerImpl) Registering C2S receiver with id ftblibrary:edit_nbt_response
[20:46:22] [Render thread/INFO] (NetworkManagerImpl) Registering C2S receiver with id ftblibrary:sync_config_to_server_packet
[20:46:22] [Render thread/INFO] (NetworkManagerImpl) Registering C2S receiver with id sdmeconomy_f:send_create_currency
[20:46:22] [Render thread/INFO] (NetworkManagerImpl) Registering C2S receiver with id sdmeconomy_f:send_delete_currency
[20:46:22] [Render thread/INFO] (NetworkManagerImpl) Registering C2S receiver with id sdmeconomy_f:send_request_input
[20:46:22] [Render thread/INFO] (NetworkManagerImpl) Registering S2C receiver with id sdmeconomy_f:send_request_output
[20:46:22] [Render thread/INFO] (NetworkManagerImpl) Registering S2C receiver with id sdmeconomy:send_currencies
[20:46:22] [Render thread/INFO] (NetworkManagerImpl) Registering S2C receiver with id sdmeconomy:send_currencies_player
[20:46:22] [Render thread/INFO] (NetworkManagerImpl) Registering S2C receiver with id sdmeconomy:send_update_currency_player
[20:46:22] [Render thread/INFO] (NetworkManagerImpl) Registering S2C receiver with id sdmeconomy:send_update_custom_data
[20:46:22] [Render thread/INFO] (NetworkManagerImpl) Registering S2C receiver with id architectury:spawn_entity_packet
[20:46:22] [Render thread/INFO] (Indigo) [Indigo] Registering Indigo renderer!
[20:46:23] [Render thread/INFO] (Minecraft) Backend library: LWJGL version 3.3.4-snapshot
[20:46:24] [Render thread/INFO] (Minecraft) Reloading ResourceManager: vanilla, fabric, fabric-api, fabric-api-base, fabric-api-lookup-api-v1, fabric-biome-api-v1, fabric-block-api-v1, fabric-block-view-api-v2, fabric-blockrenderlayer-v1, fabric-client-tags-api-v1, fabric-command-api-v1, fabric-command-api-v2, fabric-commands-v0, fabric-content-registries-v0, fabric-convention-tags-v1, fabric-convention-tags-v2, fabric-crash-report-info-v1, fabric-data-attachment-api-v1, fabric-data-generation-api-v1, fabric-dimensions-v1, fabric-entity-events-v1, fabric-events-interaction-v0, fabric-game-rule-api-v1, fabric-gametest-api-v1, fabric-item-api-v1, fabric-item-group-api-v1, fabric-key-binding-api-v1, fabric-keybindings-v0, fabric-lifecycle-events-v1, fabric-loot-api-v2, fabric-loot-api-v3, fabric-message-api-v1, fabric-model-loading-api-v1, fabric-networking-api-v1, fabric-object-builder-api-v1, fabric-particles-v1, fabric-recipe-api-v1, fabric-registry-sync-v0, fabric-renderer-api-v1, fabric-renderer-indigo, fabric-renderer-registries-v1, fabric-rendering-data-attachment-v1, fabric-rendering-fluids-v1, fabric-rendering-v0, fabric-rendering-v1, fabric-resource-conditions-api-v1, fabric-resource-loader-v0, fabric-screen-api-v1, fabric-screen-handler-api-v1, fabric-sound-api-v1, fabric-transfer-api-v1, fabric-transitive-access-wideners-v1, fabricloader, ftblibrary, generated_d1adbb1, sdm_ui_library
[20:46:24] [Render thread/INFO] (SDMUILibrary) Start Initialization ImGuiHandler...
[20:46:24] [Worker-Main-7/INFO] (Minecraft) Found unifont_all_no_pua-15.1.05.hex, loading
[20:46:24] [Worker-Main-1/INFO] (Minecraft) Found unifont_jp_patch-15.1.05.hex, loading
[20:46:24] [Render thread/INFO] (SDMUILibrary) ImGui context created!
[20:46:24] [Render thread/INFO] (SDMUILibrary) ImGui Fonts initialized!
[20:46:24] [Render thread/INFO] (SDMUILibrary) Main initialization complete!
[20:46:24] [Render thread/INFO] (SDMUILibrary) Initialization ImGui Glfw!
[20:46:24] [Render thread/INFO] (SDMUILibrary) Create ImNodes Context!
[20:46:24] [Render thread/INFO] (SDMUILibrary) Initializing ImGui Complete! WindowHandler: 2924036371040
[20:46:24] [Render thread/INFO] (SDMUILibrary) ImGui successfully loaded!
[20:46:26] [Render thread/WARN] (Minecraft) Missing sound for event: minecraft:item.goat_horn.play
[20:46:26] [Render thread/WARN] (Minecraft) Missing sound for event: minecraft:entity.goat.screaming.horn_break
[20:46:26] [Render thread/INFO] (Minecraft) OpenAL initialized on device OpenAL Soft on Динамики (2- fifine Headset)
[20:46:26] [Render thread/INFO] (Minecraft) Sound engine started
[20:46:26] [Render thread/INFO] (Minecraft) Created: 1024x512x4 minecraft:textures/atlas/blocks.png-atlas
[20:46:26] [Render thread/INFO] (Minecraft) Created: 256x256x4 minecraft:textures/atlas/signs.png-atlas
[20:46:26] [Render thread/INFO] (Minecraft) Created: 512x512x4 minecraft:textures/atlas/banner_patterns.png-atlas
[20:46:26] [Render thread/INFO] (Minecraft) Created: 512x512x4 minecraft:textures/atlas/shield_patterns.png-atlas
[20:46:26] [Render thread/INFO] (Minecraft) Created: 1024x1024x4 minecraft:textures/atlas/armor_trims.png-atlas
[20:46:26] [Render thread/INFO] (Minecraft) Created: 256x256x4 minecraft:textures/atlas/chest.png-atlas
[20:46:26] [Render thread/INFO] (Minecraft) Created: 128x64x4 minecraft:textures/atlas/decorated_pot.png-atlas
[20:46:26] [Render thread/INFO] (Minecraft) Created: 512x256x4 minecraft:textures/atlas/beds.png-atlas
[20:46:26] [Render thread/INFO] (Minecraft) Created: 512x256x4 minecraft:textures/atlas/shulker_boxes.png-atlas
[20:46:26] [Render thread/INFO] (Minecraft) Created: 512x256x0 minecraft:textures/atlas/particles.png-atlas
[20:46:26] [Render thread/INFO] (Minecraft) Created: 512x256x0 minecraft:textures/atlas/paintings.png-atlas
[20:46:26] [Render thread/INFO] (Minecraft) Created: 256x128x0 minecraft:textures/atlas/mob_effects.png-atlas
[20:46:26] [Render thread/INFO] (Minecraft) Created: 64x64x0 minecraft:textures/atlas/map_decorations.png-atlas
[20:46:26] [Render thread/INFO] (Minecraft) Created: 1024x512x0 minecraft:textures/atlas/gui.png-atlas
[20:46:26] [Render thread/WARN] (Minecraft) Shader rendertype_entity_translucent_emissive could not find sampler named Sampler2 in the specified shader program.
[20:46:40] [Render thread/INFO] (Minecraft) Loaded 1290 recipes
[20:46:40] [Render thread/INFO] (Minecraft) Loaded 1399 advancements
[20:46:42] [Render thread/INFO] (BiomeModificationImpl) Applied 0 biome modifications to 0 of 64 new biomes in 987.5 ?s
[20:46:42] [Server thread/INFO] (Minecraft) Starting integrated minecraft server version 1.21.1
[20:46:42] [Server thread/INFO] (Minecraft) Generating keypair
[20:46:43] [Server thread/INFO] (Minecraft) Preparing start region for dimension minecraft:overworld
[20:46:43] [Render thread/INFO] (Minecraft) Preparing spawn area: 2%
[20:46:43] [Render thread/INFO] (Minecraft) Time elapsed: 162 ms
[20:46:43] [Server thread/INFO] (Minecraft) [STDOUT]: D:\SDMShopA\fabric\run\saves\New World (1)\.\SDMShopData\SDMTovarTab.sdm
[20:46:43] [Server thread/INFO] (Minecraft) [STDOUT]: D:\SDMShopA\fabric\run\saves\New World (1)\.\SDMShopData\SDMTovarList.sdm
[20:46:43] [Server thread/INFO] (Minecraft) Changing view distance to 12, from 10
[20:46:43] [Server thread/INFO] (Minecraft) Changing simulation distance to 12, from 0
[20:46:44] [Server thread/INFO] (Minecraft) Player123[local:E:cf69514f] logged in with entity id 1 at (8.5, -60.0, 9.5)
[20:46:44] [Server thread/INFO] (Minecraft) Player123 joined the game
[20:46:44] [Render thread/INFO] (Minecraft) Loaded 2 advancements
[20:46:44] [Render thread/INFO] (FTB Library) config has been updated! server = false - clear any cached data etc. here
[20:46:44] [Render thread/INFO] (FTB Library) received server config settings for config: ftblibrary-server
[20:46:48] [Render thread/INFO] (Minecraft) [System] [CHAT] Edit mode is true
[20:46:52] [FTBLibrary-ItemSearch/INFO] (FTB Library) Done updating item list in 83560?s!
[20:46:56] [Server thread/INFO] (Minecraft) [STDOUT]: D:\SDMShopA\fabric\run\saves\New World (1)\.\SDMShopData\SDMTovarTab.sdm
[20:46:56] [Server thread/INFO] (Minecraft) [STDOUT]: D:\SDMShopA\fabric\run\saves\New World (1)\.\SDMShopData\SDMTovarList.sdm
[20:46:58] [FTBLibrary-ItemSearch/INFO] (FTB Library) Done updating item list in 3844?s!
[20:47:03] [Server thread/ERROR] (Minecraft) Error executing task on Server
java.lang.NullPointerException: Cannot invoke "net.sixik.sdmcore.impl.utils.serializer.data.IData.asKeyMap()" because the return value of "net.sixik.sdmcore.impl.utils.serializer.data.KeyData.getData(String)" is null
	at knot/net.sixk.sdmshop.shop.Tovar.AbstractTovar.deserialize(AbstractTovar.java:64) ~[11920462646826324682.jar:?]
	at knot/net.sixk.sdmshop.shop.Tovar.TovarList.deserialize(TovarList.java:96) ~[11920462646826324682.jar:?]
	at knot/net.sixk.sdmshop.shop.network.client.UpdateTovarDataC2S.lambda$handle$0(UpdateTovarDataC2S.java:31) ~[11920462646826324682.jar:?]
	at knot/net.minecraft.server.TickTask.run(TickTask.java:18) ~[minecraft-merged-0ea116fd0e-1.21.1-loom.mappings.1_21_1.layered+hash.40545-v2.jar:?]
	at knot/net.minecraft.util.thread.BlockableEventLoop.doRunTask(BlockableEventLoop.java:162) ~[minecraft-merged-0ea116fd0e-1.21.1-loom.mappings.1_21_1.layered+hash.40545-v2.jar:?]
	at knot/net.minecraft.util.thread.ReentrantBlockableEventLoop.doRunTask(ReentrantBlockableEventLoop.java:23) ~[minecraft-merged-0ea116fd0e-1.21.1-loom.mappings.1_21_1.layered+hash.40545-v2.jar:?]
	at knot/net.minecraft.server.MinecraftServer.doRunTask(MinecraftServer.java:864) ~[minecraft-merged-0ea116fd0e-1.21.1-loom.mappings.1_21_1.layered+hash.40545-v2.jar:?]
	at knot/net.minecraft.server.MinecraftServer.doRunTask(MinecraftServer.java:173) ~[minecraft-merged-0ea116fd0e-1.21.1-loom.mappings.1_21_1.layered+hash.40545-v2.jar:?]
	at knot/net.minecraft.util.thread.BlockableEventLoop.pollTask(BlockableEventLoop.java:136) ~[minecraft-merged-0ea116fd0e-1.21.1-loom.mappings.1_21_1.layered+hash.40545-v2.jar:?]
	at knot/net.minecraft.server.MinecraftServer.pollTaskInternal(MinecraftServer.java:846) ~[minecraft-merged-0ea116fd0e-1.21.1-loom.mappings.1_21_1.layered+hash.40545-v2.jar:?]
	at knot/net.minecraft.server.MinecraftServer.pollTask(MinecraftServer.java:840) ~[minecraft-merged-0ea116fd0e-1.21.1-loom.mappings.1_21_1.layered+hash.40545-v2.jar:?]
	at knot/net.minecraft.util.thread.BlockableEventLoop.runAllTasks(BlockableEventLoop.java:121) ~[minecraft-merged-0ea116fd0e-1.21.1-loom.mappings.1_21_1.layered+hash.40545-v2.jar:?]
	at knot/net.minecraft.server.MinecraftServer.waitUntilNextTick(MinecraftServer.java:814) ~[minecraft-merged-0ea116fd0e-1.21.1-loom.mappings.1_21_1.layered+hash.40545-v2.jar:?]
	at knot/net.minecraft.server.MinecraftServer.runServer(MinecraftServer.java:702) ~[minecraft-merged-0ea116fd0e-1.21.1-loom.mappings.1_21_1.layered+hash.40545-v2.jar:?]
	at knot/net.minecraft.server.MinecraftServer.method_29739(MinecraftServer.java:281) ~[minecraft-merged-0ea116fd0e-1.21.1-loom.mappings.1_21_1.layered+hash.40545-v2.jar:?]
	at java.base/java.lang.Thread.run(Thread.java:1583) [?:?]
[20:47:03] [Render thread/INFO] (Minecraft) [STDERR]: java.lang.NullPointerException: Cannot invoke "net.sixk.sdmshop.shop.Tovar.AbstractTovar.getTitel()" because "java.util.List.get(int).abstractTovar" is null
[20:47:03] [Render thread/INFO] (Minecraft) [STDERR]: 	at knot//net.sixk.sdmshop.shop.widgets.EntryPanel.addWidgets(EntryPanel.java:51)
[20:47:03] [Render thread/INFO] (Minecraft) [STDERR]: 	at knot//dev.ftb.mods.ftblibrary.ui.Panel.refreshWidgets(Panel.java:68)
[20:47:03] [Render thread/INFO] (Minecraft) [STDERR]: 	at knot//dev.ftb.mods.ftblibrary.ui.Panel.refreshWidgets(Panel.java:77)
[20:47:03] [Render thread/INFO] (Minecraft) [STDERR]: 	at knot//dev.ftb.mods.ftblibrary.ui.Panel.refreshWidgets(Panel.java:77)
[20:47:03] [Render thread/INFO] (Minecraft) [STDERR]: 	at knot//dev.ftb.mods.ftblibrary.ui.BaseScreen.initGui(BaseScreen.java:66)
[20:47:03] [Render thread/INFO] (Minecraft) [STDERR]: 	at knot//dev.ftb.mods.ftblibrary.ui.ScreenWrapper.init(ScreenWrapper.java:27)
[20:47:03] [Render thread/INFO] (Minecraft) [STDERR]: 	at knot//net.minecraft.client.gui.screens.Screen.rebuildWidgets(Screen.java:323)
[20:47:03] [Render thread/INFO] (Minecraft) [STDERR]: 	at knot//net.minecraft.client.gui.screens.Screen.repositionElements(Screen.java:419)
[20:47:03] [Render thread/INFO] (Minecraft) [STDERR]: 	at knot//net.minecraft.client.gui.screens.Screen.init(Screen.java:312)
[20:47:03] [Render thread/INFO] (Minecraft) [STDERR]: 	at knot//net.minecraft.client.Minecraft.setScreen(Minecraft.java:1143)
[20:47:03] [Render thread/INFO] (Minecraft) [STDERR]: 	at knot//dev.ftb.mods.ftblibrary.ui.BaseScreen.closeGui(BaseScreen.java:226)
[20:47:03] [Render thread/INFO] (Minecraft) [STDERR]: 	at knot//dev.ftb.mods.ftblibrary.ui.IScreenWrapper.closeGui(IScreenWrapper.java:13)
[20:47:03] [Render thread/INFO] (Minecraft) [STDERR]: 	at knot//dev.ftb.mods.ftblibrary.ui.IOpenableScreen.closeGui(IOpenableScreen.java:14)
[20:47:03] [Render thread/INFO] (Minecraft) [STDERR]: 	at knot//net.sixk.sdmshop.shop.Tovar.AddTovar.AddProperties$2.onClicked(AddProperties.java:357)
[20:47:03] [Render thread/INFO] (Minecraft) [STDERR]: 	at knot//dev.ftb.mods.ftblibrary.ui.Button.mousePressed(Button.java:71)
[20:47:03] [Render thread/INFO] (Minecraft) [STDERR]: 	at knot//dev.ftb.mods.ftblibrary.ui.Panel.mousePressed(Panel.java:287)
[20:47:03] [Render thread/INFO] (Minecraft) [STDERR]: 	at knot//dev.ftb.mods.ftblibrary.ui.Panel.mousePressed(Panel.java:287)
[20:47:03] [Render thread/INFO] (Minecraft) [STDERR]: 	at knot//dev.ftb.mods.ftblibrary.ui.BaseScreen.mousePressed(BaseScreen.java:401)
[20:47:03] [Render thread/INFO] (Minecraft) [STDERR]: 	at knot//dev.ftb.mods.ftblibrary.ui.ScreenWrapper.mouseClicked(ScreenWrapper.java:43)
[20:47:03] [Render thread/INFO] (Minecraft) [STDERR]: 	at knot//net.minecraft.client.MouseHandler.method_1611(MouseHandler.java:107)
[20:47:03] [Render thread/INFO] (Minecraft) [STDERR]: 	at knot//net.minecraft.client.gui.screens.Screen.wrapScreenError(Screen.java:431)
[20:47:03] [Render thread/INFO] (Minecraft) [STDERR]: 	at knot//net.minecraft.client.MouseHandler.onPress(MouseHandler.java:107)
[20:47:03] [Render thread/INFO] (Minecraft) [STDERR]: 	at knot//net.minecraft.client.MouseHandler.method_22686(MouseHandler.java:196)
[20:47:03] [Render thread/INFO] (Minecraft) [STDERR]: 	at knot//net.minecraft.util.thread.BlockableEventLoop.execute(BlockableEventLoop.java:108)
[20:47:03] [Render thread/INFO] (Minecraft) [STDERR]: 	at knot//net.minecraft.client.MouseHandler.method_22684(MouseHandler.java:196)
[20:47:03] [Render thread/INFO] (Minecraft) [STDERR]: 	at knot//org.lwjgl.glfw.GLFWMouseButtonCallback$Container.invoke(GLFWMouseButtonCallback.java:81)
[20:47:03] [Render thread/INFO] (Minecraft) [STDERR]: 	at knot//imgui.glfw.ImGuiImplGlfw.mouseButtonCallback(ImGuiImplGlfw.java:603)
[20:47:03] [Render thread/INFO] (Minecraft) [STDERR]: 	at knot//org.lwjgl.glfw.GLFWMouseButtonCallbackI.callback(GLFWMouseButtonCallbackI.java:43)
[20:47:03] [Render thread/INFO] (Minecraft) [STDERR]: 	at knot//org.lwjgl.system.JNI.invokeV(Native Method)
[20:47:03] [Render thread/INFO] (Minecraft) [STDERR]: 	at knot//org.lwjgl.glfw.GLFW.glfwWaitEventsTimeout(GLFW.java:3572)
[20:47:03] [Render thread/INFO] (Minecraft) [STDERR]: 	at knot//com.mojang.blaze3d.systems.RenderSystem.limitDisplayFPS(RenderSystem.java:184)
[20:47:03] [Render thread/INFO] (Minecraft) [STDERR]: 	at knot//net.minecraft.client.Minecraft.runTick(Minecraft.java:1310)
[20:47:03] [Render thread/INFO] (Minecraft) [STDERR]: 	at knot//net.minecraft.client.Minecraft.run(Minecraft.java:882)
[20:47:03] [Render thread/INFO] (Minecraft) [STDERR]: 	at knot//net.minecraft.client.main.Main.main(Main.java:256)
[20:47:03] [Render thread/INFO] (Minecraft) [STDERR]: 	at net.fabricmc.loader.impl.game.minecraft.MinecraftGameProvider.launch(MinecraftGameProvider.java:480)
[20:47:03] [Render thread/INFO] (Minecraft) [STDERR]: 	at net.fabricmc.loader.impl.launch.knot.Knot.launch(Knot.java:74)
[20:47:03] [Render thread/INFO] (Minecraft) [STDERR]: 	at net.fabricmc.loader.impl.launch.knot.KnotClient.main(KnotClient.java:23)
[20:47:03] [Render thread/INFO] (Minecraft) [STDERR]: 	at net.fabricmc.devlaunchinjector.Main.main(Main.java:86)
[20:47:03] [Render thread/INFO] (Minecraft) [STDERR]: 	at dev.architectury.transformer.TransformerRuntime.main(TransformerRuntime.java:220)
[20:47:03] [Render thread/INFO] (Minecraft) [STDERR]: java.lang.NullPointerException: Cannot invoke "net.sixk.sdmshop.shop.Tovar.AbstractTovar.getTitel()" because "java.util.List.get(int).abstractTovar" is null
[20:47:03] [Render thread/INFO] (Minecraft) [STDERR]: 	at knot//net.sixk.sdmshop.shop.widgets.EntryPanel.addWidgets(EntryPanel.java:51)
[20:47:03] [Render thread/INFO] (Minecraft) [STDERR]: 	at knot//dev.ftb.mods.ftblibrary.ui.Panel.refreshWidgets(Panel.java:68)
[20:47:03] [Render thread/INFO] (Minecraft) [STDERR]: 	at knot//dev.ftb.mods.ftblibrary.ui.Panel.refreshWidgets(Panel.java:77)
[20:47:03] [Render thread/INFO] (Minecraft) [STDERR]: 	at knot//dev.ftb.mods.ftblibrary.ui.Panel.refreshWidgets(Panel.java:77)
[20:47:03] [Render thread/INFO] (Minecraft) [STDERR]: 	at knot//dev.ftb.mods.ftblibrary.ui.BaseScreen.updateGui(BaseScreen.java:258)
[20:47:03] [Render thread/INFO] (Minecraft) [STDERR]: 	at knot//dev.ftb.mods.ftblibrary.ui.ScreenWrapper.render(ScreenWrapper.java:109)
[20:47:03] [Render thread/INFO] (Minecraft) [STDERR]: 	at knot//net.minecraft.client.gui.screens.Screen.renderWithTooltip(Screen.java:117)
[20:47:03] [Render thread/INFO] (Minecraft) [STDERR]: 	at knot//net.minecraft.client.renderer.GameRenderer.mixinextras$bridge$renderWithTooltip$181(GameRenderer.java)
[20:47:03] [Render thread/INFO] (Minecraft) [STDERR]: 	at knot//net.minecraft.client.renderer.GameRenderer.wrapOperation$zkh000$fabric-screen-api-v1$onRenderScreen(GameRenderer.java:1586)
[20:47:03] [Render thread/INFO] (Minecraft) [STDERR]: 	at knot//net.minecraft.client.renderer.GameRenderer.render(GameRenderer.java:913)
[20:47:03] [Render thread/INFO] (Minecraft) [STDERR]: 	at knot//net.minecraft.client.Minecraft.runTick(Minecraft.java:1285)
[20:47:03] [Render thread/INFO] (Minecraft) [STDERR]: 	at knot//net.minecraft.client.Minecraft.run(Minecraft.java:882)
[20:47:03] [Render thread/INFO] (Minecraft) [STDERR]: 	at knot//net.minecraft.client.main.Main.main(Main.java:256)
[20:47:03] [Render thread/INFO] (Minecraft) [STDERR]: 	at net.fabricmc.loader.impl.game.minecraft.MinecraftGameProvider.launch(MinecraftGameProvider.java:480)
[20:47:03] [Render thread/INFO] (Minecraft) [STDERR]: 	at net.fabricmc.loader.impl.launch.knot.Knot.launch(Knot.java:74)
[20:47:03] [Render thread/INFO] (Minecraft) [STDERR]: 	at net.fabricmc.loader.impl.launch.knot.KnotClient.main(KnotClient.java:23)
[20:47:03] [Render thread/INFO] (Minecraft) [STDERR]: 	at net.fabricmc.devlaunchinjector.Main.main(Main.java:86)
[20:47:03] [Render thread/INFO] (Minecraft) [STDERR]: 	at dev.architectury.transformer.TransformerRuntime.main(TransformerRuntime.java:220)
[22:02:31] [Server thread/INFO] (Minecraft) Saving and pausing game...
[22:02:31] [Server thread/INFO] (Minecraft) Saving chunks for level 'ServerLevel[New World]'/minecraft:overworld
[22:02:31] [Server thread/INFO] (Minecraft) Saving chunks for level 'ServerLevel[New World]'/minecraft:the_end
[22:02:31] [Server thread/INFO] (Minecraft) Saving chunks for level 'ServerLevel[New World]'/minecraft:the_nether
[22:02:32] [Server thread/INFO] (Minecraft) Player123 lost connection: Disconnected
[22:02:32] [Server thread/INFO] (Minecraft) Player123 left the game
[22:02:32] [Server thread/INFO] (Minecraft) Stopping singleplayer server as player logged out
[22:02:32] [Server thread/INFO] (Minecraft) Stopping server
[22:02:32] [Server thread/INFO] (Minecraft) Saving players
[22:02:32] [Server thread/INFO] (Minecraft) Saving worlds
[22:02:33] [Server thread/INFO] (Minecraft) Saving chunks for level 'ServerLevel[New World]'/minecraft:overworld
[22:02:35] [Server thread/INFO] (Minecraft) Saving chunks for level 'ServerLevel[New World]'/minecraft:the_end
[22:02:35] [Server thread/INFO] (Minecraft) Saving chunks for level 'ServerLevel[New World]'/minecraft:the_nether
[22:02:35] [Server thread/INFO] (Minecraft) ThreadedAnvilChunkStorage (New World (1)): All chunks are saved
[22:02:35] [Server thread/INFO] (Minecraft) ThreadedAnvilChunkStorage (DIM1): All chunks are saved
[22:02:35] [Server thread/INFO] (Minecraft) ThreadedAnvilChunkStorage (DIM-1): All chunks are saved
[22:02:35] [Server thread/INFO] (Minecraft) ThreadedAnvilChunkStorage: All dimensions are saved
[22:02:35] [Server thread/INFO] (Minecraft) [STDOUT]: D:\SDMShopA\fabric\run\saves\New World (1)\.\SDMShopData\SDMTovarTab.sdm
[22:02:35] [Server thread/INFO] (Minecraft) [STDOUT]: D:\SDMShopA\fabric\run\saves\New World (1)\.\SDMShopData\SDMTovarList.sdm
[22:02:37] [Render thread/INFO] (Minecraft) Loaded 1290 recipes
[22:02:37] [Render thread/INFO] (Minecraft) Loaded 1399 advancements
[22:02:38] [Render thread/INFO] (BiomeModificationImpl) Applied 0 biome modifications to 0 of 64 new biomes in 289.4 ?s
[22:02:38] [Server thread/INFO] (Minecraft) Starting integrated minecraft server version 1.21.1
[22:02:38] [Server thread/INFO] (Minecraft) Generating keypair
[22:02:38] [Server thread/INFO] (Minecraft) Preparing start region for dimension minecraft:overworld
[22:02:38] [Render thread/INFO] (Minecraft) Preparing spawn area: 0%
[22:02:38] [Render thread/INFO] (Minecraft) Time elapsed: 144 ms
[22:02:38] [Server thread/INFO] (Minecraft) Changing view distance to 12, from 10
[22:02:38] [Server thread/INFO] (Minecraft) Changing simulation distance to 12, from 0
[22:02:38] [Server thread/INFO] (Minecraft) Player123[local:E:a8abf8f7] logged in with entity id 27 at (8.5, -60.0, 9.5)
[22:02:38] [Server thread/INFO] (Minecraft) Player123 joined the game
[22:02:38] [Render thread/INFO] (Minecraft) Loaded 2 advancements
[22:02:38] [Render thread/INFO] (FTB Library) config has been updated! server = false - clear any cached data etc. here
[22:02:38] [Render thread/INFO] (FTB Library) received server config settings for config: ftblibrary-server
[22:21:01] [Render thread/INFO] (Minecraft) Stopping!
[22:21:01] [Server thread/INFO] (Minecraft) Player123 lost connection: Disconnected
[22:21:01] [Server thread/INFO] (Minecraft) Player123 left the game
[22:21:01] [Server thread/INFO] (Minecraft) Stopping singleplayer server as player logged out
[22:21:01] [Server thread/INFO] (Minecraft) Stopping server
[22:21:01] [Server thread/INFO] (Minecraft) Saving players
[22:21:01] [Server thread/INFO] (Minecraft) Saving worlds
[22:21:01] [Server thread/INFO] (Minecraft) Saving chunks for level 'ServerLevel[New World]'/minecraft:overworld
[22:21:02] [Server thread/INFO] (Minecraft) Saving chunks for level 'ServerLevel[New World]'/minecraft:the_end
[22:21:02] [Server thread/INFO] (Minecraft) Saving chunks for level 'ServerLevel[New World]'/minecraft:the_nether
[22:21:02] [Server thread/INFO] (Minecraft) ThreadedAnvilChunkStorage (New World (1)): All chunks are saved
[22:21:02] [Server thread/INFO] (Minecraft) ThreadedAnvilChunkStorage (DIM1): All chunks are saved
[22:21:02] [Server thread/INFO] (Minecraft) ThreadedAnvilChunkStorage (DIM-1): All chunks are saved
[22:21:02] [Server thread/INFO] (Minecraft) ThreadedAnvilChunkStorage: All dimensions are saved
[22:21:02] [Server thread/INFO] (Minecraft) [STDOUT]: D:\SDMShopA\fabric\run\saves\New World (1)\.\SDMShopData\SDMTovarTab.sdm
[22:21:02] [Server thread/INFO] (Minecraft) [STDOUT]: D:\SDMShopA\fabric\run\saves\New World (1)\.\SDMShopData\SDMTovarList.sdm
