[Architectury Transformer] Architectury Runtime 5.2.87
[Architectury Transformer DEBUG] Closed File Systems for D:\SDMShopA\common\build\devlibs\sdmshopa-common-3.1.0-dev.jar
[Architectury Transformer DEBUG] Preparing tiny remapper prepared transformer: dev.architectury.transformer.handler.TinyRemapperPreparedTransformerHandler
[Architectury Transformer DEBUG] Provided 119 classpath jar(s):
[Architectury Transformer DEBUG]  - C:\Users\Wobblecraft\.gradle\caches\modules-2\files-2.1\dev.architectury\architectury-injectables\1.0.10\62db2a366d662606d1b23ad02ccc3212ed37ec3\architectury-injectables-1.0.10.jar
[Architectury Transformer DEBUG]  - C:\Users\Wobblecraft\.gradle\caches\modules-2\files-2.1\net.fabricmc\fabric-loader\0.16.14\5778d47f536bf2c63ed2abc1a56f5a1c129e34a\fabric-loader-0.16.14.jar
[Architectury Transformer DEBUG]  - C:\Users\Wobblecraft\.gradle\caches\modules-2\files-2.1\org.jetbrains\annotations\24.1.0\7af6a669488450c4a07c2c3254e2151df42d7d04\annotations-24.1.0.jar
[Architectury Transformer DEBUG]  - C:\Users\Wobblecraft\.gradle\caches\modules-2\files-2.1\org.ow2.asm\asm\9.7.1\f0ed132a49244b042cd0e15702ab9f2ce3cc8436\asm-9.7.1.jar
[Architectury Transformer DEBUG]  - C:\Users\Wobblecraft\.gradle\caches\modules-2\files-2.1\org.ow2.asm\asm-analysis\9.7.1\f97a3b319f0ed6a8cd944dc79060d3912a28985f\asm-analysis-9.7.1.jar
[Architectury Transformer DEBUG]  - C:\Users\Wobblecraft\.gradle\caches\modules-2\files-2.1\org.ow2.asm\asm-commons\9.7.1\406c6a2225cfe1819f102a161e54cc16a5c24f75\asm-commons-9.7.1.jar
[Architectury Transformer DEBUG]  - C:\Users\Wobblecraft\.gradle\caches\modules-2\files-2.1\org.ow2.asm\asm-tree\9.7.1\3a53139787663b139de76b627fca0084ab60d32c\asm-tree-9.7.1.jar
[Architectury Transformer DEBUG]  - C:\Users\Wobblecraft\.gradle\caches\modules-2\files-2.1\org.ow2.asm\asm-util\9.7.1\9e23359b598ec6b74b23e53110dd5c577adf2243\asm-util-9.7.1.jar
[Architectury Transformer DEBUG]  - C:\Users\Wobblecraft\.gradle\caches\modules-2\files-2.1\net.fabricmc\sponge-mixin\0.15.4+mixin.0.8.7\6a12aacc794f1078458433116e9ed42c1cc98096\sponge-mixin-0.15.4+mixin.0.8.7.jar
[Architectury Transformer DEBUG]  - C:\Users\Wobblecraft\.gradle\caches\modules-2\files-2.1\io.github.llamalad7\mixinextras-fabric\0.4.1\8d1a9e96afb990367fa1f904d17580d164da72e3\mixinextras-fabric-0.4.1.jar
[Architectury Transformer DEBUG]  - C:\Users\Wobblecraft\.gradle\caches\modules-2\files-2.1\com.github.oshi\oshi-core\6.4.10\b1d8ab82d11d92fd639b56d639f8f46f739dd5fa\oshi-core-6.4.10.jar
[Architectury Transformer DEBUG]  - C:\Users\Wobblecraft\.gradle\caches\modules-2\files-2.1\com.google.code.gson\gson\2.10.1\b3add478d4382b78ea20b1671390a858002feb6c\gson-2.10.1.jar
[Architectury Transformer DEBUG]  - C:\Users\Wobblecraft\.gradle\caches\modules-2\files-2.1\com.google.guava\failureaccess\1.0.1\1dcf1de382a0bf95a3d8b0849546c88bac1292c9\failureaccess-1.0.1.jar
[Architectury Transformer DEBUG]  - C:\Users\Wobblecraft\.gradle\caches\modules-2\files-2.1\com.google.guava\guava\32.1.2-jre\5e64ec7e056456bef3a4bc4c6fdaef71e8ab6318\guava-32.1.2-jre.jar
[Architectury Transformer DEBUG]  - C:\Users\Wobblecraft\.gradle\caches\modules-2\files-2.1\com.ibm.icu\icu4j\73.2\61ad4ef7f9131fcf6d25c34b817f90d6da06c9e9\icu4j-73.2.jar
[Architectury Transformer DEBUG]  - C:\Users\Wobblecraft\.gradle\caches\modules-2\files-2.1\com.mojang\authlib\6.0.54\de8bc95660e1b2fe8793fd427a7a10dcec5b3ea7\authlib-6.0.54.jar
[Architectury Transformer DEBUG]  - C:\Users\Wobblecraft\.gradle\caches\modules-2\files-2.1\com.mojang\blocklist\1.0.10\5c685c5ffa94c4cd39496c7184c1d122e515ecef\blocklist-1.0.10.jar
[Architectury Transformer DEBUG]  - C:\Users\Wobblecraft\.gradle\caches\modules-2\files-2.1\com.mojang\brigadier\1.3.10\d15b53a14cf20fdcaa98f731af5dda654452c010\brigadier-1.3.10.jar
[Architectury Transformer DEBUG]  - C:\Users\Wobblecraft\.gradle\caches\modules-2\files-2.1\com.mojang\datafixerupper\8.0.16\67d4de6d7f95d89bcf5862995fb854ebaec02a34\datafixerupper-8.0.16.jar
[Architectury Transformer DEBUG]  - C:\Users\Wobblecraft\.gradle\caches\modules-2\files-2.1\com.mojang\logging\1.2.7\24cb95ffb0e3433fd6e844c04e68009e504ca1c0\logging-1.2.7.jar
[Architectury Transformer DEBUG]  - C:\Users\Wobblecraft\.gradle\caches\modules-2\files-2.1\com.mojang\patchy\2.2.10\da05971b07cbb379d002cf7eaec6a2048211fefc\patchy-2.2.10.jar
[Architectury Transformer DEBUG]  - C:\Users\Wobblecraft\.gradle\caches\modules-2\files-2.1\com.mojang\text2speech\1.17.9\3cad216e3a7f0c19b4b394388bc9ffc446f13b14\text2speech-1.17.9.jar
[Architectury Transformer DEBUG]  - C:\Users\Wobblecraft\.gradle\caches\modules-2\files-2.1\commons-codec\commons-codec\1.16.0\4e3eb3d79888d76b54e28b350915b5dc3919c9de\commons-codec-1.16.0.jar
[Architectury Transformer DEBUG]  - C:\Users\Wobblecraft\.gradle\caches\modules-2\files-2.1\commons-io\commons-io\2.15.1\f11560da189ab563a5c8e351941415430e9304ea\commons-io-2.15.1.jar
[Architectury Transformer DEBUG]  - C:\Users\Wobblecraft\.gradle\caches\modules-2\files-2.1\commons-logging\commons-logging\1.2\4bfc12adfe4842bf07b657f0369c4cb522955686\commons-logging-1.2.jar
[Architectury Transformer DEBUG]  - C:\Users\Wobblecraft\.gradle\caches\modules-2\files-2.1\io.netty\netty-buffer\4.1.97.Final\f8f3d8644afa5e6e1a40a3a6aeb9d9aa970ecb4f\netty-buffer-4.1.97.Final.jar
[Architectury Transformer DEBUG]  - C:\Users\Wobblecraft\.gradle\caches\modules-2\files-2.1\io.netty\netty-codec\4.1.97.Final\384ba4d75670befbedb45c4d3b497a93639c206d\netty-codec-4.1.97.Final.jar
[Architectury Transformer DEBUG]  - C:\Users\Wobblecraft\.gradle\caches\modules-2\files-2.1\io.netty\netty-common\4.1.97.Final\7cceacaf11df8dc63f23d0fb58e9d4640fc88404\netty-common-4.1.97.Final.jar
[Architectury Transformer DEBUG]  - C:\Users\Wobblecraft\.gradle\caches\modules-2\files-2.1\io.netty\netty-handler\4.1.97.Final\abb86c6906bf512bf2b797a41cd7d2e8d3cd7c36\netty-handler-4.1.97.Final.jar
[Architectury Transformer DEBUG]  - C:\Users\Wobblecraft\.gradle\caches\modules-2\files-2.1\io.netty\netty-resolver\4.1.97.Final\cec8348108dc76c47cf87c669d514be52c922144\netty-resolver-4.1.97.Final.jar
[Architectury Transformer DEBUG]  - C:\Users\Wobblecraft\.gradle\caches\modules-2\files-2.1\io.netty\netty-transport-classes-epoll\4.1.97.Final\795da37ded759e862457a82d9d92c4d39ce8ecee\netty-transport-classes-epoll-4.1.97.Final.jar
[Architectury Transformer DEBUG]  - C:\Users\Wobblecraft\.gradle\caches\modules-2\files-2.1\io.netty\netty-transport-native-unix-common\4.1.97.Final\d469d84265ab70095b01b40886cabdd433b6e664\netty-transport-native-unix-common-4.1.97.Final.jar
[Architectury Transformer DEBUG]  - C:\Users\Wobblecraft\.gradle\caches\modules-2\files-2.1\io.netty\netty-transport\4.1.97.Final\f37380d23c9bb079bc702910833b2fd532c9abd0\netty-transport-4.1.97.Final.jar
[Architectury Transformer DEBUG]  - C:\Users\Wobblecraft\.gradle\caches\modules-2\files-2.1\it.unimi.dsi\fastutil\8.5.12\c24946d46824bd528054bface3231d2ecb7e95e8\fastutil-8.5.12.jar
[Architectury Transformer DEBUG]  - C:\Users\Wobblecraft\.gradle\caches\modules-2\files-2.1\net.java.dev.jna\jna-platform\5.14.0\28934d48aed814f11e4c584da55c49fa7032b31b\jna-platform-5.14.0.jar
[Architectury Transformer DEBUG]  - C:\Users\Wobblecraft\.gradle\caches\modules-2\files-2.1\net.java.dev.jna\jna\5.14.0\67bf3eaea4f0718cb376a181a629e5f88fa1c9dd\jna-5.14.0.jar
[Architectury Transformer DEBUG]  - C:\Users\Wobblecraft\.gradle\caches\modules-2\files-2.1\net.sf.jopt-simple\jopt-simple\5.0.4\4fdac2fbe92dfad86aa6e9301736f6b4342a3f5c\jopt-simple-5.0.4.jar
[Architectury Transformer DEBUG]  - C:\Users\Wobblecraft\.gradle\caches\modules-2\files-2.1\org.apache.commons\commons-compress\1.26.0\659feffdd12280201c8aacb8f7be94f9a883c824\commons-compress-1.26.0.jar
[Architectury Transformer DEBUG]  - C:\Users\Wobblecraft\.gradle\caches\modules-2\files-2.1\org.apache.commons\commons-lang3\3.14.0\1ed471194b02f2c6cb734a0cd6f6f107c673afae\commons-lang3-3.14.0.jar
[Architectury Transformer DEBUG]  - C:\Users\Wobblecraft\.gradle\caches\modules-2\files-2.1\org.apache.httpcomponents\httpclient\4.5.13\e5f6cae5ca7ecaac1ec2827a9e2d65ae2869cada\httpclient-4.5.13.jar
[Architectury Transformer DEBUG]  - C:\Users\Wobblecraft\.gradle\caches\modules-2\files-2.1\org.apache.httpcomponents\httpcore\4.4.16\51cf043c87253c9f58b539c9f7e44c8894223850\httpcore-4.4.16.jar
[Architectury Transformer DEBUG]  - C:\Users\Wobblecraft\.gradle\caches\modules-2\files-2.1\org.apache.logging.log4j\log4j-api\2.22.1\bea6fede6328fabafd7e68363161a7ea6605abd1\log4j-api-2.22.1.jar
[Architectury Transformer DEBUG]  - C:\Users\Wobblecraft\.gradle\caches\modules-2\files-2.1\org.apache.logging.log4j\log4j-core\2.22.1\7183a25510a02ad00cc6a95d3b3d2a7d3c5a8dc4\log4j-core-2.22.1.jar
[Architectury Transformer DEBUG]  - C:\Users\Wobblecraft\.gradle\caches\modules-2\files-2.1\org.apache.logging.log4j\log4j-slf4j2-impl\2.22.1\d7e6693c2606cb7e7335047d7bb96dec52db5665\log4j-slf4j2-impl-2.22.1.jar
[Architectury Transformer DEBUG]  - C:\Users\Wobblecraft\.gradle\caches\modules-2\files-2.1\org.jcraft\jorbis\0.0.17\8872d22b293e8f5d7d56ff92be966e6dc28ebdc6\jorbis-0.0.17.jar
[Architectury Transformer DEBUG]  - C:\Users\Wobblecraft\.gradle\caches\modules-2\files-2.1\org.joml\joml\1.10.5\22566d58af70ad3d72308bab63b8339906deb649\joml-1.10.5.jar
[Architectury Transformer DEBUG]  - C:\Users\Wobblecraft\.gradle\caches\modules-2\files-2.1\org.lwjgl\lwjgl-freetype\3.3.3\a0db6c84a8becc8ca05f9dbfa985edc348a824c7\lwjgl-freetype-3.3.3.jar
[Architectury Transformer DEBUG]  - C:\Users\Wobblecraft\.gradle\caches\modules-2\files-2.1\org.lwjgl\lwjgl-glfw\3.3.3\efa1eb78c5ccd840e9f329717109b5e892d72f8e\lwjgl-glfw-3.3.3.jar
[Architectury Transformer DEBUG]  - C:\Users\Wobblecraft\.gradle\caches\modules-2\files-2.1\org.lwjgl\lwjgl-jemalloc\3.3.3\b543467b7ff3c6920539a88ee602d34098628be5\lwjgl-jemalloc-3.3.3.jar
[Architectury Transformer DEBUG]  - C:\Users\Wobblecraft\.gradle\caches\modules-2\files-2.1\org.lwjgl\lwjgl-openal\3.3.3\daada81ceb5fc0c291fbfdd4433cb8d9423577f2\lwjgl-openal-3.3.3.jar
[Architectury Transformer DEBUG]  - C:\Users\Wobblecraft\.gradle\caches\modules-2\files-2.1\org.lwjgl\lwjgl-opengl\3.3.3\2f6b0147078396a58979125a4c947664e98293a\lwjgl-opengl-3.3.3.jar
[Architectury Transformer DEBUG]  - C:\Users\Wobblecraft\.gradle\caches\modules-2\files-2.1\org.lwjgl\lwjgl-stb\3.3.3\25dd6161988d7e65f71d5065c99902402ee32746\lwjgl-stb-3.3.3.jar
[Architectury Transformer DEBUG]  - C:\Users\Wobblecraft\.gradle\caches\modules-2\files-2.1\org.lwjgl\lwjgl-tinyfd\3.3.3\82d755ca94b102e9ca77283b9e2dc46d1b15fbe5\lwjgl-tinyfd-3.3.3.jar
[Architectury Transformer DEBUG]  - C:\Users\Wobblecraft\.gradle\caches\modules-2\files-2.1\org.lwjgl\lwjgl\3.3.3\29589b5f87ed335a6c7e7ee6a5775f81f97ecb84\lwjgl-3.3.3.jar
[Architectury Transformer DEBUG]  - C:\Users\Wobblecraft\.gradle\caches\modules-2\files-2.1\org.lz4\lz4-java\1.8.0\4b986a99445e49ea5fbf5d149c4b63f6ed6c6780\lz4-java-1.8.0.jar
[Architectury Transformer DEBUG]  - C:\Users\Wobblecraft\.gradle\caches\modules-2\files-2.1\org.slf4j\slf4j-api\2.0.9\7cf2726fdcfbc8610f9a71fb3ed639871f315340\slf4j-api-2.0.9.jar
[Architectury Transformer DEBUG]  - D:\SDMShopA\.gradle\loom-cache\minecraftMaven\net\minecraft\minecraft-merged-b2ea357d47\1.21.1-loom.mappings.1_21_1.layered+hash.40545-v2\minecraft-merged-b2ea357d47-1.21.1-loom.mappings.1_21_1.layered+hash.40545-v2.jar
[Architectury Transformer DEBUG]  - C:\Users\Wobblecraft\.gradle\caches\modules-2\files-2.1\io.netty\netty-transport-native-epoll\4.1.97.Final\54188f271e388e7f313aea995e82f58ce2cdb809\netty-transport-native-epoll-4.1.97.Final-linux-x86_64.jar
[Architectury Transformer DEBUG]  - C:\Users\Wobblecraft\.gradle\caches\modules-2\files-2.1\io.netty\netty-transport-native-epoll\4.1.97.Final\5514744c588190ffda076b35a9b8c9f24946a960\netty-transport-native-epoll-4.1.97.Final-linux-aarch_64.jar
[Architectury Transformer DEBUG]  - C:\Users\Wobblecraft\.gradle\caches\modules-2\files-2.1\io.github.spair\imgui-java-lwjgl3\1.89.0\ecaa154c833084700e8acb1c3a10c68761095516\imgui-java-lwjgl3-1.89.0.jar
[Architectury Transformer DEBUG]  - C:\Users\Wobblecraft\.gradle\caches\modules-2\files-2.1\io.github.spair\imgui-java-binding\1.89.0\97c691effb5cf18f918546df7e770cdee19a2fa2\imgui-java-binding-1.89.0.jar
[Architectury Transformer DEBUG]  - C:\Users\Wobblecraft\.gradle\caches\modules-2\files-2.1\io.github.spair\imgui-java-natives-windows\1.89.0\ab04963b0235c54ffcd5ffe362acf08660d9f366\imgui-java-natives-windows-1.89.0.jar
[Architectury Transformer DEBUG]  - C:\Users\Wobblecraft\.gradle\caches\modules-2\files-2.1\io.github.spair\imgui-java-natives-linux\1.89.0\7a185fd52f826e53afd6be247b9d86624a377c18\imgui-java-natives-linux-1.89.0.jar
[Architectury Transformer DEBUG]  - C:\Users\Wobblecraft\.gradle\caches\modules-2\files-2.1\io.github.spair\imgui-java-natives-macos\1.89.0\490a00824e233401775d4ffc09fb8be73a98fa7c\imgui-java-natives-macos-1.89.0.jar
[Architectury Transformer DEBUG]  - D:\SDMShopA\.gradle\loom-cache\remapped_mods\loom_mappings_1_21_1_layered_hash_40545_v2\net\fabricmc\fabric-api\fabric-api\0.110.0+1.21.1\fabric-api-0.110.0+1.21.1.jar
[Architectury Transformer DEBUG]  - D:\SDMShopA\.gradle\loom-cache\remapped_mods\loom_mappings_1_21_1_layered_hash_40545_v2\curse\maven\ftb-library-fabric-438495\6466107\ftb-library-fabric-438495-6466107.jar
[Architectury Transformer DEBUG]  - D:\SDMShopA\.gradle\loom-cache\remapped_mods\loom_mappings_1_21_1_layered_hash_40545_v2\dev\architectury\architectury-fabric\13.0.8\architectury-fabric-13.0.8.jar
[Architectury Transformer DEBUG]  - D:\SDMShopA\.gradle\loom-cache\remapped_mods\loom_mappings_1_21_1_layered_hash_40545_v2\curse\maven\sdm-engine-core-964997\5968177\sdm-engine-core-964997-5968177.jar
[Architectury Transformer DEBUG]  - D:\SDMShopA\.gradle\loom-cache\remapped_mods\loom_mappings_1_21_1_layered_hash_40545_v2\net\sixik\sdmeconomy-fabric\1.21.1-2.1.0\sdmeconomy-fabric-1.21.1-2.1.0.jar
[Architectury Transformer DEBUG]  - D:\SDMShopA\.gradle\loom-cache\remapped_mods\loom_mappings_1_21_1_layered_hash_40545_v2\net\sixik\sdmuilibrary-fabric\1.21-1.9.2\sdmuilibrary-fabric-1.21-1.9.2.jar
[Architectury Transformer DEBUG]  - D:\SDMShopA\.gradle\loom-cache\remapped_mods\loom_mappings_1_21_1_layered_hash_40545_v2\net\fabricmc\fabric-api\fabric-transfer-api-v1\5.4.2+95bead5f19\fabric-transfer-api-v1-5.4.2+95bead5f19.jar
[Architectury Transformer DEBUG]  - D:\SDMShopA\.gradle\loom-cache\remapped_mods\loom_mappings_1_21_1_layered_hash_40545_v2\net\fabricmc\fabric-api\fabric-api-lookup-api-v1\1.6.70+b559734419\fabric-api-lookup-api-v1-1.6.70+b559734419.jar
[Architectury Transformer DEBUG]  - D:\SDMShopA\.gradle\loom-cache\remapped_mods\loom_mappings_1_21_1_layered_hash_40545_v2\net\fabricmc\fabric-api\fabric-blockrenderlayer-v1\1.1.52+0af3f5a719\fabric-blockrenderlayer-v1-1.1.52+0af3f5a719.jar
[Architectury Transformer DEBUG]  - D:\SDMShopA\.gradle\loom-cache\remapped_mods\loom_mappings_1_21_1_layered_hash_40545_v2\net\fabricmc\fabric-api\fabric-client-tags-api-v1\1.1.15+6573ed8c19\fabric-client-tags-api-v1-1.1.15+6573ed8c19.jar
[Architectury Transformer DEBUG]  - D:\SDMShopA\.gradle\loom-cache\remapped_mods\loom_mappings_1_21_1_layered_hash_40545_v2\net\fabricmc\fabric-api\fabric-command-api-v1\1.2.49+f71b366f19\fabric-command-api-v1-1.2.49+f71b366f19.jar
[Architectury Transformer DEBUG]  - D:\SDMShopA\.gradle\loom-cache\remapped_mods\loom_mappings_1_21_1_layered_hash_40545_v2\net\fabricmc\fabric-api\fabric-commands-v0\0.2.66+df3654b319\fabric-commands-v0-0.2.66+df3654b319.jar
[Architectury Transformer DEBUG]  - D:\SDMShopA\.gradle\loom-cache\remapped_mods\loom_mappings_1_21_1_layered_hash_40545_v2\net\fabricmc\fabric-api\fabric-command-api-v2\2.2.28+6ced4dd919\fabric-command-api-v2-2.2.28+6ced4dd919.jar
[Architectury Transformer DEBUG]  - D:\SDMShopA\.gradle\loom-cache\remapped_mods\loom_mappings_1_21_1_layered_hash_40545_v2\net\fabricmc\fabric-api\fabric-content-registries-v0\8.0.18+b559734419\fabric-content-registries-v0-8.0.18+b559734419.jar
[Architectury Transformer DEBUG]  - D:\SDMShopA\.gradle\loom-cache\remapped_mods\loom_mappings_1_21_1_layered_hash_40545_v2\net\fabricmc\fabric-api\fabric-data-generation-api-v1\20.2.24+16c4ae2519\fabric-data-generation-api-v1-20.2.24+16c4ae2519.jar
[Architectury Transformer DEBUG]  - D:\SDMShopA\.gradle\loom-cache\remapped_mods\loom_mappings_1_21_1_layered_hash_40545_v2\net\fabricmc\fabric-api\fabric-convention-tags-v1\2.1.2+7f945d5b19\fabric-convention-tags-v1-2.1.2+7f945d5b19.jar
[Architectury Transformer DEBUG]  - D:\SDMShopA\.gradle\loom-cache\remapped_mods\loom_mappings_1_21_1_layered_hash_40545_v2\net\fabricmc\fabric-api\fabric-convention-tags-v2\2.9.2+e60e56d419\fabric-convention-tags-v2-2.9.2+e60e56d419.jar
[Architectury Transformer DEBUG]  - D:\SDMShopA\.gradle\loom-cache\remapped_mods\loom_mappings_1_21_1_layered_hash_40545_v2\net\fabricmc\fabric-api\fabric-data-attachment-api-v1\1.4.0+da19b51a19\fabric-data-attachment-api-v1-1.4.0+da19b51a19.jar
[Architectury Transformer DEBUG]  - D:\SDMShopA\.gradle\loom-cache\remapped_mods\loom_mappings_1_21_1_layered_hash_40545_v2\net\fabricmc\fabric-api\fabric-entity-events-v1\1.7.0+2122d82819\fabric-entity-events-v1-1.7.0+2122d82819.jar
[Architectury Transformer DEBUG]  - D:\SDMShopA\.gradle\loom-cache\remapped_mods\loom_mappings_1_21_1_layered_hash_40545_v2\net\fabricmc\fabric-api\fabric-events-interaction-v0\0.7.13+ba9dae0619\fabric-events-interaction-v0-0.7.13+ba9dae0619.jar
[Architectury Transformer DEBUG]  - D:\SDMShopA\.gradle\loom-cache\remapped_mods\loom_mappings_1_21_1_layered_hash_40545_v2\net\fabricmc\fabric-api\fabric-gametest-api-v1\2.0.5+6fc22b9919\fabric-gametest-api-v1-2.0.5+6fc22b9919.jar
[Architectury Transformer DEBUG]  - D:\SDMShopA\.gradle\loom-cache\remapped_mods\loom_mappings_1_21_1_layered_hash_40545_v2\net\fabricmc\fabric-api\fabric-item-api-v1\11.1.1+d5debaed19\fabric-item-api-v1-11.1.1+d5debaed19.jar
[Architectury Transformer DEBUG]  - D:\SDMShopA\.gradle\loom-cache\remapped_mods\loom_mappings_1_21_1_layered_hash_40545_v2\net\fabricmc\fabric-api\fabric-item-group-api-v1\4.1.6+6823f7cd19\fabric-item-group-api-v1-4.1.6+6823f7cd19.jar
[Architectury Transformer DEBUG]  - D:\SDMShopA\.gradle\loom-cache\remapped_mods\loom_mappings_1_21_1_layered_hash_40545_v2\net\fabricmc\fabric-api\fabric-lifecycle-events-v1\2.5.0+01d9a51c19\fabric-lifecycle-events-v1-2.5.0+01d9a51c19.jar
[Architectury Transformer DEBUG]  - D:\SDMShopA\.gradle\loom-cache\remapped_mods\loom_mappings_1_21_1_layered_hash_40545_v2\net\fabricmc\fabric-api\fabric-loot-api-v2\3.0.15+3f89f5a519\fabric-loot-api-v2-3.0.15+3f89f5a519.jar
[Architectury Transformer DEBUG]  - D:\SDMShopA\.gradle\loom-cache\remapped_mods\loom_mappings_1_21_1_layered_hash_40545_v2\net\fabricmc\fabric-api\fabric-loot-api-v3\1.0.3+3f89f5a519\fabric-loot-api-v3-1.0.3+3f89f5a519.jar
[Architectury Transformer DEBUG]  - D:\SDMShopA\.gradle\loom-cache\remapped_mods\loom_mappings_1_21_1_layered_hash_40545_v2\net\fabricmc\fabric-api\fabric-message-api-v1\6.0.13+6573ed8c19\fabric-message-api-v1-6.0.13+6573ed8c19.jar
[Architectury Transformer DEBUG]  - D:\SDMShopA\.gradle\loom-cache\remapped_mods\loom_mappings_1_21_1_layered_hash_40545_v2\net\fabricmc\fabric-api\fabric-model-loading-api-v1\2.0.0+fe474d6b19\fabric-model-loading-api-v1-2.0.0+fe474d6b19.jar
[Architectury Transformer DEBUG]  - D:\SDMShopA\.gradle\loom-cache\remapped_mods\loom_mappings_1_21_1_layered_hash_40545_v2\net\fabricmc\fabric-api\fabric-recipe-api-v1\5.0.13+6508971219\fabric-recipe-api-v1-5.0.13+6508971219.jar
[Architectury Transformer DEBUG]  - D:\SDMShopA\.gradle\loom-cache\remapped_mods\loom_mappings_1_21_1_layered_hash_40545_v2\net\fabricmc\fabric-api\fabric-screen-handler-api-v1\1.3.88+b559734419\fabric-screen-handler-api-v1-1.3.88+b559734419.jar
[Architectury Transformer DEBUG]  - D:\SDMShopA\.gradle\loom-cache\remapped_mods\loom_mappings_1_21_1_layered_hash_40545_v2\net\fabricmc\fabric-api\fabric-registry-sync-v0\5.2.0+34f5d91419\fabric-registry-sync-v0-5.2.0+34f5d91419.jar
[Architectury Transformer DEBUG]  - D:\SDMShopA\.gradle\loom-cache\remapped_mods\loom_mappings_1_21_1_layered_hash_40545_v2\net\fabricmc\fabric-api\fabric-networking-api-v1\4.3.0+c7469b2119\fabric-networking-api-v1-4.3.0+c7469b2119.jar
[Architectury Transformer DEBUG]  - D:\SDMShopA\.gradle\loom-cache\remapped_mods\loom_mappings_1_21_1_layered_hash_40545_v2\net\fabricmc\fabric-api\fabric-object-builder-api-v1\15.2.1+40875a9319\fabric-object-builder-api-v1-15.2.1+40875a9319.jar
[Architectury Transformer DEBUG]  - D:\SDMShopA\.gradle\loom-cache\remapped_mods\loom_mappings_1_21_1_layered_hash_40545_v2\net\fabricmc\fabric-api\fabric-particles-v1\4.0.2+6573ed8c19\fabric-particles-v1-4.0.2+6573ed8c19.jar
[Architectury Transformer DEBUG]  - D:\SDMShopA\.gradle\loom-cache\remapped_mods\loom_mappings_1_21_1_layered_hash_40545_v2\net\fabricmc\fabric-api\fabric-renderer-indigo\1.7.0+c705a49c19\fabric-renderer-indigo-1.7.0+c705a49c19.jar
[Architectury Transformer DEBUG]  - D:\SDMShopA\.gradle\loom-cache\remapped_mods\loom_mappings_1_21_1_layered_hash_40545_v2\net\fabricmc\fabric-api\fabric-renderer-api-v1\3.4.0+c705a49c19\fabric-renderer-api-v1-3.4.0+c705a49c19.jar
[Architectury Transformer DEBUG]  - D:\SDMShopA\.gradle\loom-cache\remapped_mods\loom_mappings_1_21_1_layered_hash_40545_v2\net\fabricmc\fabric-api\fabric-rendering-fluids-v1\3.1.6+1daea21519\fabric-rendering-fluids-v1-3.1.6+1daea21519.jar
[Architectury Transformer DEBUG]  - D:\SDMShopA\.gradle\loom-cache\remapped_mods\loom_mappings_1_21_1_layered_hash_40545_v2\net\fabricmc\fabric-api\fabric-renderer-registries-v1\3.2.68+df3654b319\fabric-renderer-registries-v1-3.2.68+df3654b319.jar
[Architectury Transformer DEBUG]  - D:\SDMShopA\.gradle\loom-cache\remapped_mods\loom_mappings_1_21_1_layered_hash_40545_v2\net\fabricmc\fabric-api\fabric-rendering-v0\1.1.71+df3654b319\fabric-rendering-v0-1.1.71+df3654b319.jar
[Architectury Transformer DEBUG]  - D:\SDMShopA\.gradle\loom-cache\remapped_mods\loom_mappings_1_21_1_layered_hash_40545_v2\net\fabricmc\fabric-api\fabric-rendering-v1\5.0.5+df16efd019\fabric-rendering-v1-5.0.5+df16efd019.jar
[Architectury Transformer DEBUG]  - D:\SDMShopA\.gradle\loom-cache\remapped_mods\loom_mappings_1_21_1_layered_hash_40545_v2\net\fabricmc\fabric-api\fabric-screen-api-v1\2.0.25+8b68f1c719\fabric-screen-api-v1-2.0.25+8b68f1c719.jar
[Architectury Transformer DEBUG]  - D:\SDMShopA\.gradle\loom-cache\remapped_mods\loom_mappings_1_21_1_layered_hash_40545_v2\net\fabricmc\fabric-api\fabric-api-base\0.4.42+6573ed8c19\fabric-api-base-0.4.42+6573ed8c19.jar
[Architectury Transformer DEBUG]  - D:\SDMShopA\.gradle\loom-cache\remapped_mods\loom_mappings_1_21_1_layered_hash_40545_v2\net\fabricmc\fabric-api\fabric-biome-api-v1\13.0.30+be1ed2d719\fabric-biome-api-v1-13.0.30+be1ed2d719.jar
[Architectury Transformer DEBUG]  - D:\SDMShopA\.gradle\loom-cache\remapped_mods\loom_mappings_1_21_1_layered_hash_40545_v2\net\fabricmc\fabric-api\fabric-block-api-v1\1.0.22+0af3f5a719\fabric-block-api-v1-1.0.22+0af3f5a719.jar
[Architectury Transformer DEBUG]  - D:\SDMShopA\.gradle\loom-cache\remapped_mods\loom_mappings_1_21_1_layered_hash_40545_v2\net\fabricmc\fabric-api\fabric-rendering-data-attachment-v1\0.3.48+73761d2e19\fabric-rendering-data-attachment-v1-0.3.48+73761d2e19.jar
[Architectury Transformer DEBUG]  - D:\SDMShopA\.gradle\loom-cache\remapped_mods\loom_mappings_1_21_1_layered_hash_40545_v2\net\fabricmc\fabric-api\fabric-block-view-api-v2\1.0.10+6573ed8c19\fabric-block-view-api-v2-1.0.10+6573ed8c19.jar
[Architectury Transformer DEBUG]  - D:\SDMShopA\.gradle\loom-cache\remapped_mods\loom_mappings_1_21_1_layered_hash_40545_v2\net\fabricmc\fabric-api\fabric-crash-report-info-v1\0.2.29+0af3f5a719\fabric-crash-report-info-v1-0.2.29+0af3f5a719.jar
[Architectury Transformer DEBUG]  - D:\SDMShopA\.gradle\loom-cache\remapped_mods\loom_mappings_1_21_1_layered_hash_40545_v2\net\fabricmc\fabric-api\fabric-dimensions-v1\4.0.0+6fc22b9919\fabric-dimensions-v1-4.0.0+6fc22b9919.jar
[Architectury Transformer DEBUG]  - D:\SDMShopA\.gradle\loom-cache\remapped_mods\loom_mappings_1_21_1_layered_hash_40545_v2\net\fabricmc\fabric-api\fabric-game-rule-api-v1\1.0.53+6ced4dd919\fabric-game-rule-api-v1-1.0.53+6ced4dd919.jar
[Architectury Transformer DEBUG]  - D:\SDMShopA\.gradle\loom-cache\remapped_mods\loom_mappings_1_21_1_layered_hash_40545_v2\net\fabricmc\fabric-api\fabric-keybindings-v0\0.2.45+df3654b319\fabric-keybindings-v0-0.2.45+df3654b319.jar
[Architectury Transformer DEBUG]  - D:\SDMShopA\.gradle\loom-cache\remapped_mods\loom_mappings_1_21_1_layered_hash_40545_v2\net\fabricmc\fabric-api\fabric-key-binding-api-v1\1.0.47+0af3f5a719\fabric-key-binding-api-v1-1.0.47+0af3f5a719.jar
[Architectury Transformer DEBUG]  - D:\SDMShopA\.gradle\loom-cache\remapped_mods\loom_mappings_1_21_1_layered_hash_40545_v2\net\fabricmc\fabric-api\fabric-resource-conditions-api-v1\4.3.0+8dc279b119\fabric-resource-conditions-api-v1-4.3.0+8dc279b119.jar
[Architectury Transformer DEBUG]  - D:\SDMShopA\.gradle\loom-cache\remapped_mods\loom_mappings_1_21_1_layered_hash_40545_v2\net\fabricmc\fabric-api\fabric-resource-loader-v0\1.3.1+5b5275af19\fabric-resource-loader-v0-1.3.1+5b5275af19.jar
[Architectury Transformer DEBUG]  - D:\SDMShopA\.gradle\loom-cache\remapped_mods\loom_mappings_1_21_1_layered_hash_40545_v2\net\fabricmc\fabric-api\fabric-sound-api-v1\1.0.23+6573ed8c19\fabric-sound-api-v1-1.0.23+6573ed8c19.jar
[Architectury Transformer DEBUG]  - D:\SDMShopA\.gradle\loom-cache\remapped_mods\loom_mappings_1_21_1_layered_hash_40545_v2\net\fabricmc\fabric-api\fabric-transitive-access-wideners-v1\6.2.0+45b9699719\fabric-transitive-access-wideners-v1-6.2.0+45b9699719.jar
[Architectury Transformer] Read classpath in 1.824 s
[Architectury Transformer DEBUG] Closed File Systems for D:\SDMShopA\common\build\devlibs\sdmshopa-common-3.1.0-dev.jar
[Architectury Transformer DEBUG] Transforming 5 transformer(s) from D:\SDMShopA\common\build\devlibs\sdmshopa-common-3.1.0-dev.jar to C:\Users\WOBBLE~1\AppData\Local\Temp\18365138144792509849.jar: 
[Architectury Transformer DEBUG]  - dev.architectury.transformer.transformers.RuntimeMixinRefmapDetector@4524411f
[Architectury Transformer DEBUG]  - dev.architectury.transformer.transformers.GenerateFakeFabricMod@401e7803
[Architectury Transformer DEBUG]  - dev.architectury.transformer.transformers.TransformExpectPlatform@10dba097
[Architectury Transformer DEBUG]  - dev.architectury.transformer.transformers.RemapInjectables@1786f9d5
[Architectury Transformer DEBUG]  - dev.architectury.transformer.transformers.TransformPlatformOnly@704d6e83
[Architectury Transformer DEBUG] Transforming from D:\SDMShopA\common\build\devlibs\sdmshopa-common-3.1.0-dev.jar to C:\Users\WOBBLE~1\AppData\Local\Temp\18365138144792509849.jar with 5 transformer(s) on dev.architectury.transformer.handler.SimpleTransformerHandler
[Architectury Transformer DEBUG] Found class transformer
[Architectury Transformer DEBUG] Writing net/sixk/sdmshop/api/IConstructor with maxs=true frames=true
[Architectury Transformer DEBUG] Writing net/sixk/sdmshop/api/IItemSerializer with maxs=true frames=true
[Architectury Transformer DEBUG] Writing net/sixk/sdmshop/api/ITovarTypa with maxs=true frames=true
[Architectury Transformer DEBUG] Writing net/sixk/sdmshop/data/config/Config with maxs=true frames=true
[Architectury Transformer DEBUG] Writing net/sixk/sdmshop/data/config/ConfigFile with maxs=true frames=true
[Architectury Transformer DEBUG] Writing net/sixk/sdmshop/mixin/TextFieldMixin with maxs=true frames=true
[Architectury Transformer DEBUG] Writing net/sixk/sdmshop/SDMShop with maxs=true frames=true
[Architectury Transformer DEBUG] Writing net/sixk/sdmshop/SDMShopClient with maxs=true frames=true
[Architectury Transformer DEBUG] Writing net/sixk/sdmshop/shop/AddCurrencyPanel$1 with maxs=true frames=true
[Architectury Transformer DEBUG] Writing net/sixk/sdmshop/shop/AddCurrencyPanel$2 with maxs=true frames=true
[Architectury Transformer DEBUG] Writing net/sixk/sdmshop/shop/AddCurrencyPanel with maxs=true frames=true
[Architectury Transformer DEBUG] Writing net/sixk/sdmshop/shop/BuyingWindow$1 with maxs=true frames=true
[Architectury Transformer DEBUG] Writing net/sixk/sdmshop/shop/BuyingWindow$2 with maxs=true frames=true
[Architectury Transformer DEBUG] Writing net/sixk/sdmshop/shop/BuyingWindow$3 with maxs=true frames=true
[Architectury Transformer DEBUG] Writing net/sixk/sdmshop/shop/BuyingWindow with maxs=true frames=true
[Architectury Transformer DEBUG] Writing net/sixk/sdmshop/shop/modern/ModernAddCurrencyPanel with maxs=true frames=true
[Architectury Transformer DEBUG] Writing net/sixk/sdmshop/shop/modern/ModernAddProperties with maxs=true frames=true
[Architectury Transformer DEBUG] Writing net/sixk/sdmshop/shop/modern/ModernAddTabPanel with maxs=true frames=true
[Architectury Transformer DEBUG] Writing net/sixk/sdmshop/shop/modern/ModernAddTovarPanel with maxs=true frames=true
[Architectury Transformer DEBUG] Writing net/sixk/sdmshop/shop/modern/ModernBuyingWindow with maxs=true frames=true
[Architectury Transformer DEBUG] Writing net/sixk/sdmshop/shop/modern/ModernPlayerBasket with maxs=true frames=true
[Architectury Transformer DEBUG] Writing net/sixk/sdmshop/shop/modern/ModernSearchPanel with maxs=true frames=true
[Architectury Transformer DEBUG] Writing net/sixk/sdmshop/shop/modern/ModernSelectTypeTovarPanel with maxs=true frames=true
[Architectury Transformer DEBUG] Writing net/sixk/sdmshop/shop/modern/ModernShopEntriesPanel with maxs=true frames=true
[Architectury Transformer DEBUG] Writing net/sixk/sdmshop/shop/modern/ModernShopPageWalletPanel$1 with maxs=true frames=true
[Architectury Transformer DEBUG] Writing net/sixk/sdmshop/shop/modern/ModernShopPageWalletPanel with maxs=true frames=true
[Architectury Transformer DEBUG] Writing net/sixk/sdmshop/shop/modern/ModernShopTitelPanel with maxs=true frames=true
[Architectury Transformer DEBUG] Writing net/sixk/sdmshop/shop/modern/ModernTab with maxs=true frames=true
[Architectury Transformer DEBUG] Writing net/sixk/sdmshop/shop/modern/ModernTabPanel with maxs=true frames=true
[Architectury Transformer DEBUG] Writing net/sixk/sdmshop/shop/modern/ModernTovarPanel with maxs=true frames=true
[Architectury Transformer DEBUG] Writing net/sixk/sdmshop/shop/modern/ModernWalletRender with maxs=true frames=true
[Architectury Transformer DEBUG] Writing net/sixk/sdmshop/shop/modern/ShopPageModern with maxs=true frames=true
[Architectury Transformer DEBUG] Writing net/sixk/sdmshop/shop/modern/widgets/ModerTextBox with maxs=true frames=true
[Architectury Transformer DEBUG] Writing net/sixk/sdmshop/shop/network/client/BuyShopTovarC2S with maxs=true frames=true
[Architectury Transformer DEBUG] Writing net/sixk/sdmshop/shop/network/client/SellShopTovarC2S with maxs=true frames=true
[Architectury Transformer DEBUG] Writing net/sixk/sdmshop/shop/network/client/UpdateTabDataC2S with maxs=true frames=true
[Architectury Transformer DEBUG] Writing net/sixk/sdmshop/shop/network/client/UpdateTovarDataC2S with maxs=true frames=true
[Architectury Transformer DEBUG] Writing net/sixk/sdmshop/shop/network/ModNetwork with maxs=true frames=true
[Architectury Transformer DEBUG] Writing net/sixk/sdmshop/shop/network/server/SendConfigS2C with maxs=true frames=true
[Architectury Transformer DEBUG] Writing net/sixk/sdmshop/shop/network/server/SendEditModeS2C with maxs=true frames=true
[Architectury Transformer DEBUG] Writing net/sixk/sdmshop/shop/network/server/SendOpenShopScreenS2C with maxs=true frames=true
[Architectury Transformer DEBUG] Writing net/sixk/sdmshop/shop/network/server/SendShopDataS2C with maxs=true frames=true
[Architectury Transformer DEBUG] Writing net/sixk/sdmshop/shop/PlayerBasket$1 with maxs=true frames=true
[Architectury Transformer DEBUG] Writing net/sixk/sdmshop/shop/PlayerBasket with maxs=true frames=true
[Architectury Transformer DEBUG] Writing net/sixk/sdmshop/shop/ShopComands with maxs=true frames=true
[Architectury Transformer DEBUG] Writing net/sixk/sdmshop/shop/ShopEntriesPanel with maxs=true frames=true
[Architectury Transformer DEBUG] Writing net/sixk/sdmshop/shop/ShopPage$1 with maxs=true frames=true
[Architectury Transformer DEBUG] Writing net/sixk/sdmshop/shop/ShopPage with maxs=true frames=true
[Architectury Transformer DEBUG] Writing net/sixk/sdmshop/shop/Tab/AddTabPanel$1 with maxs=true frames=true
[Architectury Transformer DEBUG] Writing net/sixk/sdmshop/shop/Tab/AddTabPanel$2 with maxs=true frames=true
[Architectury Transformer DEBUG] Writing net/sixk/sdmshop/shop/Tab/AddTabPanel with maxs=true frames=true
[Architectury Transformer DEBUG] Writing net/sixk/sdmshop/shop/Tab/Tab with maxs=true frames=true
[Architectury Transformer DEBUG] Writing net/sixk/sdmshop/shop/Tab/TabPanel with maxs=true frames=true
[Architectury Transformer DEBUG] Writing net/sixk/sdmshop/shop/Tab/TabRender$1 with maxs=true frames=true
[Architectury Transformer DEBUG] Writing net/sixk/sdmshop/shop/Tab/TabRender with maxs=true frames=true
[Architectury Transformer DEBUG] Writing net/sixk/sdmshop/shop/Tab/TovarTab with maxs=true frames=true
[Architectury Transformer DEBUG] Writing net/sixk/sdmshop/shop/Tovar/AbstractTovar with maxs=true frames=true
[Architectury Transformer DEBUG] Writing net/sixk/sdmshop/shop/Tovar/AddTovar/AddProperties$1 with maxs=true frames=true
[Architectury Transformer DEBUG] Writing net/sixk/sdmshop/shop/Tovar/AddTovar/AddProperties$2 with maxs=true frames=true
[Architectury Transformer DEBUG] Writing net/sixk/sdmshop/shop/Tovar/AddTovar/AddProperties$3 with maxs=true frames=true
[Architectury Transformer DEBUG] Writing net/sixk/sdmshop/shop/Tovar/AddTovar/AddProperties$4$1 with maxs=true frames=true
[Architectury Transformer DEBUG] Writing net/sixk/sdmshop/shop/Tovar/AddTovar/AddProperties$4 with maxs=true frames=true
[Architectury Transformer DEBUG] Writing net/sixk/sdmshop/shop/Tovar/AddTovar/AddProperties$5 with maxs=true frames=true
[Architectury Transformer DEBUG] Writing net/sixk/sdmshop/shop/Tovar/AddTovar/AddProperties$6 with maxs=true frames=true
[Architectury Transformer DEBUG] Writing net/sixk/sdmshop/shop/Tovar/AddTovar/AddProperties$7 with maxs=true frames=true
[Architectury Transformer DEBUG] Writing net/sixk/sdmshop/shop/Tovar/AddTovar/AddProperties$8 with maxs=true frames=true
[Architectury Transformer DEBUG] Writing net/sixk/sdmshop/shop/Tovar/AddTovar/AddProperties$9 with maxs=true frames=true
[Architectury Transformer DEBUG] Writing net/sixk/sdmshop/shop/Tovar/AddTovar/AddProperties with maxs=true frames=true
[Architectury Transformer DEBUG] Writing net/sixk/sdmshop/shop/Tovar/AddTovar/AddTovarPanel with maxs=true frames=true
[Architectury Transformer DEBUG] Writing net/sixk/sdmshop/shop/Tovar/AddTovar/SelectTypeTovarPanel$1 with maxs=true frames=true
[Architectury Transformer DEBUG] Writing net/sixk/sdmshop/shop/Tovar/AddTovar/SelectTypeTovarPanel$2 with maxs=true frames=true
[Architectury Transformer DEBUG] Writing net/sixk/sdmshop/shop/Tovar/AddTovar/SelectTypeTovarPanel$3 with maxs=true frames=true
[Architectury Transformer DEBUG] Writing net/sixk/sdmshop/shop/Tovar/AddTovar/SelectTypeTovarPanel with maxs=true frames=true
[Architectury Transformer DEBUG] Writing net/sixk/sdmshop/shop/Tovar/AddTovar/TabPanel$1 with maxs=true frames=true
[Architectury Transformer DEBUG] Writing net/sixk/sdmshop/shop/Tovar/AddTovar/TabPanel with maxs=true frames=true
[Architectury Transformer DEBUG] Writing net/sixk/sdmshop/shop/Tovar/AddTovar/TagPanel$1 with maxs=true frames=true
[Architectury Transformer DEBUG] Writing net/sixk/sdmshop/shop/Tovar/AddTovar/TagPanel with maxs=true frames=true
[Architectury Transformer DEBUG] Writing net/sixk/sdmshop/shop/Tovar/Tovar with maxs=true frames=true
[Architectury Transformer DEBUG] Writing net/sixk/sdmshop/shop/Tovar/TovarList with maxs=true frames=true
[Architectury Transformer DEBUG] Writing net/sixk/sdmshop/shop/Tovar/TovarPanel$1 with maxs=true frames=true
[Architectury Transformer DEBUG] Writing net/sixk/sdmshop/shop/Tovar/TovarPanel with maxs=true frames=true
[Architectury Transformer DEBUG] Writing net/sixk/sdmshop/shop/Tovar/TovarType/TovarCommand$Constructor with maxs=true frames=true
[Architectury Transformer DEBUG] Writing net/sixk/sdmshop/shop/Tovar/TovarType/TovarCommand with maxs=true frames=true
[Architectury Transformer DEBUG] Writing net/sixk/sdmshop/shop/Tovar/TovarType/TovarItem$Constructor with maxs=true frames=true
[Architectury Transformer DEBUG] Writing net/sixk/sdmshop/shop/Tovar/TovarType/TovarItem with maxs=true frames=true
[Architectury Transformer DEBUG] Writing net/sixk/sdmshop/shop/Tovar/TovarType/TovarTypeRegister with maxs=true frames=true
[Architectury Transformer DEBUG] Writing net/sixk/sdmshop/shop/Tovar/TovarType/TovarXP$Constructor with maxs=true frames=true
[Architectury Transformer DEBUG] Writing net/sixk/sdmshop/shop/Tovar/TovarType/TovarXP with maxs=true frames=true
[Architectury Transformer DEBUG] Writing net/sixk/sdmshop/shop/WalletRender with maxs=true frames=true
[Architectury Transformer DEBUG] Writing net/sixk/sdmshop/shop/widgets/CheckBox with maxs=true frames=true
[Architectury Transformer DEBUG] Writing net/sixk/sdmshop/shop/widgets/EntryPanel with maxs=true frames=true
[Architectury Transformer DEBUG] Writing net/sixk/sdmshop/shop/widgets/Search with maxs=true frames=true
[Architectury Transformer DEBUG] Writing net/sixk/sdmshop/utils/item/IItemHandler with maxs=true frames=true
[Architectury Transformer DEBUG] Writing net/sixk/sdmshop/utils/item/IItemHandlerModifiable with maxs=true frames=true
[Architectury Transformer DEBUG] Writing net/sixk/sdmshop/utils/item/InvWrapper with maxs=true frames=true
[Architectury Transformer DEBUG] Writing net/sixk/sdmshop/utils/item/ItemHandlerHelper with maxs=true frames=true
[Architectury Transformer DEBUG] Writing net/sixk/sdmshop/utils/item/PlayerMainInvWrapper with maxs=true frames=true
[Architectury Transformer DEBUG] Writing net/sixk/sdmshop/utils/item/RangedWrapper with maxs=true frames=true
[Architectury Transformer DEBUG] Checking whether /sdmshopa-common-common-refmap.json is a mixin config.
[Architectury Transformer DEBUG] Checking whether /sdmshop.mixins.json is a mixin config.
[Architectury Transformer DEBUG] Closed File Systems for C:\Users\WOBBLE~1\AppData\Local\Temp\18365138144792509849.jar
[Architectury Transformer] Listening at D:\SDMShopA\common\build\devlibs\sdmshopa-common-3.1.0-dev.jar
[Architectury Transformer DEBUG] Temporary jar [C:\Users\WOBBLE~1\AppData\Local\Temp\18365138144792509849.jar] contains packages: net.sixk.sdmshop.shop.network, net.sixk.sdmshop.utils.item, net.sixk.sdmshop.shop.network.client, net.sixk.sdmshop.shop.Tovar.AddTovar, net.sixk.sdmshop.data.config, net.sixk.sdmshop.shop.widgets, net.sixk.sdmshop.shop.network.server, net.sixk.sdmshop.shop.modern, net.sixk.sdmshop.shop, net.sixk.sdmshop.mixin, net.sixk.sdmshop.shop.modern.widgets, net.sixk.sdmshop.shop.Tovar.TovarType, net.sixk.sdmshop, net.sixk.sdmshop.shop.Tab, net.sixk.sdmshop.shop.Tovar, net.sixk.sdmshop.api
[Architectury Transformer DEBUG] Closed File Systems for D:\SDMShopA\common\build\devlibs\sdmshopa-common-3.1.0-dev.jar
[Architectury Transformer DEBUG] Classpath entry [D:\SDMShopA\fabric\build\resources\main] contains packages: [[Architectury Transformer DEBUG] Transforming from net/sixk/sdmshop/SDMShop.class to net/sixk/sdmshop/SDMShop.class with 5 transformer(s) on dev.architectury.transformer.handler.TinyRemapperPreparedTransformerHandler
[Architectury Transformer DEBUG] Found class transformer
[Architectury Transformer DEBUG] Writing net/sixk/sdmshop/SDMShop with maxs=true frames=true
[Architectury Transformer DEBUG] Transformed net/sixk/sdmshop/SDMShop in 1.920 ms
[Architectury Transformer DEBUG] Transforming from net/sixk/sdmshop/api/IConstructor.class to net/sixk/sdmshop/api/IConstructor.class with 5 transformer(s) on dev.architectury.transformer.handler.TinyRemapperPreparedTransformerHandler
[Architectury Transformer DEBUG] Found class transformer
[Architectury Transformer DEBUG] Writing net/sixk/sdmshop/api/IConstructor with maxs=true frames=true
[Architectury Transformer DEBUG] Transformed net/sixk/sdmshop/api/IConstructor in 237.2 ?s
[Architectury Transformer DEBUG] Transforming from net/sixk/sdmshop/data/config/Config.class to net/sixk/sdmshop/data/config/Config.class with 5 transformer(s) on dev.architectury.transformer.handler.TinyRemapperPreparedTransformerHandler
[Architectury Transformer DEBUG] Found class transformer
[Architectury Transformer DEBUG] Writing net/sixk/sdmshop/data/config/Config with maxs=true frames=true
[Architectury Transformer DEBUG] Transformed net/sixk/sdmshop/data/config/Config in 630.4 ?s
[Architectury Transformer DEBUG] Transforming from net/sixk/sdmshop/data/config/ConfigFile.class to net/sixk/sdmshop/data/config/ConfigFile.class with 5 transformer(s) on dev.architectury.transformer.handler.TinyRemapperPreparedTransformerHandler
[Architectury Transformer DEBUG] Found class transformer
[Architectury Transformer DEBUG] Writing net/sixk/sdmshop/data/config/ConfigFile with maxs=true frames=true
[Architectury Transformer DEBUG] Transformed net/sixk/sdmshop/data/config/ConfigFile in 837.9 ?s
[Architectury Transformer DEBUG] Transforming from net/sixk/sdmshop/shop/network/ModNetwork.class to net/sixk/sdmshop/shop/network/ModNetwork.class with 5 transformer(s) on dev.architectury.transformer.handler.TinyRemapperPreparedTransformerHandler
[Architectury Transformer DEBUG] Found class transformer
[Architectury Transformer DEBUG] Writing net/sixk/sdmshop/shop/network/ModNetwork with maxs=true frames=true
[Architectury Transformer DEBUG] Transformed net/sixk/sdmshop/shop/network/ModNetwork in 725.0 ?s
[Architectury Transformer DEBUG] Transforming from net/sixk/sdmshop/shop/network/client/BuyShopTovarC2S.class to net/sixk/sdmshop/shop/network/client/BuyShopTovarC2S.class with 5 transformer(s) on dev.architectury.transformer.handler.TinyRemapperPreparedTransformerHandler
[Architectury Transformer DEBUG] Found class transformer
[Architectury Transformer DEBUG] Writing net/sixk/sdmshop/shop/network/client/BuyShopTovarC2S with maxs=true frames=true
[Architectury Transformer DEBUG] Transformed net/sixk/sdmshop/shop/network/client/BuyShopTovarC2S in 1.013 ms
[Architectury Transformer DEBUG] Transforming from net/sixk/sdmshop/shop/network/server/SendShopDataS2C.class to net/sixk/sdmshop/shop/network/server/SendShopDataS2C.class with 5 transformer(s) on dev.architectury.transformer.handler.TinyRemapperPreparedTransformerHandler
[Architectury Transformer DEBUG] Found class transformer
[Architectury Transformer DEBUG] Writing net/sixk/sdmshop/shop/network/server/SendShopDataS2C with maxs=true frames=true
[Architectury Transformer DEBUG] Transformed net/sixk/sdmshop/shop/network/server/SendShopDataS2C in 767.1 ?s
[Architectury Transformer DEBUG] Transforming from net/sixk/sdmshop/shop/network/client/UpdateTovarDataC2S.class to net/sixk/sdmshop/shop/network/client/UpdateTovarDataC2S.class with 5 transformer(s) on dev.architectury.transformer.handler.TinyRemapperPreparedTransformerHandler
[Architectury Transformer DEBUG] Found class transformer
[Architectury Transformer DEBUG] Writing net/sixk/sdmshop/shop/network/client/UpdateTovarDataC2S with maxs=true frames=true
[Architectury Transformer DEBUG] Transformed net/sixk/sdmshop/shop/network/client/UpdateTovarDataC2S in 629.6 ?s
[Architectury Transformer DEBUG] Transforming from net/sixk/sdmshop/shop/network/client/UpdateTabDataC2S.class to net/sixk/sdmshop/shop/network/client/UpdateTabDataC2S.class with 5 transformer(s) on dev.architectury.transformer.handler.TinyRemapperPreparedTransformerHandler
[Architectury Transformer DEBUG] Found class transformer
[Architectury Transformer DEBUG] Writing net/sixk/sdmshop/shop/network/client/UpdateTabDataC2S with maxs=true frames=true
[Architectury Transformer DEBUG] Transformed net/sixk/sdmshop/shop/network/client/UpdateTabDataC2S in 762.3 ?s
[Architectury Transformer DEBUG] Transforming from net/sixk/sdmshop/shop/network/server/SendEditModeS2C.class to net/sixk/sdmshop/shop/network/server/SendEditModeS2C.class with 5 transformer(s) on dev.architectury.transformer.handler.TinyRemapperPreparedTransformerHandler
[Architectury Transformer DEBUG] Found class transformer
[Architectury Transformer DEBUG] Writing net/sixk/sdmshop/shop/network/server/SendEditModeS2C with maxs=true frames=true
[Architectury Transformer DEBUG] Transformed net/sixk/sdmshop/shop/network/server/SendEditModeS2C in 328.5 ?s
[Architectury Transformer DEBUG] Transforming from net/sixk/sdmshop/shop/network/client/SellShopTovarC2S.class to net/sixk/sdmshop/shop/network/client/SellShopTovarC2S.class with 5 transformer(s) on dev.architectury.transformer.handler.TinyRemapperPreparedTransformerHandler
[Architectury Transformer DEBUG] Found class transformer
[Architectury Transformer DEBUG] Writing net/sixk/sdmshop/shop/network/client/SellShopTovarC2S with maxs=true frames=true
[Architectury Transformer DEBUG] Transformed net/sixk/sdmshop/shop/network/client/SellShopTovarC2S in 354.3 ?s
[Architectury Transformer DEBUG] Transforming from net/sixk/sdmshop/shop/network/server/SendOpenShopScreenS2C.class to net/sixk/sdmshop/shop/network/server/SendOpenShopScreenS2C.class with 5 transformer(s) on dev.architectury.transformer.handler.TinyRemapperPreparedTransformerHandler
[Architectury Transformer DEBUG] Found class transformer
[Architectury Transformer DEBUG] Writing net/sixk/sdmshop/shop/network/server/SendOpenShopScreenS2C with maxs=true frames=true
[Architectury Transformer DEBUG] Transformed net/sixk/sdmshop/shop/network/server/SendOpenShopScreenS2C in 358.2 ?s
[Architectury Transformer DEBUG] Transforming from net/sixk/sdmshop/shop/network/server/SendConfigS2C.class to net/sixk/sdmshop/shop/network/server/SendConfigS2C.class with 5 transformer(s) on dev.architectury.transformer.handler.TinyRemapperPreparedTransformerHandler
[Architectury Transformer DEBUG] Found class transformer
[Architectury Transformer DEBUG] Writing net/sixk/sdmshop/shop/network/server/SendConfigS2C with maxs=true frames=true
[Architectury Transformer DEBUG] Transformed net/sixk/sdmshop/shop/network/server/SendConfigS2C in 420.6 ?s
[Architectury Transformer DEBUG] Transforming from net/sixk/sdmshop/shop/ShopComands.class to net/sixk/sdmshop/shop/ShopComands.class with 5 transformer(s) on dev.architectury.transformer.handler.TinyRemapperPreparedTransformerHandler
[Architectury Transformer DEBUG] Found class transformer
[Architectury Transformer DEBUG] Writing net/sixk/sdmshop/shop/ShopComands with maxs=true frames=true
[Architectury Transformer DEBUG] Transformed net/sixk/sdmshop/shop/ShopComands in 1.967 ms
[Architectury Transformer DEBUG] Transforming from net/sixk/sdmshop/shop/Tovar/TovarType/TovarItem$Constructor.class to net/sixk/sdmshop/shop/Tovar/TovarType/TovarItem$Constructor.class with 5 transformer(s) on dev.architectury.transformer.handler.TinyRemapperPreparedTransformerHandler
[Architectury Transformer DEBUG] Found class transformer
[Architectury Transformer DEBUG] Writing net/sixk/sdmshop/shop/Tovar/TovarType/TovarItem$Constructor with maxs=true frames=true
[Architectury Transformer DEBUG] Transformed net/sixk/sdmshop/shop/Tovar/TovarType/TovarItem$Constructor in 554.1 ?s
[Architectury Transformer DEBUG] Transforming from net/sixk/sdmshop/shop/Tovar/AbstractTovar.class to net/sixk/sdmshop/shop/Tovar/AbstractTovar.class with 5 transformer(s) on dev.architectury.transformer.handler.TinyRemapperPreparedTransformerHandler
[Architectury Transformer DEBUG] Found class transformer
[Architectury Transformer DEBUG] Writing net/sixk/sdmshop/shop/Tovar/AbstractTovar with maxs=true frames=true
[Architectury Transformer DEBUG] Transformed net/sixk/sdmshop/shop/Tovar/AbstractTovar in 237.8 ?s
[Architectury Transformer DEBUG] Transforming from net/sixk/sdmshop/api/IItemSerializer.class to net/sixk/sdmshop/api/IItemSerializer.class with 5 transformer(s) on dev.architectury.transformer.handler.TinyRemapperPreparedTransformerHandler
[Architectury Transformer DEBUG] Found class transformer
[Architectury Transformer DEBUG] Writing net/sixk/sdmshop/api/IItemSerializer with maxs=true frames=true
[Architectury Transformer DEBUG] Transformed net/sixk/sdmshop/api/IItemSerializer in 137.7 ?s
[Architectury Transformer DEBUG] Transforming from net/sixk/sdmshop/shop/Tovar/TovarType/TovarItem.class to net/sixk/sdmshop/shop/Tovar/TovarType/TovarItem.class with 5 transformer(s) on dev.architectury.transformer.handler.TinyRemapperPreparedTransformerHandler
[Architectury Transformer DEBUG] Found class transformer
[Architectury Transformer DEBUG] Writing net/sixk/sdmshop/shop/Tovar/TovarType/TovarItem with maxs=true frames=true
[Architectury Transformer DEBUG] Transformed net/sixk/sdmshop/shop/Tovar/TovarType/TovarItem in 1.333 ms
[Architectury Transformer DEBUG] Transforming from net/sixk/sdmshop/shop/Tovar/TovarType/TovarTypeRegister.class to net/sixk/sdmshop/shop/Tovar/TovarType/TovarTypeRegister.class with 5 transformer(s) on dev.architectury.transformer.handler.TinyRemapperPreparedTransformerHandler
[Architectury Transformer DEBUG] Found class transformer
[Architectury Transformer DEBUG] Writing net/sixk/sdmshop/shop/Tovar/TovarType/TovarTypeRegister with maxs=true frames=true
[Architectury Transformer DEBUG] Transformed net/sixk/sdmshop/shop/Tovar/TovarType/TovarTypeRegister in 218.1 ?s
[Architectury Transformer DEBUG] Transforming from net/sixk/sdmshop/shop/Tovar/TovarType/TovarXP$Constructor.class to net/sixk/sdmshop/shop/Tovar/TovarType/TovarXP$Constructor.class with 5 transformer(s) on dev.architectury.transformer.handler.TinyRemapperPreparedTransformerHandler
[Architectury Transformer DEBUG] Found class transformer
[Architectury Transformer DEBUG] Writing net/sixk/sdmshop/shop/Tovar/TovarType/TovarXP$Constructor with maxs=true frames=true
[Architectury Transformer DEBUG] Transformed net/sixk/sdmshop/shop/Tovar/TovarType/TovarXP$Constructor in 248.0 ?s
[Architectury Transformer DEBUG] Transforming from net/sixk/sdmshop/shop/Tovar/TovarType/TovarXP.class to net/sixk/sdmshop/shop/Tovar/TovarType/TovarXP.class with 5 transformer(s) on dev.architectury.transformer.handler.TinyRemapperPreparedTransformerHandler
[Architectury Transformer DEBUG] Found class transformer
[Architectury Transformer DEBUG] Writing net/sixk/sdmshop/shop/Tovar/TovarType/TovarXP with maxs=true frames=true
[Architectury Transformer DEBUG] Transformed net/sixk/sdmshop/shop/Tovar/TovarType/TovarXP in 564.1 ?s
[Architectury Transformer DEBUG] Transforming from net/sixk/sdmshop/shop/Tovar/TovarType/TovarCommand$Constructor.class to net/sixk/sdmshop/shop/Tovar/TovarType/TovarCommand$Constructor.class with 5 transformer(s) on dev.architectury.transformer.handler.TinyRemapperPreparedTransformerHandler
[Architectury Transformer DEBUG] Found class transformer
[Architectury Transformer DEBUG] Writing net/sixk/sdmshop/shop/Tovar/TovarType/TovarCommand$Constructor with maxs=true frames=true
[Architectury Transformer DEBUG] Transformed net/sixk/sdmshop/shop/Tovar/TovarType/TovarCommand$Constructor in 245.7 ?s
[Architectury Transformer DEBUG] Transforming from net/sixk/sdmshop/shop/Tovar/TovarType/TovarCommand.class to net/sixk/sdmshop/shop/Tovar/TovarType/TovarCommand.class with 5 transformer(s) on dev.architectury.transformer.handler.TinyRemapperPreparedTransformerHandler
[Architectury Transformer DEBUG] Found class transformer
[Architectury Transformer DEBUG] Writing net/sixk/sdmshop/shop/Tovar/TovarType/TovarCommand with maxs=true frames=true
[Architectury Transformer DEBUG] Transformed net/sixk/sdmshop/shop/Tovar/TovarType/TovarCommand in 572.0 ?s
[Architectury Transformer DEBUG] Transforming from net/sixk/sdmshop/shop/Tab/TovarTab.class to net/sixk/sdmshop/shop/Tab/TovarTab.class with 5 transformer(s) on dev.architectury.transformer.handler.TinyRemapperPreparedTransformerHandler
[Architectury Transformer DEBUG] Found class transformer
[Architectury Transformer DEBUG] Writing net/sixk/sdmshop/shop/Tab/TovarTab with maxs=true frames=true
[Architectury Transformer DEBUG] Transformed net/sixk/sdmshop/shop/Tab/Tovar[Architectury Transformer DEBUG] Transforming from net/sixk/sdmshop/shop/Tovar/TovarList.class to net/sixk/sdmshop/shop/Tovar/TovarList.class with 5 transformer(s) on dev.architectury.transformer.handler.TinyRemapperPreparedTransformerHandler
[Architectury Transformer DEBUG] Found class transformer
[Architectury Transformer DEBUG] Writing net/sixk/sdmshop/shop/Tovar/TovarList with maxs=true frames=true
[Architectury Transformer DEBUG] Transformed net/sixk/sdmshop/shop/Tovar/TovarList in 1.158 ms
[Architectury Transformer DEBUG] Transforming from net/sixk/sdmshop/shop/Tab/TovarTab.class to net/sixk/sdmshop/shop/Tab/TovarTab.class with 5 transformer(s) on dev.architectury.transformer.handler.TinyRemapperPreparedTransformerHandler
[Architectury Transformer DEBUG] Found class transformer
[Architectury Transformer DEBUG] Writing net/sixk/sdmshop/shop/Tab/TovarTab with maxs=true frames=true
[Architectury Transformer DEBUG] Transformed net/sixk/sdmshop/shop/Tab/TovarTab in 906.2 ?s
[Architectury Transformer DEBUG] Transforming from net/sixk/sdmshop/shop/ShopPage.class to net/sixk/sdmshop/shop/ShopPage.class with 5 transformer(s) on dev.architectury.transformer.handler.TinyRemapperPreparedTransformerHandler
[Architectury Transformer DEBUG] Found class transformer
[Architectury Transformer DEBUG] Writing net/sixk/sdmshop/shop/ShopPage with maxs=true frames=true
[Architectury Transformer DEBUG] Transformed net/sixk/sdmshop/shop/ShopPage in 1.639 ms
[Architectury Transformer DEBUG] Transforming from net/sixk/sdmshop/shop/widgets/Search.class to net/sixk/sdmshop/shop/widgets/Search.class with 5 transformer(s) on dev.architectury.transformer.handler.TinyRemapperPreparedTransformerHandler
[Architectury Transformer DEBUG] Found class transformer
[Architectury Transformer DEBUG] Writing net/sixk/sdmshop/shop/widgets/Search with maxs=true frames=true
[Architectury Transformer DEBUG] Transformed net/sixk/sdmshop/shop/widgets/Search in 489.4 ?s
[Architectury Transformer DEBUG] Transforming from net/sixk/sdmshop/shop/ShopEntriesPanel.class to net/sixk/sdmshop/shop/ShopEntriesPanel.class with 5 transformer(s) on dev.architectury.transformer.handler.TinyRemapperPreparedTransformerHandler
[Architectury Transformer DEBUG] Found class transformer
[Architectury Transformer DEBUG] Writing net/sixk/sdmshop/shop/ShopEntriesPanel with maxs=true frames=true
[Architectury Transformer DEBUG] Transformed net/sixk/sdmshop/shop/ShopEntriesPanel in 289.8 ?s
[Architectury Transformer DEBUG] Transforming from net/sixk/sdmshop/shop/ShopPage$1.class to net/sixk/sdmshop/shop/ShopPage$1.class with 5 transformer(s) on dev.architectury.transformer.handler.TinyRemapperPreparedTransformerHandler
[Architectury Transformer DEBUG] Found class transformer
[Architectury Transformer DEBUG] Writing net/sixk/sdmshop/shop/ShopPage$1 with maxs=true frames=true
[Architectury Transformer DEBUG] Transformed net/sixk/sdmshop/shop/ShopPage$1 in 368.0 ?s
[Architectury Transformer DEBUG] Transforming from net/sixk/sdmshop/shop/Tab/TabPanel.class to net/sixk/sdmshop/shop/Tab/TabPanel.class with 5 transformer(s) on dev.architectury.transformer.handler.TinyRemapperPreparedTransformerHandler
[Architectury Transformer DEBUG] Found class transformer
[Architectury Transformer DEBUG] Writing net/sixk/sdmshop/shop/Tab/TabPanel with maxs=true frames=true
[Architectury Transformer DEBUG] Transformed net/sixk/sdmshop/shop/Tab/TabPanel in 537.5 ?s
[Architectury Transformer DEBUG] Transforming from net/sixk/sdmshop/shop/widgets/EntryPanel.class to net/sixk/sdmshop/shop/widgets/EntryPanel.class with 5 transformer(s) on dev.architectury.transformer.handler.TinyRemapperPreparedTransformerHandler
[Architectury Transformer DEBUG] Found class transformer
[Architectury Transformer DEBUG] Writing net/sixk/sdmshop/shop/widgets/EntryPanel with maxs=true frames=true
[Architectury Transformer DEBUG] Transformed net/sixk/sdmshop/shop/widgets/EntryPanel in 612.5 ?s
[Architectury Transformer DEBUG] Transforming from net/sixk/sdmshop/shop/Tab/TabRender.class to net/sixk/sdmshop/shop/Tab/TabRender.class with 5 transformer(s) on dev.architectury.transformer.handler.TinyRemapperPreparedTransformerHandler
[Architectury Transformer DEBUG] Found class transformer
[Architectury Transformer DEBUG] Writing net/sixk/sdmshop/shop/Tab/TabRender with maxs=true frames=true
[Architectury Transformer DEBUG] Transformed net/sixk/sdmshop/shop/Tab/TabRender in 451.2 ?s
[Architectury Transformer DEBUG] Transforming from net/sixk/sdmshop/shop/Tovar/TovarPanel.class to net/sixk/sdmshop/shop/Tovar/TovarPanel.class with 5 transformer(s) on dev.architectury.transformer.handler.TinyRemapperPreparedTransformerHandler
[Architectury Transformer DEBUG] Found class transformer
[Architectury Transformer DEBUG] Writing net/sixk/sdmshop/shop/Tovar/TovarPanel with maxs=true frames=true
[Architectury Transformer DEBUG] Transformed net/sixk/sdmshop/shop/Tovar/TovarPanel in 760.0 ?s
[Architectury Transformer DEBUG] Transforming from net/sixk/sdmshop/shop/modern/ModernTovarPanel.class to net/sixk/sdmshop/shop/modern/ModernTovarPanel.class with 5 transformer(s) on dev.architectury.transformer.handler.TinyRemapperPreparedTransformerHandler
[Architectury Transformer DEBUG] Found class transformer
[Architectury Transformer DEBUG] Writing net/sixk/sdmshop/shop/modern/ModernTovarPanel with maxs=true frames=true
[Architectury Transformer DEBUG] Transformed net/sixk/sdmshop/shop/modern/ModernTovarPanel in 296.8 ?s
[Architectury Transformer DEBUG] Transforming from net/sixk/sdmshop/shop/PlayerBasket.class to net/sixk/sdmshop/shop/PlayerBasket.class with 5 transformer(s) on dev.architectury.transformer.handler.TinyRemapperPreparedTransformerHandler
[Architectury Transformer DEBUG] Found class transformer
[Architectury Transformer DEBUG] Writing net/sixk/sdmshop/shop/PlayerBasket with maxs=true frames=true
[Architectury Transformer DEBUG] Transformed net/sixk/sdmshop/shop/PlayerBasket in 661.6 ?s
[Architectury Transformer DEBUG] Transforming from net/sixk/sdmshop/mixin/TextFieldMixin.class to net/sixk/sdmshop/mixin/TextFieldMixin.class with 5 transformer(s) on dev.architectury.transformer.handler.TinyRemapperPreparedTransformerHandler
[Architectury Transformer DEBUG] Found class transformer
[Architectury Transformer DEBUG] Writing net/sixk/sdmshop/mixin/TextFieldMixin with maxs=true frames=true
[Architectury Transformer DEBUG] Transformed net/sixk/sdmshop/mixin/TextFieldMixin in 482.7 ?s
[Architectury Transformer DEBUG] Transforming from net/sixk/sdmshop/shop/PlayerBasket$1.class to net/sixk/sdmshop/shop/PlayerBasket$1.class with 5 transformer(s) on dev.architectury.transformer.handler.TinyRemapperPreparedTransformerHandler
[Architectury Transformer DEBUG] Found class transformer
[Architectury Transformer DEBUG] Writing net/sixk/sdmshop/shop/PlayerBasket$1 with maxs=true frames=true
[Architectury Transformer DEBUG] Transformed net/sixk/sdmshop/shop/PlayerBasket$1 in 493.4 ?s
[Architectury Transformer DEBUG] Transforming from net/sixk/sdmshop/shop/WalletRender.class to net/sixk/sdmshop/shop/WalletRender.class with 5 transformer(s) on dev.architectury.transformer.handler.TinyRemapperPreparedTransformerHandler
[Architectury Transformer DEBUG] Found class transformer
[Architectury Transformer DEBUG] Writing net/sixk/sdmshop/shop/WalletRender with maxs=true frames=true
[Architectury Transformer DEBUG] Transformed net/sixk/sdmshop/shop/WalletRender in 743.2 ?s
[Architectury Transformer DEBUG] Transforming from net/sixk/sdmshop/shop/modern/ModernWalletRender.class to net/sixk/sdmshop/shop/modern/ModernWalletRender.class with 5 transformer(s) on dev.architectury.transformer.handler.TinyRemapperPreparedTransformerHandler
[Architectury Transformer DEBUG] Found class transformer
[Architectury Transformer DEBUG] Writing net/sixk/sdmshop/shop/modern/ModernWalletRender with maxs=true frames=true
[Architectury Transformer DEBUG] Transformed net/sixk/sdmshop/shop/modern/ModernWalletRender in 251.8 ?s
